# JRE version: OpenJDK Runtime Environment Temurin-21.0.11+10 (21.0.11+10) (build 21.0.11+10-LTS)
# Java VM: OpenJDK 64-Bit Server VM Temurin-21.0.11+10 (21.0.11+10-LTS, mixed mode, sharing, tiered, compressed oops, compressed class ptrs, parallel gc, windows-amd64)
GC Precious Log:
 CardTable entry size: 512
 CPUs: 8 total, 8 available
 Memory: 12055M
 Large Page Support: Disabled
 NUMA Support: Disabled
 Compressed Oops: Enabled (32-bit)
 Alignments: Space 512K, Generation 512K, Heap 2M
 Heap Min Capacity: 100M
 Heap Initial Capacity: 100M
 Heap Max Capacity: 2G
 Pre-touch: Disabled
 Parallel Workers: 8
Heap:
 PSYoungGen      total 18944K, used 10867K [0x00000000d5580000, 0x00000000d6a80000, 0x0000000100000000)
  eden space 17408K, 54% used [0x00000000d5580000,0x00000000d5eb5048,0x00000000d6680000)
  from space 1536K, 93% used [0x00000000d6900000,0x00000000d6a67cb8,0x00000000d6a80000)
  to   space 1536K, 0% used [0x00000000d6780000,0x00000000d6780000,0x00000000d6900000)
 ParOldGen       total 68608K, used 45654K [0x0000000080000000, 0x0000000084300000, 0x00000000d5580000)
  object space 68608K, 66% used [0x0000000080000000,0x0000000082c95a58,0x0000000084300000)
 Metaspace       used 66256K, committed 67584K, reserved 1114112K
  class space    used 7117K, committed 7744K, reserved 1048576K
GC Heap History (20 events):
Event: 32.220 GC heap before
{Heap before GC invocations=32 (full 2):
 PSYoungGen      total 18944K, used 18498K [0x00000000d5580000, 0x00000000d6d80000, 0x0000000100000000)
  eden space 17408K, 99% used [0x00000000d5580000,0x00000000d66728c0,0x00000000d6680000)
  from space 1536K, 74% used [0x00000000d6680000,0x00000000d679e2e8,0x00000000d6800000)
  to   space 3072K, 0% used [0x00000000d6a80000,0x00000000d6a80000,0x00000000d6d80000)
 ParOldGen       total 68608K, used 41386K [0x0000000080000000, 0x0000000084300000, 0x00000000d5580000)
  object space 68608K, 60% used [0x0000000080000000,0x000000008286a890,0x0000000084300000)
 Metaspace       used 55550K, committed 56704K, reserved 1114112K
  class space    used 6109K, committed 6656K, reserved 1048576K
}
Event: 32.221 GC heap after
{Heap after GC invocations=32 (full 2):
 PSYoungGen      total 17920K, used 320K [0x00000000d5580000, 0x00000000d6b00000, 0x0000000100000000)
  eden space 17408K, 0% used [0x00000000d5580000,0x00000000d5580000,0x00000000d6680000)
  from space 512K, 62% used [0x00000000d6a80000,0x00000000d6ad0000,0x00000000d6b00000)
  to   space 1024K, 0% used [0x00000000d6900000,0x00000000d6900000,0x00000000d6a00000)
 ParOldGen       total 68608K, used 42423K [0x0000000080000000, 0x0000000084300000, 0x00000000d5580000)
  object space 68608K, 61% used [0x0000000080000000,0x000000008296de68,0x0000000084300000)
 Metaspace       used 55550K, committed 56704K, reserved 1114112K
  class space    used 6109K, committed 6656K, reserved 1048576K
}
Event: 32.458 GC heap before
{Heap before GC invocations=33 (full 2):
 PSYoungGen      total 17920K, used 17728K [0x00000000d5580000, 0x00000000d6b00000, 0x0000000100000000)
  eden space 17408K, 100% used [0x00000000d5580000,0x00000000d6680000,0x00000000d6680000)
  from space 512K, 62% used [0x00000000d6a80000,0x00000000d6ad0000,0x00000000d6b00000)
  to   space 1024K, 0% used [0x00000000d6900000,0x00000000d6900000,0x00000000d6a00000)
 ParOldGen       total 68608K, used 42423K [0x0000000080000000, 0x0000000084300000, 0x00000000d5580000)
  object space 68608K, 61% used [0x0000000080000000,0x000000008296de68,0x0000000084300000)
 Metaspace       used 56851K, committed 57984K, reserved 1114112K
  class space    used 6199K, committed 6720K, reserved 1048576K
}
Event: 32.463 GC heap after
{Heap after GC invocations=33 (full 2):
 PSYoungGen      total 18432K, used 992K [0x00000000d5580000, 0x00000000d6b80000, 0x0000000100000000)
  eden space 17408K, 0% used [0x00000000d5580000,0x00000000d5580000,0x00000000d6680000)
  from space 1024K, 96% used [0x00000000d6900000,0x00000000d69f8130,0x00000000d6a00000)
  to   space 1536K, 0% used [0x00000000d6a00000,0x00000000d6a00000,0x00000000d6b80000)
 ParOldGen       total 68608K, used 43468K [0x0000000080000000, 0x0000000084300000, 0x00000000d5580000)
  object space 68608K, 63% used [0x0000000080000000,0x0000000082a73100,0x0000000084300000)
 Metaspace       used 56851K, committed 57984K, reserved 1114112K
  class space    used 6199K, committed 6720K, reserved 1048576K
}
Event: 32.555 GC heap before
{Heap before GC invocations=34 (full 2):
 PSYoungGen      total 18432K, used 18400K [0x00000000d5580000, 0x00000000d6b80000, 0x0000000100000000)
  eden space 17408K, 100% used [0x00000000d5580000,0x00000000d6680000,0x00000000d6680000)
  from space 1024K, 96% used [0x00000000d6900000,0x00000000d69f8130,0x00000000d6a00000)
  to   space 1536K, 0% used [0x00000000d6a00000,0x00000000d6a00000,0x00000000d6b80000)
 ParOldGen       total 68608K, used 43468K [0x0000000080000000, 0x0000000084300000, 0x00000000d5580000)
  object space 68608K, 63% used [0x0000000080000000,0x0000000082a73100,0x0000000084300000)
 Metaspace       used 56877K, committed 57984K, reserved 1114112K
  class space    used 6199K, committed 6720K, reserved 1048576K
}
Event: 32.557 GC heap after
{Heap after GC invocations=34 (full 2):
 PSYoungGen      total 18432K, used 790K [0x00000000d5580000, 0x00000000d6b00000, 0x0000000100000000)
  eden space 17408K, 0% used [0x00000000d5580000,0x00000000d5580000,0x00000000d6680000)
  from space 1024K, 77% used [0x00000000d6a00000,0x00000000d6ac59d0,0x00000000d6b00000)
  to   space 1536K, 0% used [0x00000000d6800000,0x00000000d6800000,0x00000000d6980000)
 ParOldGen       total 68608K, used 44248K [0x0000000080000000, 0x0000000084300000, 0x00000000d5580000)
  object space 68608K, 64% used [0x0000000080000000,0x0000000082b36278,0x0000000084300000)
 Metaspace       used 56877K, committed 57984K, reserved 1114112K
  class space    used 6199K, committed 6720K, reserved 1048576K
}
Event: 32.740 GC heap before
{Heap before GC invocations=35 (full 2):
 PSYoungGen      total 18432K, used 18198K [0x00000000d5580000, 0x00000000d6b00000, 0x0000000100000000)
  eden space 17408K, 100% used [0x00000000d5580000,0x00000000d6680000,0x00000000d6680000)
  from space 1024K, 77% used [0x00000000d6a00000,0x00000000d6ac59d0,0x00000000d6b00000)
  to   space 1536K, 0% used [0x00000000d6800000,0x00000000d6800000,0x00000000d6980000)
 ParOldGen       total 68608K, used 44248K [0x0000000080000000, 0x0000000084300000, 0x00000000d5580000)
  object space 68608K, 64% used [0x0000000080000000,0x0000000082b362a8,0x0000000084300000)
 Metaspace       used 57982K, committed 59136K, reserved 1114112K
  class space    used 6297K, committed 6848K, reserved 1048576K
}
Event: 32.741 GC heap after
{Heap after GC invocations=35 (full 2):
 PSYoungGen      total 18944K, used 338K [0x00000000d5580000, 0x00000000d6a80000, 0x0000000100000000)
  eden space 17408K, 0% used [0x00000000d5580000,0x00000000d5580000,0x00000000d6680000)
  from space 1536K, 22% used [0x00000000d6800000,0x00000000d6854a20,0x00000000d6980000)
  to   space 1024K, 0% used [0x00000000d6980000,0x00000000d6980000,0x00000000d6a80000)
 ParOldGen       total 68608K, used 44280K [0x0000000080000000, 0x0000000084300000, 0x00000000d5580000)
  object space 68608K, 64% used [0x0000000080000000,0x0000000082b3e2a8,0x0000000084300000)
 Metaspace       used 57982K, committed 59136K, reserved 1114112K
  class space    used 6297K, committed 6848K, reserved 1048576K
}
Event: 33.793 GC heap before
{Heap before GC invocations=36 (full 2):
 PSYoungGen      total 18944K, used 17229K [0x00000000d5580000, 0x00000000d6a80000, 0x0000000100000000)
  eden space 17408K, 97% used [0x00000000d5580000,0x00000000d65febb8,0x00000000d6680000)
  from space 1536K, 22% used [0x00000000d6800000,0x00000000d6854a20,0x00000000d6980000)
  to   space 1024K, 0% used [0x00000000d6980000,0x00000000d6980000,0x00000000d6a80000)
 ParOldGen       total 68608K, used 44280K [0x0000000080000000, 0x0000000084300000, 0x00000000d5580000)
  object space 68608K, 64% used [0x0000000080000000,0x0000000082b3e2a8,0x0000000084300000)
 Metaspace       used 59119K, committed 60288K, reserved 1114112K
  class space    used 6400K, committed 6976K, reserved 1048576K
}
Event: 33.797 GC heap after
{Heap after GC invocations=36 (full 2):
 PSYoungGen      total 18432K, used 663K [0x00000000d5580000, 0x00000000d6a80000, 0x0000000100000000)
  eden space 17408K, 0% used [0x00000000d5580000,0x00000000d5580000,0x00000000d6680000)
  from space 1024K, 64% used [0x00000000d6980000,0x00000000d6a25fc8,0x00000000d6a80000)
  to   space 1024K, 0% used [0x00000000d6880000,0x00000000d6880000,0x00000000d6980000)
 ParOldGen       total 68608K, used 44384K [0x0000000080000000, 0x0000000084300000, 0x00000000d5580000)
  object space 68608K, 64% used [0x0000000080000000,0x0000000082b582a8,0x0000000084300000)
 Metaspace       used 59119K, committed 60288K, reserved 1114112K
  class space    used 6400K, committed 6976K, reserved 1048576K
}
Event: 33.797 GC heap before
{Heap before GC invocations=37 (full 3):
 PSYoungGen      total 18432K, used 663K [0x00000000d5580000, 0x00000000d6a80000, 0x0000000100000000)
  eden space 17408K, 0% used [0x00000000d5580000,0x00000000d5580000,0x00000000d6680000)
  from space 1024K, 64% used [0x00000000d6980000,0x00000000d6a25fc8,0x00000000d6a80000)
  to   space 1024K, 0% used [0x00000000d6880000,0x00000000d6880000,0x00000000d6980000)
 ParOldGen       total 68608K, used 44384K [0x0000000080000000, 0x0000000084300000, 0x00000000d5580000)
  object space 68608K, 64% used [0x0000000080000000,0x0000000082b582a8,0x0000000084300000)
 Metaspace       used 59119K, committed 60288K, reserved 1114112K
  class space    used 6400K, committed 6976K, reserved 1048576K
}
Event: 33.921 GC heap after
{Heap after GC invocations=37 (full 3):
 PSYoungGen      total 18432K, used 0K [0x00000000d5580000, 0x00000000d6a80000, 0x0000000100000000)
  eden space 17408K, 0% used [0x00000000d5580000,0x00000000d5580000,0x00000000d6680000)
  from space 1024K, 0% used [0x00000000d6980000,0x00000000d6980000,0x00000000d6a80000)
  to   space 1024K, 0% used [0x00000000d6880000,0x00000000d6880000,0x00000000d6980000)
 ParOldGen       total 68608K, used 41384K [0x0000000080000000, 0x0000000084300000, 0x00000000d5580000)
  object space 68608K, 60% used [0x0000000080000000,0x000000008286a388,0x0000000084300000)
 Metaspace       used 59119K, committed 60288K, reserved 1114112K
  class space    used 6400K, committed 6976K, reserved 1048576K
}
Event: 34.251 GC heap before
{Heap before GC invocations=38 (full 3):
 PSYoungGen      total 18432K, used 17408K [0x00000000d5580000, 0x00000000d6a80000, 0x0000000100000000)
  eden space 17408K, 100% used [0x00000000d5580000,0x00000000d6680000,0x00000000d6680000)
  from space 1024K, 0% used [0x00000000d6980000,0x00000000d6980000,0x00000000d6a80000)
  to   space 1024K, 0% used [0x00000000d6880000,0x00000000d6880000,0x00000000d6980000)
 ParOldGen       total 68608K, used 41459K [0x0000000080000000, 0x0000000084300000, 0x00000000d5580000)
  object space 68608K, 60% used [0x0000000080000000,0x000000008287cf78,0x0000000084300000)
 Metaspace       used 60760K, committed 62016K, reserved 1114112K
  class space    used 6589K, committed 7168K, reserved 1048576K
}
Event: 34.255 GC heap after
{Heap after GC invocations=38 (full 3):
 PSYoungGen      total 18432K, used 1017K [0x00000000d5580000, 0x00000000d6b80000, 0x0000000100000000)
  eden space 17408K, 0% used [0x00000000d5580000,0x00000000d5580000,0x00000000d6680000)
  from space 1024K, 99% used [0x00000000d6880000,0x00000000d697e490,0x00000000d6980000)
  to   space 2048K, 0% used [0x00000000d6980000,0x00000000d6980000,0x00000000d6b80000)
 ParOldGen       total 68608K, used 42433K [0x0000000080000000, 0x0000000084300000, 0x00000000d5580000)
  object space 68608K, 61% used [0x0000000080000000,0x00000000829704a8,0x0000000084300000)
 Metaspace       used 60760K, committed 62016K, reserved 1114112K
  class space    used 6589K, committed 7168K, reserved 1048576K
}
Event: 34.790 GC heap before
{Heap before GC invocations=39 (full 3):
 PSYoungGen      total 18432K, used 18425K [0x00000000d5580000, 0x00000000d6b80000, 0x0000000100000000)
  eden space 17408K, 100% used [0x00000000d5580000,0x00000000d6680000,0x00000000d6680000)
  from space 1024K, 99% used [0x00000000d6880000,0x00000000d697e490,0x00000000d6980000)
  to   space 2048K, 0% used [0x00000000d6980000,0x00000000d6980000,0x00000000d6b80000)
 ParOldGen       total 68608K, used 42435K [0x0000000080000000, 0x0000000084300000, 0x00000000d5580000)
  object space 68608K, 61% used [0x0000000080000000,0x0000000082970f90,0x0000000084300000)
 Metaspace       used 62715K, committed 64000K, reserved 1114112K
  class space    used 6793K, committed 7360K, reserved 1048576K
}
Event: 34.795 GC heap after
{Heap after GC invocations=39 (full 3):
 PSYoungGen      total 18944K, used 1305K [0x00000000d5580000, 0x00000000d6b00000, 0x0000000100000000)
  eden space 17408K, 0% used [0x00000000d5580000,0x00000000d5580000,0x00000000d6680000)
  from space 1536K, 85% used [0x00000000d6980000,0x00000000d6ac6750,0x00000000d6b00000)
  to   space 2048K, 0% used [0x00000000d6700000,0x00000000d6700000,0x00000000d6900000)
 ParOldGen       total 68608K, used 43336K [0x0000000080000000, 0x0000000084300000, 0x00000000d5580000)
  object space 68608K, 63% used [0x0000000080000000,0x0000000082a52278,0x0000000084300000)
 Metaspace       used 62715K, committed 64000K, reserved 1114112K
  class space    used 6793K, committed 7360K, reserved 1048576K
}
Event: 35.316 GC heap before
{Heap before GC invocations=40 (full 3):
 PSYoungGen      total 18944K, used 17520K [0x00000000d5580000, 0x00000000d6b00000, 0x0000000100000000)
  eden space 17408K, 93% used [0x00000000d5580000,0x00000000d6555c30,0x00000000d6680000)
  from space 1536K, 85% used [0x00000000d6980000,0x00000000d6ac6750,0x00000000d6b00000)
  to   space 2048K, 0% used [0x00000000d6700000,0x00000000d6700000,0x00000000d6900000)
 ParOldGen       total 68608K, used 43336K [0x0000000080000000, 0x0000000084300000, 0x00000000d5580000)
  object space 68608K, 63% used [0x0000000080000000,0x0000000082a52278,0x0000000084300000)
 Metaspace       used 64534K, committed 65792K, reserved 1114112K
  class space    used 6976K, committed 7552K, reserved 1048576K
}
Event: 35.321 GC heap after
{Heap after GC invocations=40 (full 3):
 PSYoungGen      total 19456K, used 1633K [0x00000000d5580000, 0x00000000d6a80000, 0x0000000100000000)
  eden space 17408K, 0% used [0x00000000d5580000,0x00000000d5580000,0x00000000d6680000)
  from space 2048K, 79% used [0x00000000d6700000,0x00000000d6898790,0x00000000d6900000)
  to   space 1536K, 0% used [0x00000000d6900000,0x00000000d6900000,0x00000000d6a80000)
 ParOldGen       total 68608K, used 44313K [0x0000000080000000, 0x0000000084300000, 0x00000000d5580000)
  object space 68608K, 64% used [0x0000000080000000,0x0000000082b46788,0x0000000084300000)
 Metaspace       used 64534K, committed 65792K, reserved 1114112K
  class space    used 6976K, committed 7552K, reserved 1048576K
}
Event: 35.998 GC heap before
{Heap before GC invocations=41 (full 3):
 PSYoungGen      total 19456K, used 19041K [0x00000000d5580000, 0x00000000d6a80000, 0x0000000100000000)
  eden space 17408K, 100% used [0x00000000d5580000,0x00000000d6680000,0x00000000d6680000)
  from space 2048K, 79% used [0x00000000d6700000,0x00000000d6898790,0x00000000d6900000)
  to   space 1536K, 0% used [0x00000000d6900000,0x00000000d6900000,0x00000000d6a80000)
 ParOldGen       total 68608K, used 44313K [0x0000000080000000, 0x0000000084300000, 0x00000000d5580000)
  object space 68608K, 64% used [0x0000000080000000,0x0000000082b46788,0x0000000084300000)
 Metaspace       used 65782K, committed 67072K, reserved 1114112K
  class space    used 7087K, committed 7680K, reserved 1048576K
}
Event: 36.002 GC heap after
{Heap after GC invocations=41 (full 3):
 PSYoungGen      total 18944K, used 1439K [0x00000000d5580000, 0x00000000d6a80000, 0x0000000100000000)
  eden space 17408K, 0% used [0x00000000d5580000,0x00000000d5580000,0x00000000d6680000)
  from space 1536K, 93% used [0x00000000d6900000,0x00000000d6a67cb8,0x00000000d6a80000)
  to   space 1536K, 0% used [0x00000000d6780000,0x00000000d6780000,0x00000000d6900000)
 ParOldGen       total 68608K, used 45654K [0x0000000080000000, 0x0000000084300000, 0x00000000d5580000)
  object space 68608K, 66% used [0x0000000080000000,0x0000000082c95a58,0x0000000084300000)
 Metaspace       used 65782K, committed 67072K, reserved 1114112K
  class space    used 7087K, committed 7680K, reserved 1048576K
}

