# JRE version: OpenJDK Runtime Environment Temurin-21.0.11+10 (21.0.11+10) (build 21.0.11+10-LTS)
# Java VM: OpenJDK 64-Bit Server VM Temurin-21.0.11+10 (21.0.11+10-LTS, mixed mode, sharing, tiered, compressed oops, compressed class ptrs, parallel gc, windows-amd64)
GC Precious Log:
 CardTable entry size: 512
 CPUs: 8 total, 8 available
 Memory: 12055M
 Large Page Support: Disabled
 NUMA Support: Disabled
 Compressed Oops: Enabled (32-bit)
 Alignments: Space 512K, Generation 512K, Heap 2M
 Heap Min Capacity: 100M
 Heap Initial Capacity: 100M
 Heap Max Capacity: 2G
 Pre-touch: Disabled
 Parallel Workers: 8
Heap:
 PSYoungGen      total 8192K, used 4641K [0x00000000d5580000, 0x00000000d6000000, 0x0000000100000000)
  eden space 7680K, 55% used [0x00000000d5580000,0x00000000d59a4730,0x00000000d5d00000)
  from space 512K, 78% used [0x00000000d5e80000,0x00000000d5ee4010,0x00000000d5f00000)
  to   space 1024K, 0% used [0x00000000d5f00000,0x00000000d5f00000,0x00000000d6000000)
 ParOldGen       total 116736K, used 116356K [0x0000000080000000, 0x0000000087200000, 0x00000000d5580000)
  object space 116736K, 99% used [0x0000000080000000,0x00000000871a1248,0x0000000087200000)
 Metaspace       used 78016K, committed 79616K, reserved 1179648K
  class space    used 7985K, committed 8640K, reserved 1048576K
GC Heap History (20 events):
Event: 94.239 GC heap before
{Heap before GC invocations=109 (full 3):
 PSYoungGen      total 9216K, used 9190K [0x00000000d5580000, 0x00000000d6400000, 0x0000000100000000)
  eden space 8704K, 99% used [0x00000000d5580000,0x00000000d5dfdb00,0x00000000d5e00000)
  from space 512K, 96% used [0x00000000d5f80000,0x00000000d5ffc010,0x00000000d6000000)
  to   space 2048K, 0% used [0x00000000d6200000,0x00000000d6200000,0x00000000d6400000)
 ParOldGen       total 102400K, used 102108K [0x0000000080000000, 0x0000000086400000, 0x00000000d5580000)
  object space 102400K, 99% used [0x0000000080000000,0x00000000863b72e0,0x0000000086400000)
 Metaspace       used 77948K, committed 79552K, reserved 1179648K
  class space    used 7982K, committed 8640K, reserved 1048576K
}
Event: 94.240 GC heap after
{Heap after GC invocations=109 (full 3):
 PSYoungGen      total 9728K, used 720K [0x00000000d5580000, 0x00000000d6300000, 0x0000000100000000)
  eden space 8704K, 0% used [0x00000000d5580000,0x00000000d5580000,0x00000000d5e00000)
  from space 1024K, 70% used [0x00000000d6200000,0x00000000d62b4010,0x00000000d6300000)
  to   space 1024K, 0% used [0x00000000d6100000,0x00000000d6100000,0x00000000d6200000)
 ParOldGen       total 102400K, used 102279K [0x0000000080000000, 0x0000000086400000, 0x00000000d5580000)
  object space 102400K, 99% used [0x0000000080000000,0x00000000863e1ff0,0x0000000086400000)
 Metaspace       used 77948K, committed 79552K, reserved 1179648K
  class space    used 7982K, committed 8640K, reserved 1048576K
}
Event: 94.316 GC heap before
{Heap before GC invocations=110 (full 3):
 PSYoungGen      total 9728K, used 9424K [0x00000000d5580000, 0x00000000d6300000, 0x0000000100000000)
  eden space 8704K, 99% used [0x00000000d5580000,0x00000000d5dffff8,0x00000000d5e00000)
  from space 1024K, 70% used [0x00000000d6200000,0x00000000d62b4010,0x00000000d6300000)
  to   space 1024K, 0% used [0x00000000d6100000,0x00000000d6100000,0x00000000d6200000)
 ParOldGen       total 102400K, used 102279K [0x0000000080000000, 0x0000000086400000, 0x00000000d5580000)
  object space 102400K, 99% used [0x0000000080000000,0x00000000863e1ff0,0x0000000086400000)
 Metaspace       used 77951K, committed 79552K, reserved 1179648K
  class space    used 7982K, committed 8640K, reserved 1048576K
}
Event: 94.321 GC heap after
{Heap after GC invocations=110 (full 3):
 PSYoungGen      total 9728K, used 1007K [0x00000000d5580000, 0x00000000d6c00000, 0x0000000100000000)
  eden space 8704K, 0% used [0x00000000d5580000,0x00000000d5580000,0x00000000d5e00000)
  from space 1024K, 98% used [0x00000000d6100000,0x00000000d61fbc10,0x00000000d6200000)
  to   space 7168K, 0% used [0x00000000d6500000,0x00000000d6500000,0x00000000d6c00000)
 ParOldGen       total 107520K, used 107229K [0x0000000080000000, 0x0000000086900000, 0x00000000d5580000)
  object space 107520K, 99% used [0x0000000080000000,0x00000000868b74a0,0x0000000086900000)
 Metaspace       used 77951K, committed 79552K, reserved 1179648K
  class space    used 7982K, committed 8640K, reserved 1048576K
}
Event: 94.773 GC heap before
{Heap before GC invocations=111 (full 3):
 PSYoungGen      total 9728K, used 9710K [0x00000000d5580000, 0x00000000d6c00000, 0x0000000100000000)
  eden space 8704K, 99% used [0x00000000d5580000,0x00000000d5dfffe8,0x00000000d5e00000)
  from space 1024K, 98% used [0x00000000d6100000,0x00000000d61fbc10,0x00000000d6200000)
  to   space 7168K, 0% used [0x00000000d6500000,0x00000000d6500000,0x00000000d6c00000)
 ParOldGen       total 107520K, used 107229K [0x0000000080000000, 0x0000000086900000, 0x00000000d5580000)
  object space 107520K, 99% used [0x0000000080000000,0x00000000868b74a0,0x0000000086900000)
 Metaspace       used 77954K, committed 79552K, reserved 1179648K
  class space    used 7982K, committed 8640K, reserved 1048576K
}
Event: 94.777 GC heap after
{Heap after GC invocations=111 (full 3):
 PSYoungGen      total 12288K, used 3224K [0x00000000d5580000, 0x00000000d6880000, 0x0000000100000000)
  eden space 8704K, 0% used [0x00000000d5580000,0x00000000d5580000,0x00000000d5e00000)
  from space 3584K, 89% used [0x00000000d6500000,0x00000000d6826340,0x00000000d6880000)
  to   space 4608K, 0% used [0x00000000d5f80000,0x00000000d5f80000,0x00000000d6400000)
 ParOldGen       total 108032K, used 107645K [0x0000000080000000, 0x0000000086980000, 0x00000000d5580000)
  object space 108032K, 99% used [0x0000000080000000,0x000000008691f4b0,0x0000000086980000)
 Metaspace       used 77954K, committed 79552K, reserved 1179648K
  class space    used 7982K, committed 8640K, reserved 1048576K
}
Event: 95.668 GC heap before
{Heap before GC invocations=112 (full 3):
 PSYoungGen      total 12288K, used 11928K [0x00000000d5580000, 0x00000000d6880000, 0x0000000100000000)
  eden space 8704K, 99% used [0x00000000d5580000,0x00000000d5dffff8,0x00000000d5e00000)
  from space 3584K, 89% used [0x00000000d6500000,0x00000000d6826340,0x00000000d6880000)
  to   space 4608K, 0% used [0x00000000d5f80000,0x00000000d5f80000,0x00000000d6400000)
 ParOldGen       total 108032K, used 107645K [0x0000000080000000, 0x0000000086980000, 0x00000000d5580000)
  object space 108032K, 99% used [0x0000000080000000,0x000000008691f4b0,0x0000000086980000)
 Metaspace       used 77965K, committed 79552K, reserved 1179648K
  class space    used 7982K, committed 8640K, reserved 1048576K
}
Event: 97.685 GC heap after
{Heap after GC invocations=112 (full 3):
 PSYoungGen      total 9728K, used 896K [0x00000000d5580000, 0x00000000d6580000, 0x0000000100000000)
  eden space 8704K, 0% used [0x00000000d5580000,0x00000000d5580000,0x00000000d5e00000)
  from space 1024K, 87% used [0x00000000d5f80000,0x00000000d6060000,0x00000000d6080000)
  to   space 2048K, 0% used [0x00000000d6380000,0x00000000d6380000,0x00000000d6580000)
 ParOldGen       total 111104K, used 110676K [0x0000000080000000, 0x0000000086c80000, 0x00000000d5580000)
  object space 111104K, 99% used [0x0000000080000000,0x0000000086c152f8,0x0000000086c80000)
 Metaspace       used 77965K, committed 79552K, reserved 1179648K
  class space    used 7982K, committed 8640K, reserved 1048576K
}
Event: 99.699 GC heap before
{Heap before GC invocations=113 (full 3):
 PSYoungGen      total 9728K, used 9600K [0x00000000d5580000, 0x00000000d6580000, 0x0000000100000000)
  eden space 8704K, 100% used [0x00000000d5580000,0x00000000d5e00000,0x00000000d5e00000)
  from space 1024K, 87% used [0x00000000d5f80000,0x00000000d6060000,0x00000000d6080000)
  to   space 2048K, 0% used [0x00000000d6380000,0x00000000d6380000,0x00000000d6580000)
 ParOldGen       total 111104K, used 110676K [0x0000000080000000, 0x0000000086c80000, 0x00000000d5580000)
  object space 111104K, 99% used [0x0000000080000000,0x0000000086c152f8,0x0000000086c80000)
 Metaspace       used 77974K, committed 79552K, reserved 1179648K
  class space    used 7982K, committed 8640K, reserved 1048576K
}
Event: 99.702 GC heap after
{Heap after GC invocations=113 (full 3):
 PSYoungGen      total 10752K, used 2028K [0x00000000d5580000, 0x00000000d6600000, 0x0000000100000000)
  eden space 8704K, 0% used [0x00000000d5580000,0x00000000d5580000,0x00000000d5e00000)
  from space 2048K, 99% used [0x00000000d6380000,0x00000000d657b3e0,0x00000000d6580000)
  to   space 4096K, 0% used [0x00000000d5e00000,0x00000000d5e00000,0x00000000d6200000)
 ParOldGen       total 112128K, used 111833K [0x0000000080000000, 0x0000000086d80000, 0x00000000d5580000)
  object space 112128K, 99% used [0x0000000080000000,0x0000000086d367a8,0x0000000086d80000)
 Metaspace       used 77974K, committed 79552K, reserved 1179648K
  class space    used 7982K, committed 8640K, reserved 1048576K
}
Event: 100.728 GC heap before
{Heap before GC invocations=114 (full 3):
 PSYoungGen      total 10752K, used 10732K [0x00000000d5580000, 0x00000000d6600000, 0x0000000100000000)
  eden space 8704K, 100% used [0x00000000d5580000,0x00000000d5e00000,0x00000000d5e00000)
  from space 2048K, 99% used [0x00000000d6380000,0x00000000d657b3e0,0x00000000d6580000)
  to   space 4096K, 0% used [0x00000000d5e00000,0x00000000d5e00000,0x00000000d6200000)
 ParOldGen       total 112128K, used 111833K [0x0000000080000000, 0x0000000086d80000, 0x00000000d5580000)
  object space 112128K, 99% used [0x0000000080000000,0x0000000086d367a8,0x0000000086d80000)
 Metaspace       used 77977K, committed 79552K, reserved 1179648K
  class space    used 7982K, committed 8640K, reserved 1048576K
}
Event: 100.731 GC heap after
{Heap after GC invocations=114 (full 3):
 PSYoungGen      total 10752K, used 1960K [0x00000000d5580000, 0x00000000d6400000, 0x0000000100000000)
  eden space 8704K, 0% used [0x00000000d5580000,0x00000000d5580000,0x00000000d5e00000)
  from space 2048K, 95% used [0x00000000d5e00000,0x00000000d5fea350,0x00000000d6000000)
  to   space 2560K, 0% used [0x00000000d6180000,0x00000000d6180000,0x00000000d6400000)
 ParOldGen       total 112128K, used 111945K [0x0000000080000000, 0x0000000086d80000, 0x00000000d5580000)
  object space 112128K, 99% used [0x0000000080000000,0x0000000086d527b8,0x0000000086d80000)
 Metaspace       used 77977K, committed 79552K, reserved 1179648K
  class space    used 7982K, committed 8640K, reserved 1048576K
}
Event: 101.373 GC heap before
{Heap before GC invocations=115 (full 3):
 PSYoungGen      total 10752K, used 10664K [0x00000000d5580000, 0x00000000d6400000, 0x0000000100000000)
  eden space 8704K, 100% used [0x00000000d5580000,0x00000000d5e00000,0x00000000d5e00000)
  from space 2048K, 95% used [0x00000000d5e00000,0x00000000d5fea350,0x00000000d6000000)
  to   space 2560K, 0% used [0x00000000d6180000,0x00000000d6180000,0x00000000d6400000)
 ParOldGen       total 112128K, used 111945K [0x0000000080000000, 0x0000000086d80000, 0x00000000d5580000)
  object space 112128K, 99% used [0x0000000080000000,0x0000000086d527b8,0x0000000086d80000)
 Metaspace       used 77980K, committed 79616K, reserved 1179648K
  class space    used 7982K, committed 8640K, reserved 1048576K
}
Event: 101.376 GC heap after
{Heap after GC invocations=115 (full 3):
 PSYoungGen      total 10240K, used 2528K [0x00000000d5580000, 0x00000000d6700000, 0x0000000100000000)
  eden space 7680K, 0% used [0x00000000d5580000,0x00000000d5580000,0x00000000d5d00000)
  from space 2560K, 98% used [0x00000000d6180000,0x00000000d63f8010,0x00000000d6400000)
  to   space 4608K, 0% used [0x00000000d5d00000,0x00000000d5d00000,0x00000000d6180000)
 ParOldGen       total 113664K, used 113562K [0x0000000080000000, 0x0000000086f00000, 0x00000000d5580000)
  object space 113664K, 99% used [0x0000000080000000,0x0000000086ee6af8,0x0000000086f00000)
 Metaspace       used 77980K, committed 79616K, reserved 1179648K
  class space    used 7982K, committed 8640K, reserved 1048576K
}
Event: 105.944 GC heap before
{Heap before GC invocations=116 (full 3):
 PSYoungGen      total 10240K, used 10208K [0x00000000d5580000, 0x00000000d6700000, 0x0000000100000000)
  eden space 7680K, 99% used [0x00000000d5580000,0x00000000d5cffff8,0x00000000d5d00000)
  from space 2560K, 98% used [0x00000000d6180000,0x00000000d63f8010,0x00000000d6400000)
  to   space 4608K, 0% used [0x00000000d5d00000,0x00000000d5d00000,0x00000000d6180000)
 ParOldGen       total 113664K, used 113562K [0x0000000080000000, 0x0000000086f00000, 0x00000000d5580000)
  object space 113664K, 99% used [0x0000000080000000,0x0000000086ee6af8,0x0000000086f00000)
 Metaspace       used 77993K, committed 79616K, reserved 1179648K
  class space    used 7982K, committed 8640K, reserved 1048576K
}
Event: 105.950 GC heap after
{Heap after GC invocations=116 (full 3):
 PSYoungGen      total 9216K, used 1088K [0x00000000d5580000, 0x00000000d6200000, 0x0000000100000000)
  eden space 7680K, 0% used [0x00000000d5580000,0x00000000d5580000,0x00000000d5d00000)
  from space 1536K, 70% used [0x00000000d5d00000,0x00000000d5e10020,0x00000000d5e80000)
  to   space 2560K, 0% used [0x00000000d5f80000,0x00000000d5f80000,0x00000000d6200000)
 ParOldGen       total 116224K, used 115846K [0x0000000080000000, 0x0000000087180000, 0x00000000d5580000)
  object space 116224K, 99% used [0x0000000080000000,0x0000000087121808,0x0000000087180000)
 Metaspace       used 77993K, committed 79616K, reserved 1179648K
  class space    used 7982K, committed 8640K, reserved 1048576K
}
Event: 106.057 GC heap before
{Heap before GC invocations=117 (full 3):
 PSYoungGen      total 9216K, used 8768K [0x00000000d5580000, 0x00000000d6200000, 0x0000000100000000)
  eden space 7680K, 100% used [0x00000000d5580000,0x00000000d5d00000,0x00000000d5d00000)
  from space 1536K, 70% used [0x00000000d5d00000,0x00000000d5e10020,0x00000000d5e80000)
  to   space 2560K, 0% used [0x00000000d5f80000,0x00000000d5f80000,0x00000000d6200000)
 ParOldGen       total 116224K, used 115846K [0x0000000080000000, 0x0000000087180000, 0x00000000d5580000)
  object space 116224K, 99% used [0x0000000080000000,0x0000000087121808,0x0000000087180000)
 Metaspace       used 77998K, committed 79616K, reserved 1179648K
  class space    used 7985K, committed 8640K, reserved 1048576K
}
Event: 106.059 GC heap after
{Heap after GC invocations=117 (full 3):
 PSYoungGen      total 8704K, used 640K [0x00000000d5580000, 0x00000000d6080000, 0x0000000100000000)
  eden space 7680K, 0% used [0x00000000d5580000,0x00000000d5580000,0x00000000d5d00000)
  from space 1024K, 62% used [0x00000000d5f80000,0x00000000d6020000,0x00000000d6080000)
  to   space 1024K, 0% used [0x00000000d5e80000,0x00000000d5e80000,0x00000000d5f80000)
 ParOldGen       total 116224K, used 115942K [0x0000000080000000, 0x0000000087180000, 0x00000000d5580000)
  object space 116224K, 99% used [0x0000000080000000,0x0000000087139808,0x0000000087180000)
 Metaspace       used 77998K, committed 79616K, reserved 1179648K
  class space    used 7985K, committed 8640K, reserved 1048576K
}
Event: 106.961 GC heap before
{Heap before GC invocations=118 (full 3):
 PSYoungGen      total 8704K, used 8320K [0x00000000d5580000, 0x00000000d6080000, 0x0000000100000000)
  eden space 7680K, 100% used [0x00000000d5580000,0x00000000d5d00000,0x00000000d5d00000)
  from space 1024K, 62% used [0x00000000d5f80000,0x00000000d6020000,0x00000000d6080000)
  to   space 1024K, 0% used [0x00000000d5e80000,0x00000000d5e80000,0x00000000d5f80000)
 ParOldGen       total 116224K, used 115942K [0x0000000080000000, 0x0000000087180000, 0x00000000d5580000)
  object space 116224K, 99% used [0x0000000080000000,0x0000000087139808,0x0000000087180000)
 Metaspace       used 78014K, committed 79616K, reserved 1179648K
  class space    used 7985K, committed 8640K, reserved 1048576K
}
Event: 106.963 GC heap after
{Heap after GC invocations=118 (full 3):
 PSYoungGen      total 8192K, used 400K [0x00000000d5580000, 0x00000000d6000000, 0x0000000100000000)
  eden space 7680K, 0% used [0x00000000d5580000,0x00000000d5580000,0x00000000d5d00000)
  from space 512K, 78% used [0x00000000d5e80000,0x00000000d5ee4010,0x00000000d5f00000)
  to   space 1024K, 0% used [0x00000000d5f00000,0x00000000d5f00000,0x00000000d6000000)
 ParOldGen       total 116736K, used 116356K [0x0000000080000000, 0x0000000087200000, 0x00000000d5580000)
  object space 116736K, 99% used [0x0000000080000000,0x00000000871a1248,0x0000000087200000)
 Metaspace       used 78014K, committed 79616K, reserved 1179648K
  class space    used 7985K, committed 8640K, reserved 1048576K
}

