# JRE version: OpenJDK Runtime Environment Temurin-21.0.11+10 (21.0.11+10) (build 21.0.11+10-LTS)
# Java VM: OpenJDK 64-Bit Server VM Temurin-21.0.11+10 (21.0.11+10-LTS, mixed mode, sharing, tiered, compressed oops, compressed class ptrs, parallel gc, windows-amd64)
GC Precious Log:
 CardTable entry size: 512
 CPUs: 8 total, 8 available
 Memory: 12055M
 Large Page Support: Disabled
 NUMA Support: Disabled
 Compressed Oops: Enabled (32-bit)
 Alignments: Space 512K, Generation 512K, Heap 2M
 Heap Min Capacity: 100M
 Heap Initial Capacity: 100M
 Heap Max Capacity: 2G
 Pre-touch: Disabled
 Parallel Workers: 8
Heap:
 PSYoungGen      total 18432K, used 9185K [0x00000000d5580000, 0x00000000d6b80000, 0x0000000100000000)
  eden space 16896K, 47% used [0x00000000d5580000,0x00000000d5d64498,0x00000000d6600000)
  from space 1536K, 71% used [0x00000000d6a00000,0x00000000d6b14030,0x00000000d6b80000)
  to   space 2560K, 0% used [0x00000000d6680000,0x00000000d6680000,0x00000000d6900000)
 ParOldGen       total 68608K, used 59497K [0x0000000080000000, 0x0000000084300000, 0x00000000d5580000)
  object space 68608K, 86% used [0x0000000080000000,0x0000000083a1a4d0,0x0000000084300000)
 Metaspace       used 66893K, committed 68352K, reserved 1114112K
  class space    used 6950K, committed 7552K, reserved 1048576K
GC Heap History (20 events):
Event: 19.497 GC heap before
{Heap before GC invocations=36 (full 3):
 PSYoungGen      total 22016K, used 18944K [0x00000000d5580000, 0x00000000d6f00000, 0x0000000100000000)
  eden space 18944K, 100% used [0x00000000d5580000,0x00000000d6800000,0x00000000d6800000)
  from space 3072K, 0% used [0x00000000d6c00000,0x00000000d6c00000,0x00000000d6f00000)
  to   space 3584K, 0% used [0x00000000d6800000,0x00000000d6800000,0x00000000d6b80000)
 ParOldGen       total 68608K, used 43748K [0x0000000080000000, 0x0000000084300000, 0x00000000d5580000)
  object space 68608K, 63% used [0x0000000080000000,0x0000000082ab9368,0x0000000084300000)
 Metaspace       used 59057K, committed 60544K, reserved 1114112K
  class space    used 6128K, committed 6720K, reserved 1048576K
}
Event: 19.503 GC heap after
{Heap after GC invocations=36 (full 3):
 PSYoungGen      total 22528K, used 3088K [0x00000000d5580000, 0x00000000d6f00000, 0x0000000100000000)
  eden space 18944K, 0% used [0x00000000d5580000,0x00000000d5580000,0x00000000d6800000)
  from space 3584K, 86% used [0x00000000d6800000,0x00000000d6b04198,0x00000000d6b80000)
  to   space 3584K, 0% used [0x00000000d6b80000,0x00000000d6b80000,0x00000000d6f00000)
 ParOldGen       total 68608K, used 43756K [0x0000000080000000, 0x0000000084300000, 0x00000000d5580000)
  object space 68608K, 63% used [0x0000000080000000,0x0000000082abb368,0x0000000084300000)
 Metaspace       used 59057K, committed 60544K, reserved 1114112K
  class space    used 6128K, committed 6720K, reserved 1048576K
}
Event: 20.339 GC heap before
{Heap before GC invocations=37 (full 3):
 PSYoungGen      total 22528K, used 22032K [0x00000000d5580000, 0x00000000d6f00000, 0x0000000100000000)
  eden space 18944K, 99% used [0x00000000d5580000,0x00000000d67ffff0,0x00000000d6800000)
  from space 3584K, 86% used [0x00000000d6800000,0x00000000d6b04198,0x00000000d6b80000)
  to   space 3584K, 0% used [0x00000000d6b80000,0x00000000d6b80000,0x00000000d6f00000)
 ParOldGen       total 68608K, used 43756K [0x0000000080000000, 0x0000000084300000, 0x00000000d5580000)
  object space 68608K, 63% used [0x0000000080000000,0x0000000082abb368,0x0000000084300000)
 Metaspace       used 59760K, committed 61248K, reserved 1114112K
  class space    used 6173K, committed 6784K, reserved 1048576K
}
Event: 20.345 GC heap after
{Heap after GC invocations=37 (full 3):
 PSYoungGen      total 20480K, used 1536K [0x00000000d5580000, 0x00000000d6d00000, 0x0000000100000000)
  eden space 18944K, 0% used [0x00000000d5580000,0x00000000d5580000,0x00000000d6800000)
  from space 1536K, 100% used [0x00000000d6b80000,0x00000000d6d00000,0x00000000d6d00000)
  to   space 2560K, 0% used [0x00000000d6800000,0x00000000d6800000,0x00000000d6a80000)
 ParOldGen       total 68608K, used 46702K [0x0000000080000000, 0x0000000084300000, 0x00000000d5580000)
  object space 68608K, 68% used [0x0000000080000000,0x0000000082d9baf8,0x0000000084300000)
 Metaspace       used 59760K, committed 61248K, reserved 1114112K
  class space    used 6173K, committed 6784K, reserved 1048576K
}
Event: 21.252 GC heap before
{Heap before GC invocations=38 (full 3):
 PSYoungGen      total 20480K, used 20480K [0x00000000d5580000, 0x00000000d6d00000, 0x0000000100000000)
  eden space 18944K, 100% used [0x00000000d5580000,0x00000000d6800000,0x00000000d6800000)
  from space 1536K, 100% used [0x00000000d6b80000,0x00000000d6d00000,0x00000000d6d00000)
  to   space 2560K, 0% used [0x00000000d6800000,0x00000000d6800000,0x00000000d6a80000)
 ParOldGen       total 68608K, used 46702K [0x0000000080000000, 0x0000000084300000, 0x00000000d5580000)
  object space 68608K, 68% used [0x0000000080000000,0x0000000082d9baf8,0x0000000084300000)
 Metaspace       used 59772K, committed 61248K, reserved 1114112K
  class space    used 6174K, committed 6784K, reserved 1048576K
}
Event: 21.254 GC heap after
{Heap after GC invocations=38 (full 3):
 PSYoungGen      total 21504K, used 160K [0x00000000d5580000, 0x00000000d6c00000, 0x0000000100000000)
  eden space 18944K, 0% used [0x00000000d5580000,0x00000000d5580000,0x00000000d6800000)
  from space 2560K, 6% used [0x00000000d6800000,0x00000000d6828000,0x00000000d6a80000)
  to   space 1024K, 0% used [0x00000000d6b00000,0x00000000d6b00000,0x00000000d6c00000)
 ParOldGen       total 68608K, used 48181K [0x0000000080000000, 0x0000000084300000, 0x00000000d5580000)
  object space 68608K, 70% used [0x0000000080000000,0x0000000082f0d5c8,0x0000000084300000)
 Metaspace       used 59772K, committed 61248K, reserved 1114112K
  class space    used 6174K, committed 6784K, reserved 1048576K
}
Event: 22.064 GC heap before
{Heap before GC invocations=39 (full 3):
 PSYoungGen      total 21504K, used 19088K [0x00000000d5580000, 0x00000000d6c00000, 0x0000000100000000)
  eden space 18944K, 99% used [0x00000000d5580000,0x00000000d67fc288,0x00000000d6800000)
  from space 2560K, 6% used [0x00000000d6800000,0x00000000d6828000,0x00000000d6a80000)
  to   space 1024K, 0% used [0x00000000d6b00000,0x00000000d6b00000,0x00000000d6c00000)
 ParOldGen       total 68608K, used 48181K [0x0000000080000000, 0x0000000084300000, 0x00000000d5580000)
  object space 68608K, 70% used [0x0000000080000000,0x0000000082f0d5c8,0x0000000084300000)
 Metaspace       used 60618K, committed 62016K, reserved 1114112K
  class space    used 6227K, committed 6784K, reserved 1048576K
}
Event: 22.067 GC heap after
{Heap after GC invocations=39 (full 3):
 PSYoungGen      total 19968K, used 1024K [0x00000000d5580000, 0x00000000d6e00000, 0x0000000100000000)
  eden space 18944K, 0% used [0x00000000d5580000,0x00000000d5580000,0x00000000d6800000)
  from space 1024K, 100% used [0x00000000d6b00000,0x00000000d6c00000,0x00000000d6c00000)
  to   space 3072K, 0% used [0x00000000d6800000,0x00000000d6800000,0x00000000d6b00000)
 ParOldGen       total 68608K, used 49766K [0x0000000080000000, 0x0000000084300000, 0x00000000d5580000)
  object space 68608K, 72% used [0x0000000080000000,0x0000000083099918,0x0000000084300000)
 Metaspace       used 60618K, committed 62016K, reserved 1114112K
  class space    used 6227K, committed 6784K, reserved 1048576K
}
Event: 22.544 GC heap before
{Heap before GC invocations=40 (full 3):
 PSYoungGen      total 19968K, used 19957K [0x00000000d5580000, 0x00000000d6e00000, 0x0000000100000000)
  eden space 18944K, 99% used [0x00000000d5580000,0x00000000d67fd410,0x00000000d6800000)
  from space 1024K, 100% used [0x00000000d6b00000,0x00000000d6c00000,0x00000000d6c00000)
  to   space 3072K, 0% used [0x00000000d6800000,0x00000000d6800000,0x00000000d6b00000)
 ParOldGen       total 68608K, used 49766K [0x0000000080000000, 0x0000000084300000, 0x00000000d5580000)
  object space 68608K, 72% used [0x0000000080000000,0x0000000083099918,0x0000000084300000)
 Metaspace       used 61893K, committed 63360K, reserved 1114112K
  class space    used 6391K, committed 6976K, reserved 1048576K
}
Event: 22.547 GC heap after
{Heap after GC invocations=40 (full 3):
 PSYoungGen      total 20480K, used 1449K [0x00000000d5580000, 0x00000000d6c00000, 0x0000000100000000)
  eden space 18944K, 0% used [0x00000000d5580000,0x00000000d5580000,0x00000000d6800000)
  from space 1536K, 94% used [0x00000000d6800000,0x00000000d696a7d0,0x00000000d6980000)
  to   space 2048K, 0% used [0x00000000d6a00000,0x00000000d6a00000,0x00000000d6c00000)
 ParOldGen       total 68608K, used 50803K [0x0000000080000000, 0x0000000084300000, 0x00000000d5580000)
  object space 68608K, 74% used [0x0000000080000000,0x000000008319cf40,0x0000000084300000)
 Metaspace       used 61893K, committed 63360K, reserved 1114112K
  class space    used 6391K, committed 6976K, reserved 1048576K
}
Event: 23.006 GC heap before
{Heap before GC invocations=41 (full 3):
 PSYoungGen      total 20480K, used 20384K [0x00000000d5580000, 0x00000000d6c00000, 0x0000000100000000)
  eden space 18944K, 99% used [0x00000000d5580000,0x00000000d67fd858,0x00000000d6800000)
  from space 1536K, 94% used [0x00000000d6800000,0x00000000d696a7d0,0x00000000d6980000)
  to   space 2048K, 0% used [0x00000000d6a00000,0x00000000d6a00000,0x00000000d6c00000)
 ParOldGen       total 68608K, used 50803K [0x0000000080000000, 0x0000000084300000, 0x00000000d5580000)
  object space 68608K, 74% used [0x0000000080000000,0x000000008319cf40,0x0000000084300000)
 Metaspace       used 63296K, committed 64704K, reserved 1114112K
  class space    used 6552K, committed 7104K, reserved 1048576K
}
Event: 23.010 GC heap after
{Heap after GC invocations=41 (full 3):
 PSYoungGen      total 20480K, used 1408K [0x00000000d5580000, 0x00000000d6b80000, 0x0000000100000000)
  eden space 18944K, 0% used [0x00000000d5580000,0x00000000d5580000,0x00000000d6800000)
  from space 1536K, 91% used [0x00000000d6a00000,0x00000000d6b60000,0x00000000d6b80000)
  to   space 1536K, 0% used [0x00000000d6800000,0x00000000d6800000,0x00000000d6980000)
 ParOldGen       total 68608K, used 51958K [0x0000000080000000, 0x0000000084300000, 0x00000000d5580000)
  object space 68608K, 75% used [0x0000000080000000,0x00000000832bda90,0x0000000084300000)
 Metaspace       used 63296K, committed 64704K, reserved 1114112K
  class space    used 6552K, committed 7104K, reserved 1048576K
}
Event: 23.293 GC heap before
{Heap before GC invocations=42 (full 3):
 PSYoungGen      total 20480K, used 20352K [0x00000000d5580000, 0x00000000d6b80000, 0x0000000100000000)
  eden space 18944K, 100% used [0x00000000d5580000,0x00000000d6800000,0x00000000d6800000)
  from space 1536K, 91% used [0x00000000d6a00000,0x00000000d6b60000,0x00000000d6b80000)
  to   space 1536K, 0% used [0x00000000d6800000,0x00000000d6800000,0x00000000d6980000)
 ParOldGen       total 68608K, used 51958K [0x0000000080000000, 0x0000000084300000, 0x00000000d5580000)
  object space 68608K, 75% used [0x0000000080000000,0x00000000832bda90,0x0000000084300000)
 Metaspace       used 63888K, committed 65408K, reserved 1114112K
  class space    used 6632K, committed 7232K, reserved 1048576K
}
Event: 23.296 GC heap after
{Heap after GC invocations=42 (full 3):
 PSYoungGen      total 20480K, used 1520K [0x00000000d5580000, 0x00000000d6e00000, 0x0000000100000000)
  eden space 18944K, 0% used [0x00000000d5580000,0x00000000d5580000,0x00000000d6800000)
  from space 1536K, 98% used [0x00000000d6800000,0x00000000d697c030,0x00000000d6980000)
  to   space 3072K, 0% used [0x00000000d6b00000,0x00000000d6b00000,0x00000000d6e00000)
 ParOldGen       total 68608K, used 53149K [0x0000000080000000, 0x0000000084300000, 0x00000000d5580000)
  object space 68608K, 77% used [0x0000000080000000,0x00000000833e7568,0x0000000084300000)
 Metaspace       used 63888K, committed 65408K, reserved 1114112K
  class space    used 6632K, committed 7232K, reserved 1048576K
}
Event: 23.732 GC heap before
{Heap before GC invocations=43 (full 3):
 PSYoungGen      total 20480K, used 20464K [0x00000000d5580000, 0x00000000d6e00000, 0x0000000100000000)
  eden space 18944K, 100% used [0x00000000d5580000,0x00000000d6800000,0x00000000d6800000)
  from space 1536K, 98% used [0x00000000d6800000,0x00000000d697c030,0x00000000d6980000)
  to   space 3072K, 0% used [0x00000000d6b00000,0x00000000d6b00000,0x00000000d6e00000)
 ParOldGen       total 68608K, used 53149K [0x0000000080000000, 0x0000000084300000, 0x00000000d5580000)
  object space 68608K, 77% used [0x0000000080000000,0x00000000833e7568,0x0000000084300000)
 Metaspace       used 64853K, committed 66240K, reserved 1114112K
  class space    used 6760K, committed 7296K, reserved 1048576K
}
Event: 23.740 GC heap after
{Heap after GC invocations=43 (full 3):
 PSYoungGen      total 19968K, used 3063K [0x00000000d5580000, 0x00000000d7200000, 0x0000000100000000)
  eden space 16896K, 0% used [0x00000000d5580000,0x00000000d5580000,0x00000000d6600000)
  from space 3072K, 99% used [0x00000000d6b00000,0x00000000d6dfdde0,0x00000000d6e00000)
  to   space 5120K, 0% used [0x00000000d6600000,0x00000000d6600000,0x00000000d6b00000)
 ParOldGen       total 68608K, used 54524K [0x0000000080000000, 0x0000000084300000, 0x00000000d5580000)
  object space 68608K, 79% used [0x0000000080000000,0x000000008353f350,0x0000000084300000)
 Metaspace       used 64853K, committed 66240K, reserved 1114112K
  class space    used 6760K, committed 7296K, reserved 1048576K
}
Event: 24.210 GC heap before
{Heap before GC invocations=44 (full 3):
 PSYoungGen      total 19968K, used 19959K [0x00000000d5580000, 0x00000000d7200000, 0x0000000100000000)
  eden space 16896K, 100% used [0x00000000d5580000,0x00000000d6600000,0x00000000d6600000)
  from space 3072K, 99% used [0x00000000d6b00000,0x00000000d6dfdde0,0x00000000d6e00000)
  to   space 5120K, 0% used [0x00000000d6600000,0x00000000d6600000,0x00000000d6b00000)
 ParOldGen       total 68608K, used 54524K [0x0000000080000000, 0x0000000084300000, 0x00000000d5580000)
  object space 68608K, 79% used [0x0000000080000000,0x000000008353f350,0x0000000084300000)
 Metaspace       used 66014K, committed 67520K, reserved 1114112K
  class space    used 6879K, committed 7488K, reserved 1048576K
}
Event: 24.219 GC heap after
{Heap after GC invocations=44 (full 3):
 PSYoungGen      total 20992K, used 3807K [0x00000000d5580000, 0x00000000d6e00000, 0x0000000100000000)
  eden space 16896K, 0% used [0x00000000d5580000,0x00000000d5580000,0x00000000d6600000)
  from space 4096K, 92% used [0x00000000d6600000,0x00000000d69b7c98,0x00000000d6a00000)
  to   space 4096K, 0% used [0x00000000d6a00000,0x00000000d6a00000,0x00000000d6e00000)
 ParOldGen       total 68608K, used 55834K [0x0000000080000000, 0x0000000084300000, 0x00000000d5580000)
  object space 68608K, 81% used [0x0000000080000000,0x0000000083686838,0x0000000084300000)
 Metaspace       used 66014K, committed 67520K, reserved 1114112K
  class space    used 6879K, committed 7488K, reserved 1048576K
}
Event: 24.961 GC heap before
{Heap before GC invocations=45 (full 3):
 PSYoungGen      total 20992K, used 20703K [0x00000000d5580000, 0x00000000d6e00000, 0x0000000100000000)
  eden space 16896K, 100% used [0x00000000d5580000,0x00000000d6600000,0x00000000d6600000)
  from space 4096K, 92% used [0x00000000d6600000,0x00000000d69b7c98,0x00000000d6a00000)
  to   space 4096K, 0% used [0x00000000d6a00000,0x00000000d6a00000,0x00000000d6e00000)
 ParOldGen       total 68608K, used 55834K [0x0000000080000000, 0x0000000084300000, 0x00000000d5580000)
  object space 68608K, 81% used [0x0000000080000000,0x0000000083686838,0x0000000084300000)
 Metaspace       used 66683K, committed 68224K, reserved 1114112K
  class space    used 6936K, committed 7552K, reserved 1048576K
}
Event: 24.979 GC heap after
{Heap after GC invocations=45 (full 3):
 PSYoungGen      total 18432K, used 1104K [0x00000000d5580000, 0x00000000d6b80000, 0x0000000100000000)
  eden space 16896K, 0% used [0x00000000d5580000,0x00000000d5580000,0x00000000d6600000)
  from space 1536K, 71% used [0x00000000d6a00000,0x00000000d6b14030,0x00000000d6b80000)
  to   space 2560K, 0% used [0x00000000d6680000,0x00000000d6680000,0x00000000d6900000)
 ParOldGen       total 68608K, used 59497K [0x0000000080000000, 0x0000000084300000, 0x00000000d5580000)
  object space 68608K, 86% used [0x0000000080000000,0x0000000083a1a4d0,0x0000000084300000)
 Metaspace       used 66683K, committed 68224K, reserved 1114112K
  class space    used 6936K, committed 7552K, reserved 1048576K
}

