# JRE version: OpenJDK Runtime Environment Temurin-21.0.11+10 (21.0.11+10) (build 21.0.11+10-LTS)
# Java VM: OpenJDK 64-Bit Server VM Temurin-21.0.11+10 (21.0.11+10-LTS, mixed mode, sharing, tiered, compressed oops, compressed class ptrs, parallel gc, windows-amd64)
GC Precious Log:
 CardTable entry size: 512
 CPUs: 8 total, 8 available
 Memory: 12055M
 Large Page Support: Disabled
 NUMA Support: Disabled
 Compressed Oops: Enabled (32-bit)
 Alignments: Space 512K, Generation 512K, Heap 2M
 Heap Min Capacity: 100M
 Heap Initial Capacity: 100M
 Heap Max Capacity: 2G
 Pre-touch: Disabled
 Parallel Workers: 8
Heap:
 PSYoungGen      total 24576K, used 13402K [0x00000000d5580000, 0x00000000d7300000, 0x0000000100000000)
  eden space 22016K, 50% used [0x00000000d5580000,0x00000000d605e9a0,0x00000000d6b00000)
  from space 2560K, 88% used [0x00000000d7080000,0x00000000d72b8000,0x00000000d7300000)
  to   space 3072K, 0% used [0x00000000d6d00000,0x00000000d6d00000,0x00000000d7000000)
 ParOldGen       total 68608K, used 55873K [0x0000000080000000, 0x0000000084300000, 0x00000000d5580000)
  object space 68608K, 81% used [0x0000000080000000,0x00000000836906a8,0x0000000084300000)
 Metaspace       used 58478K, committed 59712K, reserved 1114112K
  class space    used 6063K, committed 6592K, reserved 1048576K
GC Heap History (20 events):
Event: 9.105 GC heap before
{Heap before GC invocations=25 (full 2):
 PSYoungGen      total 24064K, used 23744K [0x00000000d5580000, 0x00000000d7180000, 0x0000000100000000)
  eden space 22016K, 100% used [0x00000000d5580000,0x00000000d6b00000,0x00000000d6b00000)
  from space 2048K, 84% used [0x00000000d6f80000,0x00000000d7130000,0x00000000d7180000)
  to   space 2560K, 0% used [0x00000000d6c80000,0x00000000d6c80000,0x00000000d6f00000)
 ParOldGen       total 68608K, used 34717K [0x0000000080000000, 0x0000000084300000, 0x00000000d5580000)
  object space 68608K, 50% used [0x0000000080000000,0x00000000821e7440,0x0000000084300000)
 Metaspace       used 45492K, committed 46784K, reserved 1114112K
  class space    used 4867K, committed 5376K, reserved 1048576K
}
Event: 9.108 GC heap after
{Heap after GC invocations=25 (full 2):
 PSYoungGen      total 23552K, used 1208K [0x00000000d5580000, 0x00000000d7000000, 0x0000000100000000)
  eden space 22016K, 0% used [0x00000000d5580000,0x00000000d5580000,0x00000000d6b00000)
  from space 1536K, 78% used [0x00000000d6c80000,0x00000000d6dae308,0x00000000d6e00000)
  to   space 1536K, 0% used [0x00000000d6e80000,0x00000000d6e80000,0x00000000d7000000)
 ParOldGen       total 68608K, used 36245K [0x0000000080000000, 0x0000000084300000, 0x00000000d5580000)
  object space 68608K, 52% used [0x0000000080000000,0x0000000082365478,0x0000000084300000)
 Metaspace       used 45492K, committed 46784K, reserved 1114112K
  class space    used 4867K, committed 5376K, reserved 1048576K
}
Event: 9.791 GC heap before
{Heap before GC invocations=26 (full 2):
 PSYoungGen      total 23552K, used 23224K [0x00000000d5580000, 0x00000000d7000000, 0x0000000100000000)
  eden space 22016K, 100% used [0x00000000d5580000,0x00000000d6b00000,0x00000000d6b00000)
  from space 1536K, 78% used [0x00000000d6c80000,0x00000000d6dae308,0x00000000d6e00000)
  to   space 1536K, 0% used [0x00000000d6e80000,0x00000000d6e80000,0x00000000d7000000)
 ParOldGen       total 68608K, used 36245K [0x0000000080000000, 0x0000000084300000, 0x00000000d5580000)
  object space 68608K, 52% used [0x0000000080000000,0x0000000082365478,0x0000000084300000)
 Metaspace       used 47573K, committed 48832K, reserved 1114112K
  class space    used 5156K, committed 5696K, reserved 1048576K
}
Event: 9.794 GC heap after
{Heap after GC invocations=26 (full 2):
 PSYoungGen      total 23552K, used 1120K [0x00000000d5580000, 0x00000000d7000000, 0x0000000100000000)
  eden space 22016K, 0% used [0x00000000d5580000,0x00000000d5580000,0x00000000d6b00000)
  from space 1536K, 72% used [0x00000000d6e80000,0x00000000d6f98000,0x00000000d7000000)
  to   space 1536K, 0% used [0x00000000d6c80000,0x00000000d6c80000,0x00000000d6e00000)
 ParOldGen       total 68608K, used 37319K [0x0000000080000000, 0x0000000084300000, 0x00000000d5580000)
  object space 68608K, 54% used [0x0000000080000000,0x0000000082471ec0,0x0000000084300000)
 Metaspace       used 47573K, committed 48832K, reserved 1114112K
  class space    used 5156K, committed 5696K, reserved 1048576K
}
Event: 10.290 GC heap before
{Heap before GC invocations=27 (full 2):
 PSYoungGen      total 23552K, used 23136K [0x00000000d5580000, 0x00000000d7000000, 0x0000000100000000)
  eden space 22016K, 100% used [0x00000000d5580000,0x00000000d6b00000,0x00000000d6b00000)
  from space 1536K, 72% used [0x00000000d6e80000,0x00000000d6f98000,0x00000000d7000000)
  to   space 1536K, 0% used [0x00000000d6c80000,0x00000000d6c80000,0x00000000d6e00000)
 ParOldGen       total 68608K, used 37319K [0x0000000080000000, 0x0000000084300000, 0x00000000d5580000)
  object space 68608K, 54% used [0x0000000080000000,0x0000000082471ec0,0x0000000084300000)
 Metaspace       used 49312K, committed 50624K, reserved 1114112K
  class space    used 5382K, committed 5888K, reserved 1048576K
}
Event: 10.294 GC heap after
{Heap after GC invocations=27 (full 2):
 PSYoungGen      total 23552K, used 1056K [0x00000000d5580000, 0x00000000d6f00000, 0x0000000100000000)
  eden space 22016K, 0% used [0x00000000d5580000,0x00000000d5580000,0x00000000d6b00000)
  from space 1536K, 68% used [0x00000000d6c80000,0x00000000d6d88000,0x00000000d6e00000)
  to   space 1024K, 0% used [0x00000000d6e00000,0x00000000d6e00000,0x00000000d6f00000)
 ParOldGen       total 68608K, used 38279K [0x0000000080000000, 0x0000000084300000, 0x00000000d5580000)
  object space 68608K, 55% used [0x0000000080000000,0x0000000082561ee0,0x0000000084300000)
 Metaspace       used 49312K, committed 50624K, reserved 1114112K
  class space    used 5382K, committed 5888K, reserved 1048576K
}
Event: 10.820 GC heap before
{Heap before GC invocations=28 (full 2):
 PSYoungGen      total 23552K, used 23072K [0x00000000d5580000, 0x00000000d6f00000, 0x0000000100000000)
  eden space 22016K, 100% used [0x00000000d5580000,0x00000000d6b00000,0x00000000d6b00000)
  from space 1536K, 68% used [0x00000000d6c80000,0x00000000d6d88000,0x00000000d6e00000)
  to   space 1024K, 0% used [0x00000000d6e00000,0x00000000d6e00000,0x00000000d6f00000)
 ParOldGen       total 68608K, used 38279K [0x0000000080000000, 0x0000000084300000, 0x00000000d5580000)
  object space 68608K, 55% used [0x0000000080000000,0x0000000082561ee0,0x0000000084300000)
 Metaspace       used 50811K, committed 52032K, reserved 1114112K
  class space    used 5509K, committed 6016K, reserved 1048576K
}
Event: 10.822 GC heap after
{Heap after GC invocations=28 (full 2):
 PSYoungGen      total 23040K, used 608K [0x00000000d5580000, 0x00000000d6f00000, 0x0000000100000000)
  eden space 22016K, 0% used [0x00000000d5580000,0x00000000d5580000,0x00000000d6b00000)
  from space 1024K, 59% used [0x00000000d6e00000,0x00000000d6e98040,0x00000000d6f00000)
  to   space 1024K, 0% used [0x00000000d6d00000,0x00000000d6d00000,0x00000000d6e00000)
 ParOldGen       total 68608K, used 39227K [0x0000000080000000, 0x0000000084300000, 0x00000000d5580000)
  object space 68608K, 57% used [0x0000000080000000,0x000000008264ef98,0x0000000084300000)
 Metaspace       used 50811K, committed 52032K, reserved 1114112K
  class space    used 5509K, committed 6016K, reserved 1048576K
}
Event: 11.559 GC heap before
{Heap before GC invocations=29 (full 2):
 PSYoungGen      total 23040K, used 22624K [0x00000000d5580000, 0x00000000d6f00000, 0x0000000100000000)
  eden space 22016K, 100% used [0x00000000d5580000,0x00000000d6b00000,0x00000000d6b00000)
  from space 1024K, 59% used [0x00000000d6e00000,0x00000000d6e98040,0x00000000d6f00000)
  to   space 1024K, 0% used [0x00000000d6d00000,0x00000000d6d00000,0x00000000d6e00000)
 ParOldGen       total 68608K, used 39227K [0x0000000080000000, 0x0000000084300000, 0x00000000d5580000)
  object space 68608K, 57% used [0x0000000080000000,0x000000008264ef98,0x0000000084300000)
 Metaspace       used 52614K, committed 53888K, reserved 1114112K
  class space    used 5661K, committed 6208K, reserved 1048576K
}
Event: 11.562 GC heap after
{Heap after GC invocations=29 (full 2):
 PSYoungGen      total 23040K, used 1024K [0x00000000d5580000, 0x00000000d7300000, 0x0000000100000000)
  eden space 22016K, 0% used [0x00000000d5580000,0x00000000d5580000,0x00000000d6b00000)
  from space 1024K, 100% used [0x00000000d6d00000,0x00000000d6e00000,0x00000000d6e00000)
  to   space 4096K, 0% used [0x00000000d6f00000,0x00000000d6f00000,0x00000000d7300000)
 ParOldGen       total 68608K, used 41377K [0x0000000080000000, 0x0000000084300000, 0x00000000d5580000)
  object space 68608K, 60% used [0x0000000080000000,0x0000000082868448,0x0000000084300000)
 Metaspace       used 52614K, committed 53888K, reserved 1114112K
  class space    used 5661K, committed 6208K, reserved 1048576K
}
Event: 12.483 GC heap before
{Heap before GC invocations=30 (full 2):
 PSYoungGen      total 23040K, used 23040K [0x00000000d5580000, 0x00000000d7300000, 0x0000000100000000)
  eden space 22016K, 100% used [0x00000000d5580000,0x00000000d6b00000,0x00000000d6b00000)
  from space 1024K, 100% used [0x00000000d6d00000,0x00000000d6e00000,0x00000000d6e00000)
  to   space 4096K, 0% used [0x00000000d6f00000,0x00000000d6f00000,0x00000000d7300000)
 ParOldGen       total 68608K, used 41377K [0x0000000080000000, 0x0000000084300000, 0x00000000d5580000)
  object space 68608K, 60% used [0x0000000080000000,0x0000000082868448,0x0000000084300000)
 Metaspace       used 53828K, committed 55104K, reserved 1114112K
  class space    used 5780K, committed 6336K, reserved 1048576K
}
Event: 12.489 GC heap after
{Heap after GC invocations=30 (full 2):
 PSYoungGen      total 24064K, used 1936K [0x00000000d5580000, 0x00000000d7100000, 0x0000000100000000)
  eden space 22016K, 0% used [0x00000000d5580000,0x00000000d5580000,0x00000000d6b00000)
  from space 2048K, 94% used [0x00000000d6f00000,0x00000000d70e4040,0x00000000d7100000)
  to   space 2560K, 0% used [0x00000000d6c00000,0x00000000d6c00000,0x00000000d6e80000)
 ParOldGen       total 68608K, used 42401K [0x0000000080000000, 0x0000000084300000, 0x00000000d5580000)
  object space 68608K, 61% used [0x0000000080000000,0x0000000082968658,0x0000000084300000)
 Metaspace       used 53828K, committed 55104K, reserved 1114112K
  class space    used 5780K, committed 6336K, reserved 1048576K
}
Event: 13.258 GC heap before
{Heap before GC invocations=31 (full 2):
 PSYoungGen      total 24064K, used 23952K [0x00000000d5580000, 0x00000000d7100000, 0x0000000100000000)
  eden space 22016K, 100% used [0x00000000d5580000,0x00000000d6b00000,0x00000000d6b00000)
  from space 2048K, 94% used [0x00000000d6f00000,0x00000000d70e4040,0x00000000d7100000)
  to   space 2560K, 0% used [0x00000000d6c00000,0x00000000d6c00000,0x00000000d6e80000)
 ParOldGen       total 68608K, used 42401K [0x0000000080000000, 0x0000000084300000, 0x00000000d5580000)
  object space 68608K, 61% used [0x0000000080000000,0x0000000082968658,0x0000000084300000)
 Metaspace       used 55490K, committed 56704K, reserved 1114112K
  class space    used 5935K, committed 6464K, reserved 1048576K
}
Event: 13.263 GC heap after
{Heap after GC invocations=31 (full 2):
 PSYoungGen      total 24576K, used 2538K [0x00000000d5580000, 0x00000000d7900000, 0x0000000100000000)
  eden space 22016K, 0% used [0x00000000d5580000,0x00000000d5580000,0x00000000d6b00000)
  from space 2560K, 99% used [0x00000000d6c00000,0x00000000d6e7aaf0,0x00000000d6e80000)
  to   space 7168K, 0% used [0x00000000d7200000,0x00000000d7200000,0x00000000d7900000)
 ParOldGen       total 68608K, used 45825K [0x0000000080000000, 0x0000000084300000, 0x00000000d5580000)
  object space 68608K, 66% used [0x0000000080000000,0x0000000082cc0730,0x0000000084300000)
 Metaspace       used 55490K, committed 56704K, reserved 1114112K
  class space    used 5935K, committed 6464K, reserved 1048576K
}
Event: 14.217 GC heap before
{Heap before GC invocations=32 (full 2):
 PSYoungGen      total 24576K, used 24554K [0x00000000d5580000, 0x00000000d7900000, 0x0000000100000000)
  eden space 22016K, 100% used [0x00000000d5580000,0x00000000d6b00000,0x00000000d6b00000)
  from space 2560K, 99% used [0x00000000d6c00000,0x00000000d6e7aaf0,0x00000000d6e80000)
  to   space 7168K, 0% used [0x00000000d7200000,0x00000000d7200000,0x00000000d7900000)
 ParOldGen       total 68608K, used 45825K [0x0000000080000000, 0x0000000084300000, 0x00000000d5580000)
  object space 68608K, 66% used [0x0000000080000000,0x0000000082cc0730,0x0000000084300000)
 Metaspace       used 56913K, committed 58176K, reserved 1114112K
  class space    used 5973K, committed 6528K, reserved 1048576K
}
Event: 14.226 GC heap after
{Heap after GC invocations=32 (full 2):
 PSYoungGen      total 26112K, used 3989K [0x00000000d5580000, 0x00000000d7600000, 0x0000000100000000)
  eden space 22016K, 0% used [0x00000000d5580000,0x00000000d5580000,0x00000000d6b00000)
  from space 4096K, 97% used [0x00000000d7200000,0x00000000d75e54d8,0x00000000d7600000)
  to   space 5120K, 0% used [0x00000000d6c00000,0x00000000d6c00000,0x00000000d7100000)
 ParOldGen       total 68608K, used 48183K [0x0000000080000000, 0x0000000084300000, 0x00000000d5580000)
  object space 68608K, 70% used [0x0000000080000000,0x0000000082f0df00,0x0000000084300000)
 Metaspace       used 56913K, committed 58176K, reserved 1114112K
  class space    used 5973K, committed 6528K, reserved 1048576K
}
Event: 15.296 GC heap before
{Heap before GC invocations=33 (full 2):
 PSYoungGen      total 26112K, used 26005K [0x00000000d5580000, 0x00000000d7600000, 0x0000000100000000)
  eden space 22016K, 100% used [0x00000000d5580000,0x00000000d6b00000,0x00000000d6b00000)
  from space 4096K, 97% used [0x00000000d7200000,0x00000000d75e54d8,0x00000000d7600000)
  to   space 5120K, 0% used [0x00000000d6c00000,0x00000000d6c00000,0x00000000d7100000)
 ParOldGen       total 68608K, used 48183K [0x0000000080000000, 0x0000000084300000, 0x00000000d5580000)
  object space 68608K, 70% used [0x0000000080000000,0x0000000082f0df00,0x0000000084300000)
 Metaspace       used 57697K, committed 59008K, reserved 1114112K
  class space    used 6013K, committed 6592K, reserved 1048576K
}
Event: 15.308 GC heap after
{Heap after GC invocations=33 (full 2):
 PSYoungGen      total 26624K, used 4112K [0x00000000d5580000, 0x00000000d7400000, 0x0000000100000000)
  eden space 22016K, 0% used [0x00000000d5580000,0x00000000d5580000,0x00000000d6b00000)
  from space 4608K, 89% used [0x00000000d6c00000,0x00000000d7004198,0x00000000d7080000)
  to   space 3584K, 0% used [0x00000000d7080000,0x00000000d7080000,0x00000000d7400000)
 ParOldGen       total 68608K, used 51962K [0x0000000080000000, 0x0000000084300000, 0x00000000d5580000)
  object space 68608K, 75% used [0x0000000080000000,0x00000000832beb38,0x0000000084300000)
 Metaspace       used 57697K, committed 59008K, reserved 1114112K
  class space    used 6013K, committed 6592K, reserved 1048576K
}
Event: 17.416 GC heap before
{Heap before GC invocations=34 (full 2):
 PSYoungGen      total 26624K, used 26128K [0x00000000d5580000, 0x00000000d7400000, 0x0000000100000000)
  eden space 22016K, 100% used [0x00000000d5580000,0x00000000d6b00000,0x00000000d6b00000)
  from space 4608K, 89% used [0x00000000d6c00000,0x00000000d7004198,0x00000000d7080000)
  to   space 3584K, 0% used [0x00000000d7080000,0x00000000d7080000,0x00000000d7400000)
 ParOldGen       total 68608K, used 51962K [0x0000000080000000, 0x0000000084300000, 0x00000000d5580000)
  object space 68608K, 75% used [0x0000000080000000,0x00000000832beb38,0x0000000084300000)
 Metaspace       used 58469K, committed 59712K, reserved 1114112K
  class space    used 6061K, committed 6592K, reserved 1048576K
}
Event: 17.419 GC heap after
{Heap after GC invocations=34 (full 2):
 PSYoungGen      total 24576K, used 2272K [0x00000000d5580000, 0x00000000d7300000, 0x0000000100000000)
  eden space 22016K, 0% used [0x00000000d5580000,0x00000000d5580000,0x00000000d6b00000)
  from space 2560K, 88% used [0x00000000d7080000,0x00000000d72b8000,0x00000000d7300000)
  to   space 3072K, 0% used [0x00000000d6d00000,0x00000000d6d00000,0x00000000d7000000)
 ParOldGen       total 68608K, used 55873K [0x0000000080000000, 0x0000000084300000, 0x00000000d5580000)
  object space 68608K, 81% used [0x0000000080000000,0x00000000836906a8,0x0000000084300000)
 Metaspace       used 58469K, committed 59712K, reserved 1114112K
  class space    used 6061K, committed 6592K, reserved 1048576K
}

