# JRE version: OpenJDK Runtime Environment Temurin-21.0.11+10 (21.0.11+10) (build 21.0.11+10-LTS)
# Java VM: OpenJDK 64-Bit Server VM Temurin-21.0.11+10 (21.0.11+10-LTS, mixed mode, sharing, tiered, compressed oops, compressed class ptrs, parallel gc, windows-amd64)
GC Precious Log:
 CardTable entry size: 512
 CPUs: 8 total, 8 available
 Memory: 12055M
 Large Page Support: Disabled
 NUMA Support: Disabled
 Compressed Oops: Enabled (32-bit)
 Alignments: Space 512K, Generation 512K, Heap 2M
 Heap Min Capacity: 100M
 Heap Initial Capacity: 100M
 Heap Max Capacity: 2G
 Pre-touch: Disabled
 Parallel Workers: 8
Heap:
 PSYoungGen      total 20480K, used 1544K [0x00000000d5580000, 0x00000000d6f00000, 0x0000000100000000)
  eden space 18432K, 0% used [0x00000000d5580000,0x00000000d55902d0,0x00000000d6780000)
  from space 2048K, 75% used [0x00000000d6900000,0x00000000d6a81950,0x00000000d6b00000)
  to   space 2560K, 0% used [0x00000000d6c80000,0x00000000d6c80000,0x00000000d6f00000)
 ParOldGen       total 68608K, used 51059K [0x0000000080000000, 0x0000000084300000, 0x00000000d5580000)
  object space 68608K, 74% used [0x0000000080000000,0x00000000831dcdd0,0x0000000084300000)
 Metaspace       used 65163K, committed 66624K, reserved 1114112K
  class space    used 6701K, committed 7296K, reserved 1048576K
GC Heap History (20 events):
Event: 24.419 GC heap before
{Heap before GC invocations=36 (full 3):
 PSYoungGen      total 19456K, used 659K [0x00000000d5580000, 0x00000000d7080000, 0x0000000100000000)
  eden space 18432K, 0% used [0x00000000d5580000,0x00000000d5580000,0x00000000d6780000)
  from space 1024K, 64% used [0x00000000d6780000,0x00000000d6824de0,0x00000000d6880000)
  to   space 3584K, 0% used [0x00000000d6d00000,0x00000000d6d00000,0x00000000d7080000)
 ParOldGen       total 68608K, used 58052K [0x0000000080000000, 0x0000000084300000, 0x00000000d5580000)
  object space 68608K, 84% used [0x0000000080000000,0x00000000838b10c0,0x0000000084300000)
 Metaspace       used 58438K, committed 59776K, reserved 1114112K
  class space    used 6048K, committed 6656K, reserved 1048576K
}
Event: 24.585 GC heap after
{Heap after GC invocations=36 (full 3):
 PSYoungGen      total 19456K, used 0K [0x00000000d5580000, 0x00000000d7080000, 0x0000000100000000)
  eden space 18432K, 0% used [0x00000000d5580000,0x00000000d5580000,0x00000000d6780000)
  from space 1024K, 0% used [0x00000000d6780000,0x00000000d6780000,0x00000000d6880000)
  to   space 3584K, 0% used [0x00000000d6d00000,0x00000000d6d00000,0x00000000d7080000)
 ParOldGen       total 68608K, used 39540K [0x0000000080000000, 0x0000000084300000, 0x00000000d5580000)
  object space 68608K, 57% used [0x0000000080000000,0x000000008269d010,0x0000000084300000)
 Metaspace       used 58438K, committed 59776K, reserved 1114112K
  class space    used 6048K, committed 6656K, reserved 1048576K
}
Event: 25.891 GC heap before
{Heap before GC invocations=37 (full 3):
 PSYoungGen      total 19456K, used 18432K [0x00000000d5580000, 0x00000000d7080000, 0x0000000100000000)
  eden space 18432K, 100% used [0x00000000d5580000,0x00000000d6780000,0x00000000d6780000)
  from space 1024K, 0% used [0x00000000d6780000,0x00000000d6780000,0x00000000d6880000)
  to   space 3584K, 0% used [0x00000000d6d00000,0x00000000d6d00000,0x00000000d7080000)
 ParOldGen       total 68608K, used 39540K [0x0000000080000000, 0x0000000084300000, 0x00000000d5580000)
  object space 68608K, 57% used [0x0000000080000000,0x000000008269d010,0x0000000084300000)
 Metaspace       used 58609K, committed 59968K, reserved 1114112K
  class space    used 6058K, committed 6656K, reserved 1048576K
}
Event: 25.893 GC heap after
{Heap after GC invocations=37 (full 3):
 PSYoungGen      total 18944K, used 256K [0x00000000d5580000, 0x00000000d6d80000, 0x0000000100000000)
  eden space 18432K, 0% used [0x00000000d5580000,0x00000000d5580000,0x00000000d6780000)
  from space 512K, 50% used [0x00000000d6d00000,0x00000000d6d40000,0x00000000d6d80000)
  to   space 1024K, 0% used [0x00000000d6b80000,0x00000000d6b80000,0x00000000d6c80000)
 ParOldGen       total 68608K, used 39548K [0x0000000080000000, 0x0000000084300000, 0x00000000d5580000)
  object space 68608K, 57% used [0x0000000080000000,0x000000008269f010,0x0000000084300000)
 Metaspace       used 58609K, committed 59968K, reserved 1114112K
  class space    used 6058K, committed 6656K, reserved 1048576K
}
Event: 26.897 GC heap before
{Heap before GC invocations=38 (full 3):
 PSYoungGen      total 18944K, used 18688K [0x00000000d5580000, 0x00000000d6d80000, 0x0000000100000000)
  eden space 18432K, 100% used [0x00000000d5580000,0x00000000d6780000,0x00000000d6780000)
  from space 512K, 50% used [0x00000000d6d00000,0x00000000d6d40000,0x00000000d6d80000)
  to   space 1024K, 0% used [0x00000000d6b80000,0x00000000d6b80000,0x00000000d6c80000)
 ParOldGen       total 68608K, used 39548K [0x0000000080000000, 0x0000000084300000, 0x00000000d5580000)
  object space 68608K, 57% used [0x0000000080000000,0x000000008269f010,0x0000000084300000)
 Metaspace       used 59323K, committed 60672K, reserved 1114112K
  class space    used 6103K, committed 6720K, reserved 1048576K
}
Event: 26.900 GC heap after
{Heap after GC invocations=38 (full 3):
 PSYoungGen      total 19456K, used 992K [0x00000000d5580000, 0x00000000d6e80000, 0x0000000100000000)
  eden space 18432K, 0% used [0x00000000d5580000,0x00000000d5580000,0x00000000d6780000)
  from space 1024K, 96% used [0x00000000d6b80000,0x00000000d6c78030,0x00000000d6c80000)
  to   space 2048K, 0% used [0x00000000d6c80000,0x00000000d6c80000,0x00000000d6e80000)
 ParOldGen       total 68608K, used 41207K [0x0000000080000000, 0x0000000084300000, 0x00000000d5580000)
  object space 68608K, 60% used [0x0000000080000000,0x000000008283ded8,0x0000000084300000)
 Metaspace       used 59323K, committed 60672K, reserved 1114112K
  class space    used 6103K, committed 6720K, reserved 1048576K
}
Event: 27.083 GC heap before
{Heap before GC invocations=39 (full 3):
 PSYoungGen      total 19456K, used 19424K [0x00000000d5580000, 0x00000000d6e80000, 0x0000000100000000)
  eden space 18432K, 100% used [0x00000000d5580000,0x00000000d6780000,0x00000000d6780000)
  from space 1024K, 96% used [0x00000000d6b80000,0x00000000d6c78030,0x00000000d6c80000)
  to   space 2048K, 0% used [0x00000000d6c80000,0x00000000d6c80000,0x00000000d6e80000)
 ParOldGen       total 68608K, used 41207K [0x0000000080000000, 0x0000000084300000, 0x00000000d5580000)
  object space 68608K, 60% used [0x0000000080000000,0x000000008283ded8,0x0000000084300000)
 Metaspace       used 59373K, committed 60736K, reserved 1114112K
  class space    used 6106K, committed 6720K, reserved 1048576K
}
Event: 27.086 GC heap after
{Heap after GC invocations=39 (full 3):
 PSYoungGen      total 20480K, used 1666K [0x00000000d5580000, 0x00000000d6e80000, 0x0000000100000000)
  eden space 18432K, 0% used [0x00000000d5580000,0x00000000d5580000,0x00000000d6780000)
  from space 2048K, 81% used [0x00000000d6c80000,0x00000000d6e20b40,0x00000000d6e80000)
  to   space 2048K, 0% used [0x00000000d6a80000,0x00000000d6a80000,0x00000000d6c80000)
 ParOldGen       total 68608K, used 42198K [0x0000000080000000, 0x0000000084300000, 0x00000000d5580000)
  object space 68608K, 61% used [0x0000000080000000,0x0000000082935a90,0x0000000084300000)
 Metaspace       used 59373K, committed 60736K, reserved 1114112K
  class space    used 6106K, committed 6720K, reserved 1048576K
}
Event: 27.194 GC heap before
{Heap before GC invocations=40 (full 3):
 PSYoungGen      total 20480K, used 20098K [0x00000000d5580000, 0x00000000d6e80000, 0x0000000100000000)
  eden space 18432K, 100% used [0x00000000d5580000,0x00000000d6780000,0x00000000d6780000)
  from space 2048K, 81% used [0x00000000d6c80000,0x00000000d6e20b40,0x00000000d6e80000)
  to   space 2048K, 0% used [0x00000000d6a80000,0x00000000d6a80000,0x00000000d6c80000)
 ParOldGen       total 68608K, used 42198K [0x0000000080000000, 0x0000000084300000, 0x00000000d5580000)
  object space 68608K, 61% used [0x0000000080000000,0x0000000082935a90,0x0000000084300000)
 Metaspace       used 59642K, committed 60928K, reserved 1114112K
  class space    used 6120K, committed 6720K, reserved 1048576K
}
Event: 27.196 GC heap after
{Heap after GC invocations=40 (full 3):
 PSYoungGen      total 18944K, used 160K [0x00000000d5580000, 0x00000000d6d00000, 0x0000000100000000)
  eden space 18432K, 0% used [0x00000000d5580000,0x00000000d5580000,0x00000000d6780000)
  from space 512K, 31% used [0x00000000d6a80000,0x00000000d6aa8000,0x00000000d6b00000)
  to   space 1024K, 0% used [0x00000000d6c00000,0x00000000d6c00000,0x00000000d6d00000)
 ParOldGen       total 68608K, used 42281K [0x0000000080000000, 0x0000000084300000, 0x00000000d5580000)
  object space 68608K, 61% used [0x0000000080000000,0x000000008294a7b8,0x0000000084300000)
 Metaspace       used 59642K, committed 60928K, reserved 1114112K
  class space    used 6120K, committed 6720K, reserved 1048576K
}
Event: 28.010 GC heap before
{Heap before GC invocations=41 (full 3):
 PSYoungGen      total 18944K, used 18592K [0x00000000d5580000, 0x00000000d6d00000, 0x0000000100000000)
  eden space 18432K, 100% used [0x00000000d5580000,0x00000000d6780000,0x00000000d6780000)
  from space 512K, 31% used [0x00000000d6a80000,0x00000000d6aa8000,0x00000000d6b00000)
  to   space 1024K, 0% used [0x00000000d6c00000,0x00000000d6c00000,0x00000000d6d00000)
 ParOldGen       total 68608K, used 42281K [0x0000000080000000, 0x0000000084300000, 0x00000000d5580000)
  object space 68608K, 61% used [0x0000000080000000,0x000000008294a7b8,0x0000000084300000)
 Metaspace       used 60955K, committed 62336K, reserved 1114112K
  class space    used 6250K, committed 6848K, reserved 1048576K
}
Event: 28.012 GC heap after
{Heap after GC invocations=41 (full 3):
 PSYoungGen      total 18944K, used 455K [0x00000000d5580000, 0x00000000d6c80000, 0x0000000100000000)
  eden space 18432K, 0% used [0x00000000d5580000,0x00000000d5580000,0x00000000d6780000)
  from space 512K, 88% used [0x00000000d6c00000,0x00000000d6c71e90,0x00000000d6c80000)
  to   space 1024K, 0% used [0x00000000d6a80000,0x00000000d6a80000,0x00000000d6b80000)
 ParOldGen       total 68608K, used 42305K [0x0000000080000000, 0x0000000084300000, 0x00000000d5580000)
  object space 68608K, 61% used [0x0000000080000000,0x00000000829507b8,0x0000000084300000)
 Metaspace       used 60955K, committed 62336K, reserved 1114112K
  class space    used 6250K, committed 6848K, reserved 1048576K
}
Event: 28.506 GC heap before
{Heap before GC invocations=42 (full 3):
 PSYoungGen      total 18944K, used 18887K [0x00000000d5580000, 0x00000000d6c80000, 0x0000000100000000)
  eden space 18432K, 100% used [0x00000000d5580000,0x00000000d6780000,0x00000000d6780000)
  from space 512K, 88% used [0x00000000d6c00000,0x00000000d6c71e90,0x00000000d6c80000)
  to   space 1024K, 0% used [0x00000000d6a80000,0x00000000d6a80000,0x00000000d6b80000)
 ParOldGen       total 68608K, used 42305K [0x0000000080000000, 0x0000000084300000, 0x00000000d5580000)
  object space 68608K, 61% used [0x0000000080000000,0x00000000829507b8,0x0000000084300000)
 Metaspace       used 62416K, committed 63808K, reserved 1114112K
  class space    used 6425K, committed 7040K, reserved 1048576K
}
Event: 28.509 GC heap after
{Heap after GC invocations=42 (full 3):
 PSYoungGen      total 19456K, used 1007K [0x00000000d5580000, 0x00000000d6c80000, 0x0000000100000000)
  eden space 18432K, 0% used [0x00000000d5580000,0x00000000d5580000,0x00000000d6780000)
  from space 1024K, 98% used [0x00000000d6a80000,0x00000000d6b7bfd0,0x00000000d6b80000)
  to   space 1024K, 0% used [0x00000000d6b80000,0x00000000d6b80000,0x00000000d6c80000)
 ParOldGen       total 68608K, used 42877K [0x0000000080000000, 0x0000000084300000, 0x00000000d5580000)
  object space 68608K, 62% used [0x0000000080000000,0x00000000829df490,0x0000000084300000)
 Metaspace       used 62416K, committed 63808K, reserved 1114112K
  class space    used 6425K, committed 7040K, reserved 1048576K
}
Event: 28.911 GC heap before
{Heap before GC invocations=43 (full 3):
 PSYoungGen      total 19456K, used 19439K [0x00000000d5580000, 0x00000000d6c80000, 0x0000000100000000)
  eden space 18432K, 100% used [0x00000000d5580000,0x00000000d6780000,0x00000000d6780000)
  from space 1024K, 98% used [0x00000000d6a80000,0x00000000d6b7bfd0,0x00000000d6b80000)
  to   space 1024K, 0% used [0x00000000d6b80000,0x00000000d6b80000,0x00000000d6c80000)
 ParOldGen       total 68608K, used 42877K [0x0000000080000000, 0x0000000084300000, 0x00000000d5580000)
  object space 68608K, 62% used [0x0000000080000000,0x00000000829df490,0x0000000084300000)
 Metaspace       used 63473K, committed 64896K, reserved 1114112K
  class space    used 6539K, committed 7168K, reserved 1048576K
}
Event: 28.916 GC heap after
{Heap after GC invocations=43 (full 3):
 PSYoungGen      total 19456K, used 1024K [0x00000000d5580000, 0x00000000d6f80000, 0x0000000100000000)
  eden space 18432K, 0% used [0x00000000d5580000,0x00000000d5580000,0x00000000d6780000)
  from space 1024K, 100% used [0x00000000d6b80000,0x00000000d6c80000,0x00000000d6c80000)
  to   space 4096K, 0% used [0x00000000d6780000,0x00000000d6780000,0x00000000d6b80000)
 ParOldGen       total 68608K, used 45274K [0x0000000080000000, 0x0000000084300000, 0x00000000d5580000)
  object space 68608K, 65% used [0x0000000080000000,0x0000000082c36a70,0x0000000084300000)
 Metaspace       used 63473K, committed 64896K, reserved 1114112K
  class space    used 6539K, committed 7168K, reserved 1048576K
}
Event: 29.380 GC heap before
{Heap before GC invocations=44 (full 3):
 PSYoungGen      total 19456K, used 19456K [0x00000000d5580000, 0x00000000d6f80000, 0x0000000100000000)
  eden space 18432K, 100% used [0x00000000d5580000,0x00000000d6780000,0x00000000d6780000)
  from space 1024K, 100% used [0x00000000d6b80000,0x00000000d6c80000,0x00000000d6c80000)
  to   space 4096K, 0% used [0x00000000d6780000,0x00000000d6780000,0x00000000d6b80000)
 ParOldGen       total 68608K, used 45274K [0x0000000080000000, 0x0000000084300000, 0x00000000d5580000)
  object space 68608K, 65% used [0x0000000080000000,0x0000000082c36a70,0x0000000084300000)
 Metaspace       used 63745K, committed 65152K, reserved 1114112K
  class space    used 6571K, committed 7168K, reserved 1048576K
}
Event: 29.387 GC heap after
{Heap after GC invocations=44 (full 3):
 PSYoungGen      total 22528K, used 4077K [0x00000000d5580000, 0x00000000d7580000, 0x0000000100000000)
  eden space 18432K, 0% used [0x00000000d5580000,0x00000000d5580000,0x00000000d6780000)
  from space 4096K, 99% used [0x00000000d6780000,0x00000000d6b7b420,0x00000000d6b80000)
  to   space 7168K, 0% used [0x00000000d6e80000,0x00000000d6e80000,0x00000000d7580000)
 ParOldGen       total 68608K, used 47439K [0x0000000080000000, 0x0000000084300000, 0x00000000d5580000)
  object space 68608K, 69% used [0x0000000080000000,0x0000000082e53cb0,0x0000000084300000)
 Metaspace       used 63745K, committed 65152K, reserved 1114112K
  class space    used 6571K, committed 7168K, reserved 1048576K
}
Event: 29.662 GC heap before
{Heap before GC invocations=45 (full 3):
 PSYoungGen      total 22528K, used 20833K [0x00000000d5580000, 0x00000000d7580000, 0x0000000100000000)
  eden space 18432K, 90% used [0x00000000d5580000,0x00000000d65dd220,0x00000000d6780000)
  from space 4096K, 99% used [0x00000000d6780000,0x00000000d6b7b420,0x00000000d6b80000)
  to   space 7168K, 0% used [0x00000000d6e80000,0x00000000d6e80000,0x00000000d7580000)
 ParOldGen       total 68608K, used 47439K [0x0000000080000000, 0x0000000084300000, 0x00000000d5580000)
  object space 68608K, 69% used [0x0000000080000000,0x0000000082e53cb0,0x0000000084300000)
 Metaspace       used 64113K, committed 65600K, reserved 1114112K
  class space    used 6598K, committed 7232K, reserved 1048576K
}
Event: 29.666 GC heap after
{Heap after GC invocations=45 (full 3):
 PSYoungGen      total 22016K, used 3224K [0x00000000d5580000, 0x00000000d7200000, 0x0000000100000000)
  eden space 18432K, 0% used [0x00000000d5580000,0x00000000d5580000,0x00000000d6780000)
  from space 3584K, 89% used [0x00000000d6e80000,0x00000000d71a6340,0x00000000d7200000)
  to   space 4608K, 0% used [0x00000000d6900000,0x00000000d6900000,0x00000000d6d80000)
 ParOldGen       total 68608K, used 47935K [0x0000000080000000, 0x0000000084300000, 0x00000000d5580000)
  object space 68608K, 69% used [0x0000000080000000,0x0000000082ecfcf0,0x0000000084300000)
 Metaspace       used 64113K, committed 65600K, reserved 1114112K
  class space    used 6598K, committed 7232K, reserved 1048576K
}

