# JRE version: OpenJDK Runtime Environment Temurin-21.0.10+7 (21.0.10+7) (build 21.0.10+7-LTS)
# Java VM: OpenJDK 64-Bit Server VM Temurin-21.0.10+7 (21.0.10+7-LTS, mixed mode, sharing, tiered, compressed oops, compressed class ptrs, parallel gc, windows-amd64)
GC Precious Log:
 CardTable entry size: 512
 CPUs: 8 total, 8 available
 Memory: 12055M
 Large Page Support: Disabled
 NUMA Support: Disabled
 Compressed Oops: Enabled (32-bit)
 Alignments: Space 512K, Generation 512K, Heap 2M
 Heap Min Capacity: 100M
 Heap Initial Capacity: 100M
 Heap Max Capacity: 2G
 Pre-touch: Disabled
 Parallel Workers: 8
Heap:
 PSYoungGen      total 4608K, used 4084K [0x00000000d5580000, 0x00000000d5e80000, 0x0000000100000000)
  eden space 4096K, 94% used [0x00000000d5580000,0x00000000d59452a8,0x00000000d5980000)
  from space 512K, 43% used [0x00000000d5d80000,0x00000000d5db8000,0x00000000d5e00000)
  to   space 512K, 0% used [0x00000000d5e00000,0x00000000d5e00000,0x00000000d5e80000)
 ParOldGen       total 1006080K, used 1005964K [0x0000000080000000, 0x00000000bd680000, 0x00000000d5580000)
  object space 1006080K, 99% used [0x0000000080000000,0x00000000bd6633c8,0x00000000bd680000)
 Metaspace       used 86334K, committed 88128K, reserved 1179648K
  class space    used 8446K, committed 9280K, reserved 1048576K
GC Heap History (20 events):
Event: 5737.871 GC heap before
{Heap before GC invocations=5767 (full 6):
 PSYoungGen      total 5632K, used 4287K [0x00000000d5580000, 0x00000000d5e80000, 0x0000000100000000)
  eden space 4096K, 99% used [0x00000000d5580000,0x00000000d597fff0,0x00000000d5980000)
  from space 1536K, 12% used [0x00000000d5b80000,0x00000000d5bb0000,0x00000000d5d00000)
  to   space 512K, 0% used [0x00000000d5e00000,0x00000000d5e00000,0x00000000d5e80000)
 ParOldGen       total 1006080K, used 1005630K [0x0000000080000000, 0x00000000bd680000, 0x00000000d5580000)
  object space 1006080K, 99% used [0x0000000080000000,0x00000000bd60fb08,0x00000000bd680000)
 Metaspace       used 86318K, committed 88064K, reserved 1179648K
  class space    used 8446K, committed 9280K, reserved 1048576K
}
Event: 5737.873 GC heap after
{Heap after GC invocations=5767 (full 6):
 PSYoungGen      total 4608K, used 224K [0x00000000d5580000, 0x00000000d5e80000, 0x0000000100000000)
  eden space 4096K, 0% used [0x00000000d5580000,0x00000000d5580000,0x00000000d5980000)
  from space 512K, 43% used [0x00000000d5e00000,0x00000000d5e38000,0x00000000d5e80000)
  to   space 512K, 0% used [0x00000000d5d80000,0x00000000d5d80000,0x00000000d5e00000)
 ParOldGen       total 1006080K, used 1005630K [0x0000000080000000, 0x00000000bd680000, 0x00000000d5580000)
  object space 1006080K, 99% used [0x0000000080000000,0x00000000bd60fb08,0x00000000bd680000)
 Metaspace       used 86318K, committed 88064K, reserved 1179648K
  class space    used 8446K, committed 9280K, reserved 1048576K
}
Event: 6071.826 GC heap before
{Heap before GC invocations=5768 (full 6):
 PSYoungGen      total 4608K, used 4320K [0x00000000d5580000, 0x00000000d5e80000, 0x0000000100000000)
  eden space 4096K, 100% used [0x00000000d5580000,0x00000000d5980000,0x00000000d5980000)
  from space 512K, 43% used [0x00000000d5e00000,0x00000000d5e38000,0x00000000d5e80000)
  to   space 512K, 0% used [0x00000000d5d80000,0x00000000d5d80000,0x00000000d5e00000)
 ParOldGen       total 1006080K, used 1005630K [0x0000000080000000, 0x00000000bd680000, 0x00000000d5580000)
  object space 1006080K, 99% used [0x0000000080000000,0x00000000bd60fb08,0x00000000bd680000)
 Metaspace       used 86324K, committed 88064K, reserved 1179648K
  class space    used 8446K, committed 9280K, reserved 1048576K
}
Event: 6071.832 GC heap after
{Heap after GC invocations=5768 (full 6):
 PSYoungGen      total 4608K, used 352K [0x00000000d5580000, 0x00000000d5e80000, 0x0000000100000000)
  eden space 4096K, 0% used [0x00000000d5580000,0x00000000d5580000,0x00000000d5980000)
  from space 512K, 68% used [0x00000000d5d80000,0x00000000d5dd8020,0x00000000d5e00000)
  to   space 512K, 0% used [0x00000000d5e00000,0x00000000d5e00000,0x00000000d5e80000)
 ParOldGen       total 1006080K, used 1005670K [0x0000000080000000, 0x00000000bd680000, 0x00000000d5580000)
  object space 1006080K, 99% used [0x0000000080000000,0x00000000bd619b08,0x00000000bd680000)
 Metaspace       used 86324K, committed 88064K, reserved 1179648K
  class space    used 8446K, committed 9280K, reserved 1048576K
}
Event: 6071.897 GC heap before
{Heap before GC invocations=5769 (full 6):
 PSYoungGen      total 4608K, used 4447K [0x00000000d5580000, 0x00000000d5e80000, 0x0000000100000000)
  eden space 4096K, 99% used [0x00000000d5580000,0x00000000d597ff88,0x00000000d5980000)
  from space 512K, 68% used [0x00000000d5d80000,0x00000000d5dd8020,0x00000000d5e00000)
  to   space 512K, 0% used [0x00000000d5e00000,0x00000000d5e00000,0x00000000d5e80000)
 ParOldGen       total 1006080K, used 1005670K [0x0000000080000000, 0x00000000bd680000, 0x00000000d5580000)
  object space 1006080K, 99% used [0x0000000080000000,0x00000000bd619b08,0x00000000bd680000)
 Metaspace       used 86324K, committed 88064K, reserved 1179648K
  class space    used 8446K, committed 9280K, reserved 1048576K
}
Event: 6071.900 GC heap after
{Heap after GC invocations=5769 (full 6):
 PSYoungGen      total 4608K, used 192K [0x00000000d5580000, 0x00000000d5e80000, 0x0000000100000000)
  eden space 4096K, 0% used [0x00000000d5580000,0x00000000d5580000,0x00000000d5980000)
  from space 512K, 37% used [0x00000000d5e00000,0x00000000d5e30000,0x00000000d5e80000)
  to   space 512K, 0% used [0x00000000d5d80000,0x00000000d5d80000,0x00000000d5e00000)
 ParOldGen       total 1006080K, used 1005806K [0x0000000080000000, 0x00000000bd680000, 0x00000000d5580000)
  object space 1006080K, 99% used [0x0000000080000000,0x00000000bd63bb28,0x00000000bd680000)
 Metaspace       used 86324K, committed 88064K, reserved 1179648K
  class space    used 8446K, committed 9280K, reserved 1048576K
}
Event: 6072.057 GC heap before
{Heap before GC invocations=5770 (full 6):
 PSYoungGen      total 4608K, used 4288K [0x00000000d5580000, 0x00000000d5e80000, 0x0000000100000000)
  eden space 4096K, 100% used [0x00000000d5580000,0x00000000d5980000,0x00000000d5980000)
  from space 512K, 37% used [0x00000000d5e00000,0x00000000d5e30000,0x00000000d5e80000)
  to   space 512K, 0% used [0x00000000d5d80000,0x00000000d5d80000,0x00000000d5e00000)
 ParOldGen       total 1006080K, used 1005806K [0x0000000080000000, 0x00000000bd680000, 0x00000000d5580000)
  object space 1006080K, 99% used [0x0000000080000000,0x00000000bd63bb28,0x00000000bd680000)
 Metaspace       used 86333K, committed 88128K, reserved 1179648K
  class space    used 8446K, committed 9280K, reserved 1048576K
}
Event: 6072.059 GC heap after
{Heap after GC invocations=5770 (full 6):
 PSYoungGen      total 4608K, used 253K [0x00000000d5580000, 0x00000000d5e80000, 0x0000000100000000)
  eden space 4096K, 0% used [0x00000000d5580000,0x00000000d5580000,0x00000000d5980000)
  from space 512K, 49% used [0x00000000d5d80000,0x00000000d5dbf4f8,0x00000000d5e00000)
  to   space 512K, 0% used [0x00000000d5e00000,0x00000000d5e00000,0x00000000d5e80000)
 ParOldGen       total 1006080K, used 1005830K [0x0000000080000000, 0x00000000bd680000, 0x00000000d5580000)
  object space 1006080K, 99% used [0x0000000080000000,0x00000000bd641b28,0x00000000bd680000)
 Metaspace       used 86333K, committed 88128K, reserved 1179648K
  class space    used 8446K, committed 9280K, reserved 1048576K
}
Event: 6072.568 GC heap before
{Heap before GC invocations=5771 (full 6):
 PSYoungGen      total 4608K, used 4349K [0x00000000d5580000, 0x00000000d5e80000, 0x0000000100000000)
  eden space 4096K, 100% used [0x00000000d5580000,0x00000000d5980000,0x00000000d5980000)
  from space 512K, 49% used [0x00000000d5d80000,0x00000000d5dbf4f8,0x00000000d5e00000)
  to   space 512K, 0% used [0x00000000d5e00000,0x00000000d5e00000,0x00000000d5e80000)
 ParOldGen       total 1006080K, used 1005830K [0x0000000080000000, 0x00000000bd680000, 0x00000000d5580000)
  object space 1006080K, 99% used [0x0000000080000000,0x00000000bd641b28,0x00000000bd680000)
 Metaspace       used 86334K, committed 88128K, reserved 1179648K
  class space    used 8446K, committed 9280K, reserved 1048576K
}
Event: 6072.569 GC heap after
{Heap after GC invocations=5771 (full 6):
 PSYoungGen      total 4608K, used 224K [0x00000000d5580000, 0x00000000d5e80000, 0x0000000100000000)
  eden space 4096K, 0% used [0x00000000d5580000,0x00000000d5580000,0x00000000d5980000)
  from space 512K, 43% used [0x00000000d5e00000,0x00000000d5e38000,0x00000000d5e80000)
  to   space 512K, 0% used [0x00000000d5d80000,0x00000000d5d80000,0x00000000d5e00000)
 ParOldGen       total 1006080K, used 1005862K [0x0000000080000000, 0x00000000bd680000, 0x00000000d5580000)
  object space 1006080K, 99% used [0x0000000080000000,0x00000000bd649b28,0x00000000bd680000)
 Metaspace       used 86334K, committed 88128K, reserved 1179648K
  class space    used 8446K, committed 9280K, reserved 1048576K
}
Event: 6073.318 GC heap before
{Heap before GC invocations=5772 (full 6):
 PSYoungGen      total 4608K, used 4319K [0x00000000d5580000, 0x00000000d5e80000, 0x0000000100000000)
  eden space 4096K, 99% used [0x00000000d5580000,0x00000000d597fff0,0x00000000d5980000)
  from space 512K, 43% used [0x00000000d5e00000,0x00000000d5e38000,0x00000000d5e80000)
  to   space 512K, 0% used [0x00000000d5d80000,0x00000000d5d80000,0x00000000d5e00000)
 ParOldGen       total 1006080K, used 1005862K [0x0000000080000000, 0x00000000bd680000, 0x00000000d5580000)
  object space 1006080K, 99% used [0x0000000080000000,0x00000000bd649b28,0x00000000bd680000)
 Metaspace       used 86334K, committed 88128K, reserved 1179648K
  class space    used 8446K, committed 9280K, reserved 1048576K
}
Event: 6073.319 GC heap after
{Heap after GC invocations=5772 (full 6):
 PSYoungGen      total 4608K, used 224K [0x00000000d5580000, 0x00000000d5e80000, 0x0000000100000000)
  eden space 4096K, 0% used [0x00000000d5580000,0x00000000d5580000,0x00000000d5980000)
  from space 512K, 43% used [0x00000000d5d80000,0x00000000d5db8000,0x00000000d5e00000)
  to   space 512K, 0% used [0x00000000d5e00000,0x00000000d5e00000,0x00000000d5e80000)
 ParOldGen       total 1006080K, used 1005932K [0x0000000080000000, 0x00000000bd680000, 0x00000000d5580000)
  object space 1006080K, 99% used [0x0000000080000000,0x00000000bd65b3c8,0x00000000bd680000)
 Metaspace       used 86334K, committed 88128K, reserved 1179648K
  class space    used 8446K, committed 9280K, reserved 1048576K
}
Event: 6075.734 GC heap before
{Heap before GC invocations=5773 (full 6):
 PSYoungGen      total 4608K, used 4320K [0x00000000d5580000, 0x00000000d5e80000, 0x0000000100000000)
  eden space 4096K, 100% used [0x00000000d5580000,0x00000000d5980000,0x00000000d5980000)
  from space 512K, 43% used [0x00000000d5d80000,0x00000000d5db8000,0x00000000d5e00000)
  to   space 512K, 0% used [0x00000000d5e00000,0x00000000d5e00000,0x00000000d5e80000)
 ParOldGen       total 1006080K, used 1005932K [0x0000000080000000, 0x00000000bd680000, 0x00000000d5580000)
  object space 1006080K, 99% used [0x0000000080000000,0x00000000bd65b3c8,0x00000000bd680000)
 Metaspace       used 86334K, committed 88128K, reserved 1179648K
  class space    used 8446K, committed 9280K, reserved 1048576K
}
Event: 6075.737 GC heap after
{Heap after GC invocations=5773 (full 6):
 PSYoungGen      total 4608K, used 192K [0x00000000d5580000, 0x00000000d5e80000, 0x0000000100000000)
  eden space 4096K, 0% used [0x00000000d5580000,0x00000000d5580000,0x00000000d5980000)
  from space 512K, 37% used [0x00000000d5e00000,0x00000000d5e30000,0x00000000d5e80000)
  to   space 512K, 0% used [0x00000000d5d80000,0x00000000d5d80000,0x00000000d5e00000)
 ParOldGen       total 1006080K, used 1005940K [0x0000000080000000, 0x00000000bd680000, 0x00000000d5580000)
  object space 1006080K, 99% used [0x0000000080000000,0x00000000bd65d3c8,0x00000000bd680000)
 Metaspace       used 86334K, committed 88128K, reserved 1179648K
  class space    used 8446K, committed 9280K, reserved 1048576K
}
Event: 6082.776 GC heap before
{Heap before GC invocations=5774 (full 6):
 PSYoungGen      total 4608K, used 4288K [0x00000000d5580000, 0x00000000d5e80000, 0x0000000100000000)
  eden space 4096K, 100% used [0x00000000d5580000,0x00000000d5980000,0x00000000d5980000)
  from space 512K, 37% used [0x00000000d5e00000,0x00000000d5e30000,0x00000000d5e80000)
  to   space 512K, 0% used [0x00000000d5d80000,0x00000000d5d80000,0x00000000d5e00000)
 ParOldGen       total 1006080K, used 1005940K [0x0000000080000000, 0x00000000bd680000, 0x00000000d5580000)
  object space 1006080K, 99% used [0x0000000080000000,0x00000000bd65d3c8,0x00000000bd680000)
 Metaspace       used 86334K, committed 88128K, reserved 1179648K
  class space    used 8446K, committed 9280K, reserved 1048576K
}
Event: 6082.779 GC heap after
{Heap after GC invocations=5774 (full 6):
 PSYoungGen      total 4608K, used 224K [0x00000000d5580000, 0x00000000d5e80000, 0x0000000100000000)
  eden space 4096K, 0% used [0x00000000d5580000,0x00000000d5580000,0x00000000d5980000)
  from space 512K, 43% used [0x00000000d5d80000,0x00000000d5db8000,0x00000000d5e00000)
  to   space 512K, 0% used [0x00000000d5e00000,0x00000000d5e00000,0x00000000d5e80000)
 ParOldGen       total 1006080K, used 1005940K [0x0000000080000000, 0x00000000bd680000, 0x00000000d5580000)
  object space 1006080K, 99% used [0x0000000080000000,0x00000000bd65d3c8,0x00000000bd680000)
 Metaspace       used 86334K, committed 88128K, reserved 1179648K
  class space    used 8446K, committed 9280K, reserved 1048576K
}
Event: 6085.316 GC heap before
{Heap before GC invocations=5775 (full 6):
 PSYoungGen      total 4608K, used 4320K [0x00000000d5580000, 0x00000000d5e80000, 0x0000000100000000)
  eden space 4096K, 100% used [0x00000000d5580000,0x00000000d5980000,0x00000000d5980000)
  from space 512K, 43% used [0x00000000d5d80000,0x00000000d5db8000,0x00000000d5e00000)
  to   space 512K, 0% used [0x00000000d5e00000,0x00000000d5e00000,0x00000000d5e80000)
 ParOldGen       total 1006080K, used 1005940K [0x0000000080000000, 0x00000000bd680000, 0x00000000d5580000)
  object space 1006080K, 99% used [0x0000000080000000,0x00000000bd65d3c8,0x00000000bd680000)
 Metaspace       used 86334K, committed 88128K, reserved 1179648K
  class space    used 8446K, committed 9280K, reserved 1048576K
}
Event: 6085.319 GC heap after
{Heap after GC invocations=5775 (full 6):
 PSYoungGen      total 4608K, used 192K [0x00000000d5580000, 0x00000000d5e80000, 0x0000000100000000)
  eden space 4096K, 0% used [0x00000000d5580000,0x00000000d5580000,0x00000000d5980000)
  from space 512K, 37% used [0x00000000d5e00000,0x00000000d5e30000,0x00000000d5e80000)
  to   space 512K, 0% used [0x00000000d5d80000,0x00000000d5d80000,0x00000000d5e00000)
 ParOldGen       total 1006080K, used 1005948K [0x0000000080000000, 0x00000000bd680000, 0x00000000d5580000)
  object space 1006080K, 99% used [0x0000000080000000,0x00000000bd65f3c8,0x00000000bd680000)
 Metaspace       used 86334K, committed 88128K, reserved 1179648K
  class space    used 8446K, committed 9280K, reserved 1048576K
}
Event: 6097.379 GC heap before
{Heap before GC invocations=5776 (full 6):
 PSYoungGen      total 4608K, used 4288K [0x00000000d5580000, 0x00000000d5e80000, 0x0000000100000000)
  eden space 4096K, 100% used [0x00000000d5580000,0x00000000d5980000,0x00000000d5980000)
  from space 512K, 37% used [0x00000000d5e00000,0x00000000d5e30000,0x00000000d5e80000)
  to   space 512K, 0% used [0x00000000d5d80000,0x00000000d5d80000,0x00000000d5e00000)
 ParOldGen       total 1006080K, used 1005948K [0x0000000080000000, 0x00000000bd680000, 0x00000000d5580000)
  object space 1006080K, 99% used [0x0000000080000000,0x00000000bd65f3c8,0x00000000bd680000)
 Metaspace       used 86334K, committed 88128K, reserved 1179648K
  class space    used 8446K, committed 9280K, reserved 1048576K
}
Event: 6097.381 GC heap after
{Heap after GC invocations=5776 (full 6):
 PSYoungGen      total 4608K, used 224K [0x00000000d5580000, 0x00000000d5e80000, 0x0000000100000000)
  eden space 4096K, 0% used [0x00000000d5580000,0x00000000d5580000,0x00000000d5980000)
  from space 512K, 43% used [0x00000000d5d80000,0x00000000d5db8000,0x00000000d5e00000)
  to   space 512K, 0% used [0x00000000d5e00000,0x00000000d5e00000,0x00000000d5e80000)
 ParOldGen       total 1006080K, used 1005964K [0x0000000080000000, 0x00000000bd680000, 0x00000000d5580000)
  object space 1006080K, 99% used [0x0000000080000000,0x00000000bd6633c8,0x00000000bd680000)
 Metaspace       used 86334K, committed 88128K, reserved 1179648K
  class space    used 8446K, committed 9280K, reserved 1048576K
}

