# JRE version: OpenJDK Runtime Environment Temurin-21.0.11+10 (21.0.11+10) (build 21.0.11+10-LTS)
# Java VM: OpenJDK 64-Bit Server VM Temurin-21.0.11+10 (21.0.11+10-LTS, mixed mode, sharing, tiered, compressed oops, compressed class ptrs, parallel gc, windows-amd64)
GC Precious Log:
 CardTable entry size: 512
 CPUs: 8 total, 8 available
 Memory: 12055M
 Large Page Support: Disabled
 NUMA Support: Disabled
 Compressed Oops: Enabled (32-bit)
 Alignments: Space 512K, Generation 512K, Heap 2M
 Heap Min Capacity: 100M
 Heap Initial Capacity: 100M
 Heap Max Capacity: 2G
 Pre-touch: Disabled
 Parallel Workers: 8
Heap:
 PSYoungGen      total 13312K, used 12464K [0x00000000d5580000, 0x00000000d6600000, 0x0000000100000000)
  eden space 11776K, 95% used [0x00000000d5580000,0x00000000d607ee70,0x00000000d6100000)
  from space 1536K, 78% used [0x00000000d6480000,0x00000000d65ad418,0x00000000d6600000)
  to   space 2048K, 0% used [0x00000000d6200000,0x00000000d6200000,0x00000000d6400000)
 ParOldGen       total 68608K, used 46993K [0x0000000080000000, 0x0000000084300000, 0x00000000d5580000)
  object space 68608K, 68% used [0x0000000080000000,0x0000000082de47a0,0x0000000084300000)
 Metaspace       used 63550K, committed 64960K, reserved 1114112K
  class space    used 6742K, committed 7296K, reserved 1048576K
GC Heap History (20 events):
Event: 19.456 GC heap before
{Heap before GC invocations=34 (full 2):
 PSYoungGen      total 16384K, used 15392K [0x00000000d5580000, 0x00000000d6900000, 0x0000000100000000)
  eden space 14848K, 100% used [0x00000000d5580000,0x00000000d6400000,0x00000000d6400000)
  from space 1536K, 35% used [0x00000000d6680000,0x00000000d6708000,0x00000000d6800000)
  to   space 1024K, 0% used [0x00000000d6800000,0x00000000d6800000,0x00000000d6900000)
 ParOldGen       total 68608K, used 42836K [0x0000000080000000, 0x0000000084300000, 0x00000000d5580000)
  object space 68608K, 62% used [0x0000000080000000,0x00000000829d53d8,0x0000000084300000)
 Metaspace       used 54468K, committed 55616K, reserved 1114112K
  class space    used 5849K, committed 6336K, reserved 1048576K
}
Event: 19.459 GC heap after
{Heap after GC invocations=34 (full 2):
 PSYoungGen      total 15872K, used 512K [0x00000000d5580000, 0x00000000d6900000, 0x0000000100000000)
  eden space 14848K, 0% used [0x00000000d5580000,0x00000000d5580000,0x00000000d6400000)
  from space 1024K, 50% used [0x00000000d6800000,0x00000000d6880030,0x00000000d6900000)
  to   space 1024K, 0% used [0x00000000d6700000,0x00000000d6700000,0x00000000d6800000)
 ParOldGen       total 68608K, used 43076K [0x0000000080000000, 0x0000000084300000, 0x00000000d5580000)
  object space 68608K, 62% used [0x0000000080000000,0x0000000082a113d8,0x0000000084300000)
 Metaspace       used 54468K, committed 55616K, reserved 1114112K
  class space    used 5849K, committed 6336K, reserved 1048576K
}
Event: 19.659 GC heap before
{Heap before GC invocations=35 (full 2):
 PSYoungGen      total 15872K, used 15360K [0x00000000d5580000, 0x00000000d6900000, 0x0000000100000000)
  eden space 14848K, 99% used [0x00000000d5580000,0x00000000d63ffff8,0x00000000d6400000)
  from space 1024K, 50% used [0x00000000d6800000,0x00000000d6880030,0x00000000d6900000)
  to   space 1024K, 0% used [0x00000000d6700000,0x00000000d6700000,0x00000000d6800000)
 ParOldGen       total 68608K, used 43076K [0x0000000080000000, 0x0000000084300000, 0x00000000d5580000)
  object space 68608K, 62% used [0x0000000080000000,0x0000000082a113d8,0x0000000084300000)
 Metaspace       used 55512K, committed 56768K, reserved 1114112K
  class space    used 5979K, committed 6528K, reserved 1048576K
}
Event: 19.662 GC heap after
{Heap after GC invocations=35 (full 2):
 PSYoungGen      total 15872K, used 1023K [0x00000000d5580000, 0x00000000d6d00000, 0x0000000100000000)
  eden space 14848K, 0% used [0x00000000d5580000,0x00000000d5580000,0x00000000d6400000)
  from space 1024K, 99% used [0x00000000d6700000,0x00000000d67ffea0,0x00000000d6800000)
  to   space 4608K, 0% used [0x00000000d6880000,0x00000000d6880000,0x00000000d6d00000)
 ParOldGen       total 68608K, used 46048K [0x0000000080000000, 0x0000000084300000, 0x00000000d5580000)
  object space 68608K, 67% used [0x0000000080000000,0x0000000082cf8340,0x0000000084300000)
 Metaspace       used 55512K, committed 56768K, reserved 1114112K
  class space    used 5979K, committed 6528K, reserved 1048576K
}
Event: 19.865 GC heap before
{Heap before GC invocations=36 (full 2):
 PSYoungGen      total 15872K, used 15871K [0x00000000d5580000, 0x00000000d6d00000, 0x0000000100000000)
  eden space 14848K, 100% used [0x00000000d5580000,0x00000000d6400000,0x00000000d6400000)
  from space 1024K, 99% used [0x00000000d6700000,0x00000000d67ffea0,0x00000000d6800000)
  to   space 4608K, 0% used [0x00000000d6880000,0x00000000d6880000,0x00000000d6d00000)
 ParOldGen       total 68608K, used 46048K [0x0000000080000000, 0x0000000084300000, 0x00000000d5580000)
  object space 68608K, 67% used [0x0000000080000000,0x0000000082cf8340,0x0000000084300000)
 Metaspace       used 56661K, committed 57856K, reserved 1114112K
  class space    used 6088K, committed 6592K, reserved 1048576K
}
Event: 19.870 GC heap after
{Heap after GC invocations=36 (full 2):
 PSYoungGen      total 17920K, used 2808K [0x00000000d5580000, 0x00000000d6b80000, 0x0000000100000000)
  eden space 14848K, 0% used [0x00000000d5580000,0x00000000d5580000,0x00000000d6400000)
  from space 3072K, 91% used [0x00000000d6880000,0x00000000d6b3e330,0x00000000d6b80000)
  to   space 3584K, 0% used [0x00000000d6480000,0x00000000d6480000,0x00000000d6800000)
 ParOldGen       total 68608K, used 46756K [0x0000000080000000, 0x0000000084300000, 0x00000000d5580000)
  object space 68608K, 68% used [0x0000000080000000,0x0000000082da9038,0x0000000084300000)
 Metaspace       used 56661K, committed 57856K, reserved 1114112K
  class space    used 6088K, committed 6592K, reserved 1048576K
}
Event: 20.314 GC heap before
{Heap before GC invocations=37 (full 2):
 PSYoungGen      total 17920K, used 17611K [0x00000000d5580000, 0x00000000d6b80000, 0x0000000100000000)
  eden space 14848K, 99% used [0x00000000d5580000,0x00000000d63f4c18,0x00000000d6400000)
  from space 3072K, 91% used [0x00000000d6880000,0x00000000d6b3e330,0x00000000d6b80000)
  to   space 3584K, 0% used [0x00000000d6480000,0x00000000d6480000,0x00000000d6800000)
 ParOldGen       total 68608K, used 46756K [0x0000000080000000, 0x0000000084300000, 0x00000000d5580000)
  object space 68608K, 68% used [0x0000000080000000,0x0000000082da9038,0x0000000084300000)
 Metaspace       used 57888K, committed 59136K, reserved 1114112K
  class space    used 6220K, committed 6784K, reserved 1048576K
}
Event: 20.321 GC heap after
{Heap after GC invocations=37 (full 2):
 PSYoungGen      total 17920K, used 2784K [0x00000000d5580000, 0x00000000d6a00000, 0x0000000100000000)
  eden space 14848K, 0% used [0x00000000d5580000,0x00000000d5580000,0x00000000d6400000)
  from space 3072K, 90% used [0x00000000d6480000,0x00000000d6738010,0x00000000d6780000)
  to   space 2560K, 0% used [0x00000000d6780000,0x00000000d6780000,0x00000000d6a00000)
 ParOldGen       total 68608K, used 49385K [0x0000000080000000, 0x0000000084300000, 0x00000000d5580000)
  object space 68608K, 71% used [0x0000000080000000,0x000000008303a548,0x0000000084300000)
 Metaspace       used 57888K, committed 59136K, reserved 1114112K
  class space    used 6220K, committed 6784K, reserved 1048576K
}
Event: 20.569 GC heap before
{Heap before GC invocations=38 (full 2):
 PSYoungGen      total 17920K, used 9621K [0x00000000d5580000, 0x00000000d6a00000, 0x0000000100000000)
  eden space 14848K, 46% used [0x00000000d5580000,0x00000000d5c2d530,0x00000000d6400000)
  from space 3072K, 90% used [0x00000000d6480000,0x00000000d6738010,0x00000000d6780000)
  to   space 2560K, 0% used [0x00000000d6780000,0x00000000d6780000,0x00000000d6a00000)
 ParOldGen       total 68608K, used 49385K [0x0000000080000000, 0x0000000084300000, 0x00000000d5580000)
  object space 68608K, 71% used [0x0000000080000000,0x000000008303a548,0x0000000084300000)
 Metaspace       used 58613K, committed 59776K, reserved 1114112K
  class space    used 6298K, committed 6784K, reserved 1048576K
}
Event: 20.573 GC heap after
{Heap after GC invocations=38 (full 2):
 PSYoungGen      total 15872K, used 832K [0x00000000d5580000, 0x00000000d6880000, 0x0000000100000000)
  eden space 14848K, 0% used [0x00000000d5580000,0x00000000d5580000,0x00000000d6400000)
  from space 1024K, 81% used [0x00000000d6780000,0x00000000d68500e0,0x00000000d6880000)
  to   space 2048K, 0% used [0x00000000d6480000,0x00000000d6480000,0x00000000d6680000)
 ParOldGen       total 68608K, used 51979K [0x0000000080000000, 0x0000000084300000, 0x00000000d5580000)
  object space 68608K, 75% used [0x0000000080000000,0x00000000832c2e58,0x0000000084300000)
 Metaspace       used 58613K, committed 59776K, reserved 1114112K
  class space    used 6298K, committed 6784K, reserved 1048576K
}
Event: 20.573 GC heap before
{Heap before GC invocations=39 (full 3):
 PSYoungGen      total 15872K, used 832K [0x00000000d5580000, 0x00000000d6880000, 0x0000000100000000)
  eden space 14848K, 0% used [0x00000000d5580000,0x00000000d5580000,0x00000000d6400000)
  from space 1024K, 81% used [0x00000000d6780000,0x00000000d68500e0,0x00000000d6880000)
  to   space 2048K, 0% used [0x00000000d6480000,0x00000000d6480000,0x00000000d6680000)
 ParOldGen       total 68608K, used 51979K [0x0000000080000000, 0x0000000084300000, 0x00000000d5580000)
  object space 68608K, 75% used [0x0000000080000000,0x00000000832c2e58,0x0000000084300000)
 Metaspace       used 58613K, committed 59776K, reserved 1114112K
  class space    used 6298K, committed 6784K, reserved 1048576K
}
Event: 20.718 GC heap after
{Heap after GC invocations=39 (full 3):
 PSYoungGen      total 15872K, used 0K [0x00000000d5580000, 0x00000000d6880000, 0x0000000100000000)
  eden space 14848K, 0% used [0x00000000d5580000,0x00000000d5580000,0x00000000d6400000)
  from space 1024K, 0% used [0x00000000d6780000,0x00000000d6780000,0x00000000d6880000)
  to   space 2048K, 0% used [0x00000000d6480000,0x00000000d6480000,0x00000000d6680000)
 ParOldGen       total 68608K, used 40990K [0x0000000080000000, 0x0000000084300000, 0x00000000d5580000)
  object space 68608K, 59% used [0x0000000080000000,0x0000000082807bd0,0x0000000084300000)
 Metaspace       used 58613K, committed 59776K, reserved 1114112K
  class space    used 6298K, committed 6784K, reserved 1048576K
}
Event: 21.646 GC heap before
{Heap before GC invocations=40 (full 3):
 PSYoungGen      total 15872K, used 14848K [0x00000000d5580000, 0x00000000d6880000, 0x0000000100000000)
  eden space 14848K, 100% used [0x00000000d5580000,0x00000000d6400000,0x00000000d6400000)
  from space 1024K, 0% used [0x00000000d6780000,0x00000000d6780000,0x00000000d6880000)
  to   space 2048K, 0% used [0x00000000d6480000,0x00000000d6480000,0x00000000d6680000)
 ParOldGen       total 68608K, used 40990K [0x0000000080000000, 0x0000000084300000, 0x00000000d5580000)
  object space 68608K, 59% used [0x0000000080000000,0x0000000082807bd0,0x0000000084300000)
 Metaspace       used 59865K, committed 61120K, reserved 1114112K
  class space    used 6403K, committed 6912K, reserved 1048576K
}
Event: 21.649 GC heap after
{Heap after GC invocations=40 (full 3):
 PSYoungGen      total 16384K, used 1513K [0x00000000d5580000, 0x00000000d6800000, 0x0000000100000000)
  eden space 14848K, 0% used [0x00000000d5580000,0x00000000d5580000,0x00000000d6400000)
  from space 1536K, 98% used [0x00000000d6480000,0x00000000d65fa6c8,0x00000000d6600000)
  to   space 2048K, 0% used [0x00000000d6600000,0x00000000d6600000,0x00000000d6800000)
 ParOldGen       total 68608K, used 40998K [0x0000000080000000, 0x0000000084300000, 0x00000000d5580000)
  object space 68608K, 59% used [0x0000000080000000,0x0000000082809bd0,0x0000000084300000)
 Metaspace       used 59865K, committed 61120K, reserved 1114112K
  class space    used 6403K, committed 6912K, reserved 1048576K
}
Event: 22.055 GC heap before
{Heap before GC invocations=41 (full 3):
 PSYoungGen      total 16384K, used 16361K [0x00000000d5580000, 0x00000000d6800000, 0x0000000100000000)
  eden space 14848K, 100% used [0x00000000d5580000,0x00000000d6400000,0x00000000d6400000)
  from space 1536K, 98% used [0x00000000d6480000,0x00000000d65fa6c8,0x00000000d6600000)
  to   space 2048K, 0% used [0x00000000d6600000,0x00000000d6600000,0x00000000d6800000)
 ParOldGen       total 68608K, used 40998K [0x0000000080000000, 0x0000000084300000, 0x00000000d5580000)
  object space 68608K, 59% used [0x0000000080000000,0x0000000082809bd0,0x0000000084300000)
 Metaspace       used 60938K, committed 62272K, reserved 1114112K
  class space    used 6506K, committed 7040K, reserved 1048576K
}
Event: 22.060 GC heap after
{Heap after GC invocations=41 (full 3):
 PSYoungGen      total 13824K, used 2044K [0x00000000d5580000, 0x00000000d6e00000, 0x0000000100000000)
  eden space 11776K, 0% used [0x00000000d5580000,0x00000000d5580000,0x00000000d6100000)
  from space 2048K, 99% used [0x00000000d6600000,0x00000000d67ff1c8,0x00000000d6800000)
  to   space 5120K, 0% used [0x00000000d6100000,0x00000000d6100000,0x00000000d6600000)
 ParOldGen       total 68608K, used 43140K [0x0000000080000000, 0x0000000084300000, 0x00000000d5580000)
  object space 68608K, 62% used [0x0000000080000000,0x0000000082a213b0,0x0000000084300000)
 Metaspace       used 60938K, committed 62272K, reserved 1114112K
  class space    used 6506K, committed 7040K, reserved 1048576K
}
Event: 22.476 GC heap before
{Heap before GC invocations=42 (full 3):
 PSYoungGen      total 13824K, used 13786K [0x00000000d5580000, 0x00000000d6e00000, 0x0000000100000000)
  eden space 11776K, 99% used [0x00000000d5580000,0x00000000d60f79b8,0x00000000d6100000)
  from space 2048K, 99% used [0x00000000d6600000,0x00000000d67ff1c8,0x00000000d6800000)
  to   space 5120K, 0% used [0x00000000d6100000,0x00000000d6100000,0x00000000d6600000)
 ParOldGen       total 68608K, used 43140K [0x0000000080000000, 0x0000000084300000, 0x00000000d5580000)
  object space 68608K, 62% used [0x0000000080000000,0x0000000082a213b0,0x0000000084300000)
 Metaspace       used 61944K, committed 63232K, reserved 1114112K
  class space    used 6599K, committed 7168K, reserved 1048576K
}
Event: 22.479 GC heap after
{Heap after GC invocations=42 (full 3):
 PSYoungGen      total 14848K, used 2811K [0x00000000d5580000, 0x00000000d6800000, 0x0000000100000000)
  eden space 11776K, 0% used [0x00000000d5580000,0x00000000d5580000,0x00000000d6100000)
  from space 3072K, 91% used [0x00000000d6100000,0x00000000d63bee88,0x00000000d6400000)
  to   space 3584K, 0% used [0x00000000d6480000,0x00000000d6480000,0x00000000d6800000)
 ParOldGen       total 68608K, used 45103K [0x0000000080000000, 0x0000000084300000, 0x00000000d5580000)
  object space 68608K, 65% used [0x0000000080000000,0x0000000082c0be80,0x0000000084300000)
 Metaspace       used 61944K, committed 63232K, reserved 1114112K
  class space    used 6599K, committed 7168K, reserved 1048576K
}
Event: 22.785 GC heap before
{Heap before GC invocations=43 (full 3):
 PSYoungGen      total 14848K, used 14577K [0x00000000d5580000, 0x00000000d6800000, 0x0000000100000000)
  eden space 11776K, 99% used [0x00000000d5580000,0x00000000d60fd880,0x00000000d6100000)
  from space 3072K, 91% used [0x00000000d6100000,0x00000000d63bee88,0x00000000d6400000)
  to   space 3584K, 0% used [0x00000000d6480000,0x00000000d6480000,0x00000000d6800000)
 ParOldGen       total 68608K, used 45103K [0x0000000080000000, 0x0000000084300000, 0x00000000d5580000)
  object space 68608K, 65% used [0x0000000080000000,0x0000000082c0be80,0x0000000084300000)
 Metaspace       used 62876K, committed 64192K, reserved 1114112K
  class space    used 6678K, committed 7232K, reserved 1048576K
}
Event: 22.789 GC heap after
{Heap after GC invocations=43 (full 3):
 PSYoungGen      total 13312K, used 1205K [0x00000000d5580000, 0x00000000d6600000, 0x0000000100000000)
  eden space 11776K, 0% used [0x00000000d5580000,0x00000000d5580000,0x00000000d6100000)
  from space 1536K, 78% used [0x00000000d6480000,0x00000000d65ad418,0x00000000d6600000)
  to   space 2048K, 0% used [0x00000000d6200000,0x00000000d6200000,0x00000000d6400000)
 ParOldGen       total 68608K, used 46993K [0x0000000080000000, 0x0000000084300000, 0x00000000d5580000)
  object space 68608K, 68% used [0x0000000080000000,0x0000000082de47a0,0x0000000084300000)
 Metaspace       used 62876K, committed 64192K, reserved 1114112K
  class space    used 6678K, committed 7232K, reserved 1048576K
}

