# JRE version: OpenJDK Runtime Environment Temurin-21.0.11+10 (21.0.11+10) (build 21.0.11+10-LTS)
# Java VM: OpenJDK 64-Bit Server VM Temurin-21.0.11+10 (21.0.11+10-LTS, mixed mode, sharing, tiered, compressed oops, compressed class ptrs, parallel gc, windows-amd64)
GC Precious Log:
 CardTable entry size: 512
 CPUs: 8 total, 8 available
 Memory: 12055M
 Large Page Support: Disabled
 NUMA Support: Disabled
 Compressed Oops: Enabled (32-bit)
 Alignments: Space 512K, Generation 512K, Heap 2M
 Heap Min Capacity: 100M
 Heap Initial Capacity: 100M
 Heap Max Capacity: 2G
 Pre-touch: Disabled
 Parallel Workers: 8
Heap:
 PSYoungGen      total 22016K, used 6916K [0x00000000d5580000, 0x00000000d6f00000, 0x0000000100000000)
  eden space 18944K, 22% used [0x00000000d5580000,0x00000000d59a13c0,0x00000000d6800000)
  from space 3072K, 87% used [0x00000000d6c00000,0x00000000d6e9fdf0,0x00000000d6f00000)
  to   space 3584K, 0% used [0x00000000d6800000,0x00000000d6800000,0x00000000d6b80000)
 ParOldGen       total 68608K, used 46597K [0x0000000080000000, 0x0000000084300000, 0x00000000d5580000)
  object space 68608K, 67% used [0x0000000080000000,0x0000000082d81788,0x0000000084300000)
 Metaspace       used 56318K, committed 57600K, reserved 1114112K
  class space    used 5952K, committed 6464K, reserved 1048576K
GC Heap History (20 events):
Event: 15.733 GC heap before
{Heap before GC invocations=23 (full 2):
 PSYoungGen      total 23552K, used 23284K [0x00000000d5580000, 0x00000000d6f80000, 0x0000000100000000)
  eden space 20992K, 100% used [0x00000000d5580000,0x00000000d6a00000,0x00000000d6a00000)
  from space 2560K, 89% used [0x00000000d6d00000,0x00000000d6f3d080,0x00000000d6f80000)
  to   space 2560K, 0% used [0x00000000d6a00000,0x00000000d6a00000,0x00000000d6c80000)
 ParOldGen       total 68608K, used 31036K [0x0000000080000000, 0x0000000084300000, 0x00000000d5580000)
  object space 68608K, 45% used [0x0000000080000000,0x0000000081e4f190,0x0000000084300000)
 Metaspace       used 40618K, committed 41856K, reserved 1114112K
  class space    used 4287K, committed 4800K, reserved 1048576K
}
Event: 15.737 GC heap after
{Heap after GC invocations=23 (full 2):
 PSYoungGen      total 23040K, used 1816K [0x00000000d5580000, 0x00000000d6e00000, 0x0000000100000000)
  eden space 20992K, 0% used [0x00000000d5580000,0x00000000d5580000,0x00000000d6a00000)
  from space 2048K, 88% used [0x00000000d6a00000,0x00000000d6bc6200,0x00000000d6c00000)
  to   space 2048K, 0% used [0x00000000d6c00000,0x00000000d6c00000,0x00000000d6e00000)
 ParOldGen       total 68608K, used 33020K [0x0000000080000000, 0x0000000084300000, 0x00000000d5580000)
  object space 68608K, 48% used [0x0000000080000000,0x000000008203f1a0,0x0000000084300000)
 Metaspace       used 40618K, committed 41856K, reserved 1114112K
  class space    used 4287K, committed 4800K, reserved 1048576K
}
Event: 16.037 GC heap before
{Heap before GC invocations=24 (full 2):
 PSYoungGen      total 23040K, used 22808K [0x00000000d5580000, 0x00000000d6e00000, 0x0000000100000000)
  eden space 20992K, 100% used [0x00000000d5580000,0x00000000d6a00000,0x00000000d6a00000)
  from space 2048K, 88% used [0x00000000d6a00000,0x00000000d6bc6200,0x00000000d6c00000)
  to   space 2048K, 0% used [0x00000000d6c00000,0x00000000d6c00000,0x00000000d6e00000)
 ParOldGen       total 68608K, used 33020K [0x0000000080000000, 0x0000000084300000, 0x00000000d5580000)
  object space 68608K, 48% used [0x0000000080000000,0x000000008203f1a0,0x0000000084300000)
 Metaspace       used 42489K, committed 43776K, reserved 1114112K
  class space    used 4468K, committed 4992K, reserved 1048576K
}
Event: 16.042 GC heap after
{Heap after GC invocations=24 (full 2):
 PSYoungGen      total 23040K, used 1524K [0x00000000d5580000, 0x00000000d6e00000, 0x0000000100000000)
  eden space 20992K, 0% used [0x00000000d5580000,0x00000000d5580000,0x00000000d6a00000)
  from space 2048K, 74% used [0x00000000d6c00000,0x00000000d6d7d1e0,0x00000000d6e00000)
  to   space 2048K, 0% used [0x00000000d6a00000,0x00000000d6a00000,0x00000000d6c00000)
 ParOldGen       total 68608K, used 34721K [0x0000000080000000, 0x0000000084300000, 0x00000000d5580000)
  object space 68608K, 50% used [0x0000000080000000,0x00000000821e86f8,0x0000000084300000)
 Metaspace       used 42489K, committed 43776K, reserved 1114112K
  class space    used 4468K, committed 4992K, reserved 1048576K
}
Event: 16.526 GC heap before
{Heap before GC invocations=25 (full 2):
 PSYoungGen      total 23040K, used 22516K [0x00000000d5580000, 0x00000000d6e00000, 0x0000000100000000)
  eden space 20992K, 100% used [0x00000000d5580000,0x00000000d6a00000,0x00000000d6a00000)
  from space 2048K, 74% used [0x00000000d6c00000,0x00000000d6d7d1e0,0x00000000d6e00000)
  to   space 2048K, 0% used [0x00000000d6a00000,0x00000000d6a00000,0x00000000d6c00000)
 ParOldGen       total 68608K, used 34721K [0x0000000080000000, 0x0000000084300000, 0x00000000d5580000)
  object space 68608K, 50% used [0x0000000080000000,0x00000000821e86f8,0x0000000084300000)
 Metaspace       used 44822K, committed 46016K, reserved 1114112K
  class space    used 4751K, committed 5248K, reserved 1048576K
}
Event: 16.529 GC heap after
{Heap after GC invocations=25 (full 2):
 PSYoungGen      total 22016K, used 952K [0x00000000d5580000, 0x00000000d6d00000, 0x0000000100000000)
  eden space 20992K, 0% used [0x00000000d5580000,0x00000000d5580000,0x00000000d6a00000)
  from space 1024K, 93% used [0x00000000d6a00000,0x00000000d6aee2e8,0x00000000d6b00000)
  to   space 1536K, 0% used [0x00000000d6b80000,0x00000000d6b80000,0x00000000d6d00000)
 ParOldGen       total 68608K, used 36041K [0x0000000080000000, 0x0000000084300000, 0x00000000d5580000)
  object space 68608K, 52% used [0x0000000080000000,0x0000000082332740,0x0000000084300000)
 Metaspace       used 44822K, committed 46016K, reserved 1114112K
  class space    used 4751K, committed 5248K, reserved 1048576K
}
Event: 17.251 GC heap before
{Heap before GC invocations=26 (full 2):
 PSYoungGen      total 22016K, used 21944K [0x00000000d5580000, 0x00000000d6d00000, 0x0000000100000000)
  eden space 20992K, 100% used [0x00000000d5580000,0x00000000d6a00000,0x00000000d6a00000)
  from space 1024K, 93% used [0x00000000d6a00000,0x00000000d6aee2e8,0x00000000d6b00000)
  to   space 1536K, 0% used [0x00000000d6b80000,0x00000000d6b80000,0x00000000d6d00000)
 ParOldGen       total 68608K, used 36041K [0x0000000080000000, 0x0000000084300000, 0x00000000d5580000)
  object space 68608K, 52% used [0x0000000080000000,0x0000000082332740,0x0000000084300000)
 Metaspace       used 46993K, committed 48256K, reserved 1114112K
  class space    used 5026K, committed 5568K, reserved 1048576K
}
Event: 17.254 GC heap after
{Heap after GC invocations=26 (full 2):
 PSYoungGen      total 22528K, used 1184K [0x00000000d5580000, 0x00000000d6d00000, 0x0000000100000000)
  eden space 20992K, 0% used [0x00000000d5580000,0x00000000d5580000,0x00000000d6a00000)
  from space 1536K, 77% used [0x00000000d6b80000,0x00000000d6ca8000,0x00000000d6d00000)
  to   space 1536K, 0% used [0x00000000d6a00000,0x00000000d6a00000,0x00000000d6b80000)
 ParOldGen       total 68608K, used 36836K [0x0000000080000000, 0x0000000084300000, 0x00000000d5580000)
  object space 68608K, 53% used [0x0000000080000000,0x00000000823f9300,0x0000000084300000)
 Metaspace       used 46993K, committed 48256K, reserved 1114112K
  class space    used 5026K, committed 5568K, reserved 1048576K
}
Event: 17.842 GC heap before
{Heap before GC invocations=27 (full 2):
 PSYoungGen      total 22528K, used 22176K [0x00000000d5580000, 0x00000000d6d00000, 0x0000000100000000)
  eden space 20992K, 100% used [0x00000000d5580000,0x00000000d6a00000,0x00000000d6a00000)
  from space 1536K, 77% used [0x00000000d6b80000,0x00000000d6ca8000,0x00000000d6d00000)
  to   space 1536K, 0% used [0x00000000d6a00000,0x00000000d6a00000,0x00000000d6b80000)
 ParOldGen       total 68608K, used 36836K [0x0000000080000000, 0x0000000084300000, 0x00000000d5580000)
  object space 68608K, 53% used [0x0000000080000000,0x00000000823f9300,0x0000000084300000)
 Metaspace       used 48265K, committed 49536K, reserved 1114112K
  class space    used 5226K, committed 5760K, reserved 1048576K
}
Event: 17.845 GC heap after
{Heap after GC invocations=27 (full 2):
 PSYoungGen      total 22016K, used 928K [0x00000000d5580000, 0x00000000d6c00000, 0x0000000100000000)
  eden space 20992K, 0% used [0x00000000d5580000,0x00000000d5580000,0x00000000d6a00000)
  from space 1024K, 90% used [0x00000000d6a00000,0x00000000d6ae8000,0x00000000d6b00000)
  to   space 1024K, 0% used [0x00000000d6b00000,0x00000000d6b00000,0x00000000d6c00000)
 ParOldGen       total 68608K, used 37868K [0x0000000080000000, 0x0000000084300000, 0x00000000d5580000)
  object space 68608K, 55% used [0x0000000080000000,0x00000000824fb000,0x0000000084300000)
 Metaspace       used 48265K, committed 49536K, reserved 1114112K
  class space    used 5226K, committed 5760K, reserved 1048576K
}
Event: 18.268 GC heap before
{Heap before GC invocations=28 (full 2):
 PSYoungGen      total 22016K, used 21920K [0x00000000d5580000, 0x00000000d6c00000, 0x0000000100000000)
  eden space 20992K, 100% used [0x00000000d5580000,0x00000000d6a00000,0x00000000d6a00000)
  from space 1024K, 90% used [0x00000000d6a00000,0x00000000d6ae8000,0x00000000d6b00000)
  to   space 1024K, 0% used [0x00000000d6b00000,0x00000000d6b00000,0x00000000d6c00000)
 ParOldGen       total 68608K, used 37868K [0x0000000080000000, 0x0000000084300000, 0x00000000d5580000)
  object space 68608K, 55% used [0x0000000080000000,0x00000000824fb000,0x0000000084300000)
 Metaspace       used 49982K, committed 51200K, reserved 1114112K
  class space    used 5420K, committed 5952K, reserved 1048576K
}
Event: 18.272 GC heap after
{Heap after GC invocations=28 (full 2):
 PSYoungGen      total 22016K, used 736K [0x00000000d5580000, 0x00000000d6c00000, 0x0000000100000000)
  eden space 20992K, 0% used [0x00000000d5580000,0x00000000d5580000,0x00000000d6a00000)
  from space 1024K, 71% used [0x00000000d6b00000,0x00000000d6bb8020,0x00000000d6c00000)
  to   space 1024K, 0% used [0x00000000d6a00000,0x00000000d6a00000,0x00000000d6b00000)
 ParOldGen       total 68608K, used 38664K [0x0000000080000000, 0x0000000084300000, 0x00000000d5580000)
  object space 68608K, 56% used [0x0000000080000000,0x00000000825c2010,0x0000000084300000)
 Metaspace       used 49982K, committed 51200K, reserved 1114112K
  class space    used 5420K, committed 5952K, reserved 1048576K
}
Event: 18.753 GC heap before
{Heap before GC invocations=29 (full 2):
 PSYoungGen      total 22016K, used 21728K [0x00000000d5580000, 0x00000000d6c00000, 0x0000000100000000)
  eden space 20992K, 100% used [0x00000000d5580000,0x00000000d6a00000,0x00000000d6a00000)
  from space 1024K, 71% used [0x00000000d6b00000,0x00000000d6bb8020,0x00000000d6c00000)
  to   space 1024K, 0% used [0x00000000d6a00000,0x00000000d6a00000,0x00000000d6b00000)
 ParOldGen       total 68608K, used 38664K [0x0000000080000000, 0x0000000084300000, 0x00000000d5580000)
  object space 68608K, 56% used [0x0000000080000000,0x00000000825c2010,0x0000000084300000)
 Metaspace       used 52306K, committed 53568K, reserved 1114112K
  class space    used 5634K, committed 6144K, reserved 1048576K
}
Event: 18.756 GC heap after
{Heap after GC invocations=29 (full 2):
 PSYoungGen      total 22016K, used 1019K [0x00000000d5580000, 0x00000000d6e00000, 0x0000000100000000)
  eden space 20992K, 0% used [0x00000000d5580000,0x00000000d5580000,0x00000000d6a00000)
  from space 1024K, 99% used [0x00000000d6a00000,0x00000000d6afeeb8,0x00000000d6b00000)
  to   space 2048K, 0% used [0x00000000d6c00000,0x00000000d6c00000,0x00000000d6e00000)
 ParOldGen       total 68608K, used 39472K [0x0000000080000000, 0x0000000084300000, 0x00000000d5580000)
  object space 68608K, 57% used [0x0000000080000000,0x000000008268c290,0x0000000084300000)
 Metaspace       used 52306K, committed 53568K, reserved 1114112K
  class space    used 5634K, committed 6144K, reserved 1048576K
}
Event: 19.479 GC heap before
{Heap before GC invocations=30 (full 2):
 PSYoungGen      total 22016K, used 22011K [0x00000000d5580000, 0x00000000d6e00000, 0x0000000100000000)
  eden space 20992K, 99% used [0x00000000d5580000,0x00000000d69fffb8,0x00000000d6a00000)
  from space 1024K, 99% used [0x00000000d6a00000,0x00000000d6afeeb8,0x00000000d6b00000)
  to   space 2048K, 0% used [0x00000000d6c00000,0x00000000d6c00000,0x00000000d6e00000)
 ParOldGen       total 68608K, used 39472K [0x0000000080000000, 0x0000000084300000, 0x00000000d5580000)
  object space 68608K, 57% used [0x0000000080000000,0x000000008268c290,0x0000000084300000)
 Metaspace       used 53232K, committed 54464K, reserved 1114112K
  class space    used 5715K, committed 6208K, reserved 1048576K
}
Event: 19.484 GC heap after
{Heap after GC invocations=30 (full 2):
 PSYoungGen      total 20992K, used 2032K [0x00000000d5580000, 0x00000000d7200000, 0x0000000100000000)
  eden space 18944K, 0% used [0x00000000d5580000,0x00000000d5580000,0x00000000d6800000)
  from space 2048K, 99% used [0x00000000d6c00000,0x00000000d6dfc010,0x00000000d6e00000)
  to   space 4096K, 0% used [0x00000000d6800000,0x00000000d6800000,0x00000000d6c00000)
 ParOldGen       total 68608K, used 41151K [0x0000000080000000, 0x0000000084300000, 0x00000000d5580000)
  object space 68608K, 59% used [0x0000000080000000,0x000000008282fd38,0x0000000084300000)
 Metaspace       used 53232K, committed 54464K, reserved 1114112K
  class space    used 5715K, committed 6208K, reserved 1048576K
}
Event: 20.309 GC heap before
{Heap before GC invocations=31 (full 2):
 PSYoungGen      total 20992K, used 20976K [0x00000000d5580000, 0x00000000d7200000, 0x0000000100000000)
  eden space 18944K, 100% used [0x00000000d5580000,0x00000000d6800000,0x00000000d6800000)
  from space 2048K, 99% used [0x00000000d6c00000,0x00000000d6dfc010,0x00000000d6e00000)
  to   space 4096K, 0% used [0x00000000d6800000,0x00000000d6800000,0x00000000d6c00000)
 ParOldGen       total 68608K, used 41151K [0x0000000080000000, 0x0000000084300000, 0x00000000d5580000)
  object space 68608K, 59% used [0x0000000080000000,0x000000008282fd38,0x0000000084300000)
 Metaspace       used 54361K, committed 55616K, reserved 1114112K
  class space    used 5817K, committed 6336K, reserved 1048576K
}
Event: 20.314 GC heap after
{Heap after GC invocations=31 (full 2):
 PSYoungGen      total 23040K, used 3767K [0x00000000d5580000, 0x00000000d7000000, 0x0000000100000000)
  eden space 18944K, 0% used [0x00000000d5580000,0x00000000d5580000,0x00000000d6800000)
  from space 4096K, 91% used [0x00000000d6800000,0x00000000d6baddc0,0x00000000d6c00000)
  to   space 4096K, 0% used [0x00000000d6c00000,0x00000000d6c00000,0x00000000d7000000)
 ParOldGen       total 68608K, used 43186K [0x0000000080000000, 0x0000000084300000, 0x00000000d5580000)
  object space 68608K, 62% used [0x0000000080000000,0x0000000082a2c968,0x0000000084300000)
 Metaspace       used 54361K, committed 55616K, reserved 1114112K
  class space    used 5817K, committed 6336K, reserved 1048576K
}
Event: 23.550 GC heap before
{Heap before GC invocations=32 (full 2):
 PSYoungGen      total 23040K, used 22711K [0x00000000d5580000, 0x00000000d7000000, 0x0000000100000000)
  eden space 18944K, 100% used [0x00000000d5580000,0x00000000d6800000,0x00000000d6800000)
  from space 4096K, 91% used [0x00000000d6800000,0x00000000d6baddc0,0x00000000d6c00000)
  to   space 4096K, 0% used [0x00000000d6c00000,0x00000000d6c00000,0x00000000d7000000)
 ParOldGen       total 68608K, used 43186K [0x0000000080000000, 0x0000000084300000, 0x00000000d5580000)
  object space 68608K, 62% used [0x0000000080000000,0x0000000082a2c968,0x0000000084300000)
 Metaspace       used 56170K, committed 57472K, reserved 1114112K
  class space    used 5946K, committed 6464K, reserved 1048576K
}
Event: 23.554 GC heap after
{Heap after GC invocations=32 (full 2):
 PSYoungGen      total 22016K, used 2687K [0x00000000d5580000, 0x00000000d6f00000, 0x0000000100000000)
  eden space 18944K, 0% used [0x00000000d5580000,0x00000000d5580000,0x00000000d6800000)
  from space 3072K, 87% used [0x00000000d6c00000,0x00000000d6e9fdf0,0x00000000d6f00000)
  to   space 3584K, 0% used [0x00000000d6800000,0x00000000d6800000,0x00000000d6b80000)
 ParOldGen       total 68608K, used 46597K [0x0000000080000000, 0x0000000084300000, 0x00000000d5580000)
  object space 68608K, 67% used [0x0000000080000000,0x0000000082d81788,0x0000000084300000)
 Metaspace       used 56170K, committed 57472K, reserved 1114112K
  class space    used 5946K, committed 6464K, reserved 1048576K
}

