# JRE version: OpenJDK Runtime Environment Temurin-21.0.11+10 (21.0.11+10) (build 21.0.11+10-LTS)
# Java VM: OpenJDK 64-Bit Server VM Temurin-21.0.11+10 (21.0.11+10-LTS, mixed mode, sharing, tiered, compressed oops, compressed class ptrs, parallel gc, windows-amd64)
GC Precious Log:
 CardTable entry size: 512
 CPUs: 8 total, 8 available
 Memory: 12055M
 Large Page Support: Disabled
 NUMA Support: Disabled
 Compressed Oops: Enabled (32-bit)
 Alignments: Space 512K, Generation 512K, Heap 2M
 Heap Min Capacity: 100M
 Heap Initial Capacity: 100M
 Heap Max Capacity: 2G
 Pre-touch: Disabled
 Parallel Workers: 8
Heap:
 PSYoungGen      total 19968K, used 9916K [0x00000000d5580000, 0x00000000d7300000, 0x0000000100000000)
  eden space 19456K, 48% used [0x00000000d5580000,0x00000000d5eaf058,0x00000000d6880000)
  from space 512K, 100% used [0x00000000d6d00000,0x00000000d6d80000,0x00000000d6d80000)
  to   space 4608K, 0% used [0x00000000d6880000,0x00000000d6880000,0x00000000d6d00000)
 ParOldGen       total 68608K, used 40822K [0x0000000080000000, 0x0000000084300000, 0x00000000d5580000)
  object space 68608K, 59% used [0x0000000080000000,0x00000000827dd8b8,0x0000000084300000)
 Metaspace       used 51283K, committed 52544K, reserved 1114112K
  class space    used 5474K, committed 6016K, reserved 1048576K
GC Heap History (20 events):
Event: 18.456 GC heap before
{Heap before GC invocations=19 (full 2):
 PSYoungGen      total 22528K, used 22516K [0x00000000d5580000, 0x00000000d7400000, 0x0000000100000000)
  eden space 20992K, 100% used [0x00000000d5580000,0x00000000d6a00000,0x00000000d6a00000)
  from space 1536K, 99% used [0x00000000d6e80000,0x00000000d6ffd2a8,0x00000000d7000000)
  to   space 4608K, 0% used [0x00000000d6a00000,0x00000000d6a00000,0x00000000d6e80000)
 ParOldGen       total 68608K, used 23526K [0x0000000080000000, 0x0000000084300000, 0x00000000d5580000)
  object space 68608K, 34% used [0x0000000080000000,0x00000000816f98a0,0x0000000084300000)
 Metaspace       used 36756K, committed 37888K, reserved 1114112K
  class space    used 3821K, committed 4288K, reserved 1048576K
}
Event: 18.461 GC heap after
{Heap after GC invocations=19 (full 2):
 PSYoungGen      total 23552K, used 2465K [0x00000000d5580000, 0x00000000d7100000, 0x0000000100000000)
  eden space 20992K, 0% used [0x00000000d5580000,0x00000000d5580000,0x00000000d6a00000)
  from space 2560K, 96% used [0x00000000d6a00000,0x00000000d6c686e0,0x00000000d6c80000)
  to   space 3584K, 0% used [0x00000000d6d80000,0x00000000d6d80000,0x00000000d7100000)
 ParOldGen       total 68608K, used 24920K [0x0000000080000000, 0x0000000084300000, 0x00000000d5580000)
  object space 68608K, 36% used [0x0000000080000000,0x0000000081856268,0x0000000084300000)
 Metaspace       used 36756K, committed 37888K, reserved 1114112K
  class space    used 3821K, committed 4288K, reserved 1048576K
}
Event: 18.637 GC heap before
{Heap before GC invocations=20 (full 2):
 PSYoungGen      total 23552K, used 23457K [0x00000000d5580000, 0x00000000d7100000, 0x0000000100000000)
  eden space 20992K, 100% used [0x00000000d5580000,0x00000000d6a00000,0x00000000d6a00000)
  from space 2560K, 96% used [0x00000000d6a00000,0x00000000d6c686e0,0x00000000d6c80000)
  to   space 3584K, 0% used [0x00000000d6d80000,0x00000000d6d80000,0x00000000d7100000)
 ParOldGen       total 68608K, used 24920K [0x0000000080000000, 0x0000000084300000, 0x00000000d5580000)
  object space 68608K, 36% used [0x0000000080000000,0x0000000081856268,0x0000000084300000)
 Metaspace       used 37304K, committed 38528K, reserved 1114112K
  class space    used 3887K, committed 4416K, reserved 1048576K
}
Event: 18.642 GC heap after
{Heap after GC invocations=20 (full 2):
 PSYoungGen      total 23040K, used 1824K [0x00000000d5580000, 0x00000000d6f80000, 0x0000000100000000)
  eden space 20992K, 0% used [0x00000000d5580000,0x00000000d5580000,0x00000000d6a00000)
  from space 2048K, 89% used [0x00000000d6d80000,0x00000000d6f48000,0x00000000d6f80000)
  to   space 2560K, 0% used [0x00000000d6a80000,0x00000000d6a80000,0x00000000d6d00000)
 ParOldGen       total 68608K, used 27228K [0x0000000080000000, 0x0000000084300000, 0x00000000d5580000)
  object space 68608K, 39% used [0x0000000080000000,0x0000000081a97088,0x0000000084300000)
 Metaspace       used 37304K, committed 38528K, reserved 1114112K
  class space    used 3887K, committed 4416K, reserved 1048576K
}
Event: 18.854 GC heap before
{Heap before GC invocations=21 (full 2):
 PSYoungGen      total 23040K, used 22816K [0x00000000d5580000, 0x00000000d6f80000, 0x0000000100000000)
  eden space 20992K, 100% used [0x00000000d5580000,0x00000000d6a00000,0x00000000d6a00000)
  from space 2048K, 89% used [0x00000000d6d80000,0x00000000d6f48000,0x00000000d6f80000)
  to   space 2560K, 0% used [0x00000000d6a80000,0x00000000d6a80000,0x00000000d6d00000)
 ParOldGen       total 68608K, used 27314K [0x0000000080000000, 0x0000000084300000, 0x00000000d5580000)
  object space 68608K, 39% used [0x0000000080000000,0x0000000081aac8b8,0x0000000084300000)
 Metaspace       used 37677K, committed 38912K, reserved 1114112K
  class space    used 3933K, committed 4480K, reserved 1048576K
}
Event: 18.860 GC heap after
{Heap after GC invocations=21 (full 2):
 PSYoungGen      total 23552K, used 2486K [0x00000000d5580000, 0x00000000d7000000, 0x0000000100000000)
  eden space 20992K, 0% used [0x00000000d5580000,0x00000000d5580000,0x00000000d6a00000)
  from space 2560K, 97% used [0x00000000d6a80000,0x00000000d6ceda38,0x00000000d6d00000)
  to   space 3072K, 0% used [0x00000000d6d00000,0x00000000d6d00000,0x00000000d7000000)
 ParOldGen       total 68608K, used 28930K [0x0000000080000000, 0x0000000084300000, 0x00000000d5580000)
  object space 68608K, 42% used [0x0000000080000000,0x0000000081c408b8,0x0000000084300000)
 Metaspace       used 37677K, committed 38912K, reserved 1114112K
  class space    used 3933K, committed 4480K, reserved 1048576K
}
Event: 19.150 GC heap before
{Heap before GC invocations=22 (full 2):
 PSYoungGen      total 23552K, used 23478K [0x00000000d5580000, 0x00000000d7000000, 0x0000000100000000)
  eden space 20992K, 100% used [0x00000000d5580000,0x00000000d6a00000,0x00000000d6a00000)
  from space 2560K, 97% used [0x00000000d6a80000,0x00000000d6ceda38,0x00000000d6d00000)
  to   space 3072K, 0% used [0x00000000d6d00000,0x00000000d6d00000,0x00000000d7000000)
 ParOldGen       total 68608K, used 28958K [0x0000000080000000, 0x0000000084300000, 0x00000000d5580000)
  object space 68608K, 42% used [0x0000000080000000,0x0000000081c479b8,0x0000000084300000)
 Metaspace       used 39264K, committed 40512K, reserved 1114112K
  class space    used 4106K, committed 4672K, reserved 1048576K
}
Event: 19.156 GC heap after
{Heap after GC invocations=22 (full 2):
 PSYoungGen      total 23040K, used 1713K [0x00000000d5580000, 0x00000000d6f00000, 0x0000000100000000)
  eden space 20992K, 0% used [0x00000000d5580000,0x00000000d5580000,0x00000000d6a00000)
  from space 2048K, 83% used [0x00000000d6d00000,0x00000000d6eac5f0,0x00000000d6f00000)
  to   space 2048K, 0% used [0x00000000d6b00000,0x00000000d6b00000,0x00000000d6d00000)
 ParOldGen       total 68608K, used 31323K [0x0000000080000000, 0x0000000084300000, 0x00000000d5580000)
  object space 68608K, 45% used [0x0000000080000000,0x0000000081e96f50,0x0000000084300000)
 Metaspace       used 39264K, committed 40512K, reserved 1114112K
  class space    used 4106K, committed 4672K, reserved 1048576K
}
Event: 19.615 GC heap before
{Heap before GC invocations=23 (full 2):
 PSYoungGen      total 23040K, used 22705K [0x00000000d5580000, 0x00000000d6f00000, 0x0000000100000000)
  eden space 20992K, 100% used [0x00000000d5580000,0x00000000d6a00000,0x00000000d6a00000)
  from space 2048K, 83% used [0x00000000d6d00000,0x00000000d6eac5f0,0x00000000d6f00000)
  to   space 2048K, 0% used [0x00000000d6b00000,0x00000000d6b00000,0x00000000d6d00000)
 ParOldGen       total 68608K, used 31323K [0x0000000080000000, 0x0000000084300000, 0x00000000d5580000)
  object space 68608K, 45% used [0x0000000080000000,0x0000000081e96f80,0x0000000084300000)
 Metaspace       used 41900K, committed 43072K, reserved 1114112K
  class space    used 4407K, committed 4928K, reserved 1048576K
}
Event: 19.620 GC heap after
{Heap after GC invocations=23 (full 2):
 PSYoungGen      total 23040K, used 2024K [0x00000000d5580000, 0x00000000d7200000, 0x0000000100000000)
  eden space 20992K, 0% used [0x00000000d5580000,0x00000000d5580000,0x00000000d6a00000)
  from space 2048K, 98% used [0x00000000d6b00000,0x00000000d6cfa2f8,0x00000000d6d00000)
  to   space 4096K, 0% used [0x00000000d6e00000,0x00000000d6e00000,0x00000000d7200000)
 ParOldGen       total 68608K, used 32827K [0x0000000080000000, 0x0000000084300000, 0x00000000d5580000)
  object space 68608K, 47% used [0x0000000080000000,0x000000008200efb8,0x0000000084300000)
 Metaspace       used 41900K, committed 43072K, reserved 1114112K
  class space    used 4407K, committed 4928K, reserved 1048576K
}
Event: 20.827 GC heap before
{Heap before GC invocations=24 (full 2):
 PSYoungGen      total 23040K, used 23016K [0x00000000d5580000, 0x00000000d7200000, 0x0000000100000000)
  eden space 20992K, 100% used [0x00000000d5580000,0x00000000d6a00000,0x00000000d6a00000)
  from space 2048K, 98% used [0x00000000d6b00000,0x00000000d6cfa2f8,0x00000000d6d00000)
  to   space 4096K, 0% used [0x00000000d6e00000,0x00000000d6e00000,0x00000000d7200000)
 ParOldGen       total 68608K, used 32829K [0x0000000080000000, 0x0000000084300000, 0x00000000d5580000)
  object space 68608K, 47% used [0x0000000080000000,0x000000008200f760,0x0000000084300000)
 Metaspace       used 43728K, committed 44992K, reserved 1114112K
  class space    used 4630K, committed 5184K, reserved 1048576K
}
Event: 20.831 GC heap after
{Heap after GC invocations=24 (full 2):
 PSYoungGen      total 22016K, used 928K [0x00000000d5580000, 0x00000000d6f00000, 0x0000000100000000)
  eden space 20992K, 0% used [0x00000000d5580000,0x00000000d5580000,0x00000000d6a00000)
  from space 1024K, 90% used [0x00000000d6e00000,0x00000000d6ee8000,0x00000000d6f00000)
  to   space 2048K, 0% used [0x00000000d6b00000,0x00000000d6b00000,0x00000000d6d00000)
 ParOldGen       total 68608K, used 34800K [0x0000000080000000, 0x0000000084300000, 0x00000000d5580000)
  object space 68608K, 50% used [0x0000000080000000,0x00000000821fc330,0x0000000084300000)
 Metaspace       used 43728K, committed 44992K, reserved 1114112K
  class space    used 4630K, committed 5184K, reserved 1048576K
}
Event: 21.645 GC heap before
{Heap before GC invocations=25 (full 2):
 PSYoungGen      total 22016K, used 21920K [0x00000000d5580000, 0x00000000d6f00000, 0x0000000100000000)
  eden space 20992K, 100% used [0x00000000d5580000,0x00000000d6a00000,0x00000000d6a00000)
  from space 1024K, 90% used [0x00000000d6e00000,0x00000000d6ee8000,0x00000000d6f00000)
  to   space 2048K, 0% used [0x00000000d6b00000,0x00000000d6b00000,0x00000000d6d00000)
 ParOldGen       total 68608K, used 34800K [0x0000000080000000, 0x0000000084300000, 0x00000000d5580000)
  object space 68608K, 50% used [0x0000000080000000,0x00000000821fc330,0x0000000084300000)
 Metaspace       used 45548K, committed 46720K, reserved 1114112K
  class space    used 4850K, committed 5376K, reserved 1048576K
}
Event: 21.648 GC heap after
{Heap after GC invocations=25 (full 2):
 PSYoungGen      total 23040K, used 992K [0x00000000d5580000, 0x00000000d6e80000, 0x0000000100000000)
  eden space 20992K, 0% used [0x00000000d5580000,0x00000000d5580000,0x00000000d6a00000)
  from space 2048K, 48% used [0x00000000d6b00000,0x00000000d6bf8020,0x00000000d6d00000)
  to   space 1536K, 0% used [0x00000000d6d00000,0x00000000d6d00000,0x00000000d6e80000)
 ParOldGen       total 68608K, used 35544K [0x0000000080000000, 0x0000000084300000, 0x00000000d5580000)
  object space 68608K, 51% used [0x0000000080000000,0x00000000822b6360,0x0000000084300000)
 Metaspace       used 45548K, committed 46720K, reserved 1114112K
  class space    used 4850K, committed 5376K, reserved 1048576K
}
Event: 22.268 GC heap before
{Heap before GC invocations=26 (full 2):
 PSYoungGen      total 23040K, used 21984K [0x00000000d5580000, 0x00000000d6e80000, 0x0000000100000000)
  eden space 20992K, 100% used [0x00000000d5580000,0x00000000d6a00000,0x00000000d6a00000)
  from space 2048K, 48% used [0x00000000d6b00000,0x00000000d6bf8020,0x00000000d6d00000)
  to   space 1536K, 0% used [0x00000000d6d00000,0x00000000d6d00000,0x00000000d6e80000)
 ParOldGen       total 68608K, used 35544K [0x0000000080000000, 0x0000000084300000, 0x00000000d5580000)
  object space 68608K, 51% used [0x0000000080000000,0x00000000822b6360,0x0000000084300000)
 Metaspace       used 46559K, committed 47808K, reserved 1114112K
  class space    used 4974K, committed 5568K, reserved 1048576K
}
Event: 22.271 GC heap after
{Heap after GC invocations=26 (full 2):
 PSYoungGen      total 22528K, used 1280K [0x00000000d5580000, 0x00000000d6e80000, 0x0000000100000000)
  eden space 20992K, 0% used [0x00000000d5580000,0x00000000d5580000,0x00000000d6a00000)
  from space 1536K, 83% used [0x00000000d6d00000,0x00000000d6e40010,0x00000000d6e80000)
  to   space 1536K, 0% used [0x00000000d6b80000,0x00000000d6b80000,0x00000000d6d00000)
 ParOldGen       total 68608K, used 36440K [0x0000000080000000, 0x0000000084300000, 0x00000000d5580000)
  object space 68608K, 53% used [0x0000000080000000,0x0000000082396380,0x0000000084300000)
 Metaspace       used 46559K, committed 47808K, reserved 1114112K
  class space    used 4974K, committed 5568K, reserved 1048576K
}
Event: 22.798 GC heap before
{Heap before GC invocations=27 (full 2):
 PSYoungGen      total 22528K, used 22272K [0x00000000d5580000, 0x00000000d6e80000, 0x0000000100000000)
  eden space 20992K, 100% used [0x00000000d5580000,0x00000000d6a00000,0x00000000d6a00000)
  from space 1536K, 83% used [0x00000000d6d00000,0x00000000d6e40010,0x00000000d6e80000)
  to   space 1536K, 0% used [0x00000000d6b80000,0x00000000d6b80000,0x00000000d6d00000)
 ParOldGen       total 68608K, used 36440K [0x0000000080000000, 0x0000000084300000, 0x00000000d5580000)
  object space 68608K, 53% used [0x0000000080000000,0x0000000082396380,0x0000000084300000)
 Metaspace       used 48440K, committed 49664K, reserved 1114112K
  class space    used 5166K, committed 5696K, reserved 1048576K
}
Event: 22.802 GC heap after
{Heap after GC invocations=27 (full 2):
 PSYoungGen      total 22528K, used 1024K [0x00000000d5580000, 0x00000000d6d80000, 0x0000000100000000)
  eden space 20992K, 0% used [0x00000000d5580000,0x00000000d5580000,0x00000000d6a00000)
  from space 1536K, 66% used [0x00000000d6b80000,0x00000000d6c80030,0x00000000d6d00000)
  to   space 512K, 0% used [0x00000000d6d00000,0x00000000d6d00000,0x00000000d6d80000)
 ParOldGen       total 68608K, used 37490K [0x0000000080000000, 0x0000000084300000, 0x00000000d5580000)
  object space 68608K, 54% used [0x0000000080000000,0x000000008249cbf0,0x0000000084300000)
 Metaspace       used 48440K, committed 49664K, reserved 1114112K
  class space    used 5166K, committed 5696K, reserved 1048576K
}
Event: 24.098 GC heap before
{Heap before GC invocations=28 (full 2):
 PSYoungGen      total 22528K, used 22016K [0x00000000d5580000, 0x00000000d6d80000, 0x0000000100000000)
  eden space 20992K, 100% used [0x00000000d5580000,0x00000000d6a00000,0x00000000d6a00000)
  from space 1536K, 66% used [0x00000000d6b80000,0x00000000d6c80030,0x00000000d6d00000)
  to   space 512K, 0% used [0x00000000d6d00000,0x00000000d6d00000,0x00000000d6d80000)
 ParOldGen       total 68608K, used 37490K [0x0000000080000000, 0x0000000084300000, 0x00000000d5580000)
  object space 68608K, 54% used [0x0000000080000000,0x000000008249cbf0,0x0000000084300000)
 Metaspace       used 50386K, committed 51648K, reserved 1114112K
  class space    used 5362K, committed 5888K, reserved 1048576K
}
Event: 24.103 GC heap after
{Heap after GC invocations=28 (full 2):
 PSYoungGen      total 19968K, used 512K [0x00000000d5580000, 0x00000000d7300000, 0x0000000100000000)
  eden space 19456K, 0% used [0x00000000d5580000,0x00000000d5580000,0x00000000d6880000)
  from space 512K, 100% used [0x00000000d6d00000,0x00000000d6d80000,0x00000000d6d80000)
  to   space 4608K, 0% used [0x00000000d6880000,0x00000000d6880000,0x00000000d6d00000)
 ParOldGen       total 68608K, used 40822K [0x0000000080000000, 0x0000000084300000, 0x00000000d5580000)
  object space 68608K, 59% used [0x0000000080000000,0x00000000827dd8b8,0x0000000084300000)
 Metaspace       used 50386K, committed 51648K, reserved 1114112K
  class space    used 5362K, committed 5888K, reserved 1048576K
}

