# JRE version: OpenJDK Runtime Environment Temurin-21.0.11+10 (21.0.11+10) (build 21.0.11+10-LTS)
# Java VM: OpenJDK 64-Bit Server VM Temurin-21.0.11+10 (21.0.11+10-LTS, mixed mode, sharing, tiered, compressed oops, compressed class ptrs, parallel gc, windows-amd64)
GC Precious Log:
 CardTable entry size: 512
 CPUs: 8 total, 8 available
 Memory: 12055M
 Large Page Support: Disabled
 NUMA Support: Disabled
 Compressed Oops: Enabled (32-bit)
 Alignments: Space 512K, Generation 512K, Heap 2M
 Heap Min Capacity: 100M
 Heap Initial Capacity: 100M
 Heap Max Capacity: 2G
 Pre-touch: Disabled
 Parallel Workers: 8
Heap:
 PSYoungGen      total 17408K, used 17280K [0x00000000d5580000, 0x00000000d6b00000, 0x0000000100000000)
  eden space 16896K, 100% used [0x00000000d5580000,0x00000000d6600000,0x00000000d6600000)
  from space 512K, 75% used [0x00000000d6a80000,0x00000000d6ae0000,0x00000000d6b00000)
  to   space 2048K, 0% used [0x00000000d6700000,0x00000000d6700000,0x00000000d6900000)
 ParOldGen       total 68608K, used 68449K [0x0000000080000000, 0x0000000084300000, 0x00000000d5580000)
  object space 68608K, 99% used [0x0000000080000000,0x00000000842d85e0,0x0000000084300000)
 Metaspace       used 68862K, committed 70464K, reserved 1114112K
  class space    used 7152K, committed 7808K, reserved 1048576K
GC Heap History (20 events):
Event: 36.240 GC heap before
{Heap before GC invocations=42 (full 3):
 PSYoungGen      total 18944K, used 18909K [0x00000000d5580000, 0x00000000d6d00000, 0x0000000100000000)
  eden space 17920K, 99% used [0x00000000d5580000,0x00000000d66ff5f8,0x00000000d6700000)
  from space 1024K, 96% used [0x00000000d6b80000,0x00000000d6c78020,0x00000000d6c80000)
  to   space 3072K, 0% used [0x00000000d6700000,0x00000000d6700000,0x00000000d6a00000)
 ParOldGen       total 68608K, used 50825K [0x0000000080000000, 0x0000000084300000, 0x00000000d5580000)
  object space 68608K, 74% used [0x0000000080000000,0x00000000831a2718,0x0000000084300000)
 Metaspace       used 61335K, committed 62848K, reserved 1114112K
  class space    used 6346K, committed 7040K, reserved 1048576K
}
Event: 36.244 GC heap after
{Heap after GC invocations=42 (full 3):
 PSYoungGen      total 20992K, used 1391K [0x00000000d5580000, 0x00000000d6c00000, 0x0000000100000000)
  eden space 17920K, 0% used [0x00000000d5580000,0x00000000d5580000,0x00000000d6700000)
  from space 3072K, 45% used [0x00000000d6700000,0x00000000d685bd38,0x00000000d6a00000)
  to   space 2048K, 0% used [0x00000000d6a00000,0x00000000d6a00000,0x00000000d6c00000)
 ParOldGen       total 68608K, used 51819K [0x0000000080000000, 0x0000000084300000, 0x00000000d5580000)
  object space 68608K, 75% used [0x0000000080000000,0x000000008329ade8,0x0000000084300000)
 Metaspace       used 61335K, committed 62848K, reserved 1114112K
  class space    used 6346K, committed 7040K, reserved 1048576K
}
Event: 36.746 GC heap before
{Heap before GC invocations=43 (full 3):
 PSYoungGen      total 20992K, used 19311K [0x00000000d5580000, 0x00000000d6c00000, 0x0000000100000000)
  eden space 17920K, 100% used [0x00000000d5580000,0x00000000d6700000,0x00000000d6700000)
  from space 3072K, 45% used [0x00000000d6700000,0x00000000d685bd38,0x00000000d6a00000)
  to   space 2048K, 0% used [0x00000000d6a00000,0x00000000d6a00000,0x00000000d6c00000)
 ParOldGen       total 68608K, used 51819K [0x0000000080000000, 0x0000000084300000, 0x00000000d5580000)
  object space 68608K, 75% used [0x0000000080000000,0x000000008329ade8,0x0000000084300000)
 Metaspace       used 62610K, committed 64128K, reserved 1114112K
  class space    used 6489K, committed 7168K, reserved 1048576K
}
Event: 36.750 GC heap after
{Heap after GC invocations=43 (full 3):
 PSYoungGen      total 19968K, used 1752K [0x00000000d5580000, 0x00000000d6c00000, 0x0000000100000000)
  eden space 17920K, 0% used [0x00000000d5580000,0x00000000d5580000,0x00000000d6700000)
  from space 2048K, 85% used [0x00000000d6a00000,0x00000000d6bb61c8,0x00000000d6c00000)
  to   space 2048K, 0% used [0x00000000d6800000,0x00000000d6800000,0x00000000d6a00000)
 ParOldGen       total 68608K, used 52922K [0x0000000080000000, 0x0000000084300000, 0x00000000d5580000)
  object space 68608K, 77% used [0x0000000080000000,0x00000000833ae9d8,0x0000000084300000)
 Metaspace       used 62610K, committed 64128K, reserved 1114112K
  class space    used 6489K, committed 7168K, reserved 1048576K
}
Event: 37.160 GC heap before
{Heap before GC invocations=44 (full 3):
 PSYoungGen      total 19968K, used 19672K [0x00000000d5580000, 0x00000000d6c00000, 0x0000000100000000)
  eden space 17920K, 100% used [0x00000000d5580000,0x00000000d6700000,0x00000000d6700000)
  from space 2048K, 85% used [0x00000000d6a00000,0x00000000d6bb61c8,0x00000000d6c00000)
  to   space 2048K, 0% used [0x00000000d6800000,0x00000000d6800000,0x00000000d6a00000)
 ParOldGen       total 68608K, used 52922K [0x0000000080000000, 0x0000000084300000, 0x00000000d5580000)
  object space 68608K, 77% used [0x0000000080000000,0x00000000833ae9d8,0x0000000084300000)
 Metaspace       used 63879K, committed 65472K, reserved 1114112K
  class space    used 6638K, committed 7360K, reserved 1048576K
}
Event: 37.164 GC heap after
{Heap after GC invocations=44 (full 3):
 PSYoungGen      total 19456K, used 1232K [0x00000000d5580000, 0x00000000d6a80000, 0x0000000100000000)
  eden space 17920K, 0% used [0x00000000d5580000,0x00000000d5580000,0x00000000d6700000)
  from space 1536K, 80% used [0x00000000d6800000,0x00000000d6934030,0x00000000d6980000)
  to   space 1024K, 0% used [0x00000000d6980000,0x00000000d6980000,0x00000000d6a80000)
 ParOldGen       total 68608K, used 53642K [0x0000000080000000, 0x0000000084300000, 0x00000000d5580000)
  object space 68608K, 78% used [0x0000000080000000,0x0000000083462948,0x0000000084300000)
 Metaspace       used 63879K, committed 65472K, reserved 1114112K
  class space    used 6638K, committed 7360K, reserved 1048576K
}
Event: 37.596 GC heap before
{Heap before GC invocations=45 (full 3):
 PSYoungGen      total 19456K, used 19152K [0x00000000d5580000, 0x00000000d6a80000, 0x0000000100000000)
  eden space 17920K, 100% used [0x00000000d5580000,0x00000000d6700000,0x00000000d6700000)
  from space 1536K, 80% used [0x00000000d6800000,0x00000000d6934030,0x00000000d6980000)
  to   space 1024K, 0% used [0x00000000d6980000,0x00000000d6980000,0x00000000d6a80000)
 ParOldGen       total 68608K, used 53642K [0x0000000080000000, 0x0000000084300000, 0x00000000d5580000)
  object space 68608K, 78% used [0x0000000080000000,0x0000000083462948,0x0000000084300000)
 Metaspace       used 64990K, committed 66560K, reserved 1114112K
  class space    used 6738K, committed 7424K, reserved 1048576K
}
Event: 37.600 GC heap after
{Heap after GC invocations=45 (full 3):
 PSYoungGen      total 17920K, used 1017K [0x00000000d5580000, 0x00000000d6e00000, 0x0000000100000000)
  eden space 16896K, 0% used [0x00000000d5580000,0x00000000d5580000,0x00000000d6600000)
  from space 1024K, 99% used [0x00000000d6980000,0x00000000d6a7e5f8,0x00000000d6a80000)
  to   space 3584K, 0% used [0x00000000d6600000,0x00000000d6600000,0x00000000d6980000)
 ParOldGen       total 68608K, used 55661K [0x0000000080000000, 0x0000000084300000, 0x00000000d5580000)
  object space 68608K, 81% used [0x0000000080000000,0x000000008365b7f0,0x0000000084300000)
 Metaspace       used 64990K, committed 66560K, reserved 1114112K
  class space    used 6738K, committed 7424K, reserved 1048576K
}
Event: 37.927 GC heap before
{Heap before GC invocations=46 (full 3):
 PSYoungGen      total 17920K, used 17913K [0x00000000d5580000, 0x00000000d6e00000, 0x0000000100000000)
  eden space 16896K, 100% used [0x00000000d5580000,0x00000000d6600000,0x00000000d6600000)
  from space 1024K, 99% used [0x00000000d6980000,0x00000000d6a7e5f8,0x00000000d6a80000)
  to   space 3584K, 0% used [0x00000000d6600000,0x00000000d6600000,0x00000000d6980000)
 ParOldGen       total 68608K, used 55661K [0x0000000080000000, 0x0000000084300000, 0x00000000d5580000)
  object space 68608K, 81% used [0x0000000080000000,0x000000008365b7f0,0x0000000084300000)
 Metaspace       used 65559K, committed 67200K, reserved 1114112K
  class space    used 6810K, committed 7552K, reserved 1048576K
}
Event: 37.933 GC heap after
{Heap after GC invocations=46 (full 3):
 PSYoungGen      total 20480K, used 3579K [0x00000000d5580000, 0x00000000d7300000, 0x0000000100000000)
  eden space 16896K, 0% used [0x00000000d5580000,0x00000000d5580000,0x00000000d6600000)
  from space 3584K, 99% used [0x00000000d6600000,0x00000000d697ec50,0x00000000d6980000)
  to   space 6656K, 0% used [0x00000000d6c80000,0x00000000d6c80000,0x00000000d7300000)
 ParOldGen       total 68608K, used 57750K [0x0000000080000000, 0x0000000084300000, 0x00000000d5580000)
  object space 68608K, 84% used [0x0000000080000000,0x0000000083865890,0x0000000084300000)
 Metaspace       used 65559K, committed 67200K, reserved 1114112K
  class space    used 6810K, committed 7552K, reserved 1048576K
}
Event: 38.646 GC heap before
{Heap before GC invocations=47 (full 3):
 PSYoungGen      total 20480K, used 20475K [0x00000000d5580000, 0x00000000d7300000, 0x0000000100000000)
  eden space 16896K, 100% used [0x00000000d5580000,0x00000000d6600000,0x00000000d6600000)
  from space 3584K, 99% used [0x00000000d6600000,0x00000000d697ec50,0x00000000d6980000)
  to   space 6656K, 0% used [0x00000000d6c80000,0x00000000d6c80000,0x00000000d7300000)
 ParOldGen       total 68608K, used 57750K [0x0000000080000000, 0x0000000084300000, 0x00000000d5580000)
  object space 68608K, 84% used [0x0000000080000000,0x0000000083865890,0x0000000084300000)
 Metaspace       used 66290K, committed 67904K, reserved 1114112K
  class space    used 6924K, committed 7616K, reserved 1048576K
}
Event: 38.652 GC heap after
{Heap after GC invocations=47 (full 3):
 PSYoungGen      total 21504K, used 4392K [0x00000000d5580000, 0x00000000d7100000, 0x0000000100000000)
  eden space 16896K, 0% used [0x00000000d5580000,0x00000000d5580000,0x00000000d6600000)
  from space 4608K, 95% used [0x00000000d6c80000,0x00000000d70ca340,0x00000000d7100000)
  to   space 5120K, 0% used [0x00000000d6700000,0x00000000d6700000,0x00000000d6c00000)
 ParOldGen       total 68608K, used 61350K [0x0000000080000000, 0x0000000084300000, 0x00000000d5580000)
  object space 68608K, 89% used [0x0000000080000000,0x0000000083be9bd0,0x0000000084300000)
 Metaspace       used 66290K, committed 67904K, reserved 1114112K
  class space    used 6924K, committed 7616K, reserved 1048576K
}
Event: 39.210 GC heap before
{Heap before GC invocations=48 (full 3):
 PSYoungGen      total 21504K, used 21288K [0x00000000d5580000, 0x00000000d7100000, 0x0000000100000000)
  eden space 16896K, 100% used [0x00000000d5580000,0x00000000d6600000,0x00000000d6600000)
  from space 4608K, 95% used [0x00000000d6c80000,0x00000000d70ca340,0x00000000d7100000)
  to   space 5120K, 0% used [0x00000000d6700000,0x00000000d6700000,0x00000000d6c00000)
 ParOldGen       total 68608K, used 61350K [0x0000000080000000, 0x0000000084300000, 0x00000000d5580000)
  object space 68608K, 89% used [0x0000000080000000,0x0000000083be9bd0,0x0000000084300000)
 Metaspace       used 67302K, committed 68928K, reserved 1114112K
  class space    used 7039K, committed 7744K, reserved 1048576K
}
Event: 39.218 GC heap after
{Heap after GC invocations=48 (full 3):
 PSYoungGen      total 18944K, used 1680K [0x00000000d5580000, 0x00000000d6d00000, 0x0000000100000000)
  eden space 16896K, 0% used [0x00000000d5580000,0x00000000d5580000,0x00000000d6600000)
  from space 2048K, 82% used [0x00000000d6700000,0x00000000d68a4010,0x00000000d6900000)
  to   space 3072K, 0% used [0x00000000d6a00000,0x00000000d6a00000,0x00000000d6d00000)
 ParOldGen       total 68608K, used 65578K [0x0000000080000000, 0x0000000084300000, 0x00000000d5580000)
  object space 68608K, 95% used [0x0000000080000000,0x000000008400a8e8,0x0000000084300000)
 Metaspace       used 67302K, committed 68928K, reserved 1114112K
  class space    used 7039K, committed 7744K, reserved 1048576K
}
Event: 39.817 GC heap before
{Heap before GC invocations=49 (full 3):
 PSYoungGen      total 18944K, used 18576K [0x00000000d5580000, 0x00000000d6d00000, 0x0000000100000000)
  eden space 16896K, 100% used [0x00000000d5580000,0x00000000d6600000,0x00000000d6600000)
  from space 2048K, 82% used [0x00000000d6700000,0x00000000d68a4010,0x00000000d6900000)
  to   space 3072K, 0% used [0x00000000d6a00000,0x00000000d6a00000,0x00000000d6d00000)
 ParOldGen       total 68608K, used 65578K [0x0000000080000000, 0x0000000084300000, 0x00000000d5580000)
  object space 68608K, 95% used [0x0000000080000000,0x000000008400a8e8,0x0000000084300000)
 Metaspace       used 68241K, committed 69824K, reserved 1114112K
  class space    used 7116K, committed 7808K, reserved 1048576K
}
Event: 39.820 GC heap after
{Heap after GC invocations=49 (full 3):
 PSYoungGen      total 17920K, used 918K [0x00000000d5580000, 0x00000000d6b00000, 0x0000000100000000)
  eden space 16896K, 0% used [0x00000000d5580000,0x00000000d5580000,0x00000000d6600000)
  from space 1024K, 89% used [0x00000000d6a00000,0x00000000d6ae5940,0x00000000d6b00000)
  to   space 1536K, 0% used [0x00000000d6800000,0x00000000d6800000,0x00000000d6980000)
 ParOldGen       total 68608K, used 66194K [0x0000000080000000, 0x0000000084300000, 0x00000000d5580000)
  object space 68608K, 96% used [0x0000000080000000,0x00000000840a48e8,0x0000000084300000)
 Metaspace       used 68241K, committed 69824K, reserved 1114112K
  class space    used 7116K, committed 7808K, reserved 1048576K
}
Event: 40.087 GC heap before
{Heap before GC invocations=50 (full 3):
 PSYoungGen      total 17920K, used 17814K [0x00000000d5580000, 0x00000000d6b00000, 0x0000000100000000)
  eden space 16896K, 100% used [0x00000000d5580000,0x00000000d6600000,0x00000000d6600000)
  from space 1024K, 89% used [0x00000000d6a00000,0x00000000d6ae5940,0x00000000d6b00000)
  to   space 1536K, 0% used [0x00000000d6800000,0x00000000d6800000,0x00000000d6980000)
 ParOldGen       total 68608K, used 66194K [0x0000000080000000, 0x0000000084300000, 0x00000000d5580000)
  object space 68608K, 96% used [0x0000000080000000,0x00000000840a48e8,0x0000000084300000)
 Metaspace       used 68496K, committed 70080K, reserved 1114112K
  class space    used 7141K, committed 7808K, reserved 1048576K
}
Event: 40.091 GC heap after
{Heap after GC invocations=50 (full 3):
 PSYoungGen      total 18432K, used 1533K [0x00000000d5580000, 0x00000000d6f00000, 0x0000000100000000)
  eden space 16896K, 0% used [0x00000000d5580000,0x00000000d5580000,0x00000000d6600000)
  from space 1536K, 99% used [0x00000000d6800000,0x00000000d697f510,0x00000000d6980000)
  to   space 4608K, 0% used [0x00000000d6a80000,0x00000000d6a80000,0x00000000d6f00000)
 ParOldGen       total 68608K, used 68283K [0x0000000080000000, 0x0000000084300000, 0x00000000d5580000)
  object space 68608K, 99% used [0x0000000080000000,0x00000000842aef68,0x0000000084300000)
 Metaspace       used 68496K, committed 70080K, reserved 1114112K
  class space    used 7141K, committed 7808K, reserved 1048576K
}
Event: 40.702 GC heap before
{Heap before GC invocations=51 (full 3):
 PSYoungGen      total 18432K, used 18429K [0x00000000d5580000, 0x00000000d6f00000, 0x0000000100000000)
  eden space 16896K, 100% used [0x00000000d5580000,0x00000000d6600000,0x00000000d6600000)
  from space 1536K, 99% used [0x00000000d6800000,0x00000000d697f510,0x00000000d6980000)
  to   space 4608K, 0% used [0x00000000d6a80000,0x00000000d6a80000,0x00000000d6f00000)
 ParOldGen       total 68608K, used 68283K [0x0000000080000000, 0x0000000084300000, 0x00000000d5580000)
  object space 68608K, 99% used [0x0000000080000000,0x00000000842aef68,0x0000000084300000)
 Metaspace       used 68810K, committed 70336K, reserved 1114112K
  class space    used 7150K, committed 7808K, reserved 1048576K
}
Event: 40.704 GC heap after
{Heap after GC invocations=51 (full 3):
 PSYoungGen      total 17408K, used 384K [0x00000000d5580000, 0x00000000d6b00000, 0x0000000100000000)
  eden space 16896K, 0% used [0x00000000d5580000,0x00000000d5580000,0x00000000d6600000)
  from space 512K, 75% used [0x00000000d6a80000,0x00000000d6ae0000,0x00000000d6b00000)
  to   space 2048K, 0% used [0x00000000d6700000,0x00000000d6700000,0x00000000d6900000)
 ParOldGen       total 68608K, used 68449K [0x0000000080000000, 0x0000000084300000, 0x00000000d5580000)
  object space 68608K, 99% used [0x0000000080000000,0x00000000842d85e0,0x0000000084300000)
 Metaspace       used 68810K, committed 70336K, reserved 1114112K
  class space    used 7150K, committed 7808K, reserved 1048576K
}

