# JRE version: OpenJDK Runtime Environment Temurin-21.0.11+10 (21.0.11+10) (build 21.0.11+10-LTS)
# Java VM: OpenJDK 64-Bit Server VM Temurin-21.0.11+10 (21.0.11+10-LTS, mixed mode, sharing, tiered, compressed oops, compressed class ptrs, parallel gc, windows-amd64)
GC Precious Log:
 CardTable entry size: 512
 CPUs: 8 total, 8 available
 Memory: 12055M
 Large Page Support: Disabled
 NUMA Support: Disabled
 Compressed Oops: Enabled (32-bit)
 Alignments: Space 512K, Generation 512K, Heap 2M
 Heap Min Capacity: 100M
 Heap Initial Capacity: 100M
 Heap Max Capacity: 2G
 Pre-touch: Disabled
 Parallel Workers: 8
Heap:
 PSYoungGen      total 23552K, used 14322K [0x00000000d5580000, 0x00000000d6e00000, 0x0000000100000000)
  eden space 22016K, 58% used [0x00000000d5580000,0x00000000d621ca08,0x00000000d6b00000)
  from space 1536K, 91% used [0x00000000d6b00000,0x00000000d6c60000,0x00000000d6c80000)
  to   space 1536K, 0% used [0x00000000d6c80000,0x00000000d6c80000,0x00000000d6e00000)
 ParOldGen       total 68608K, used 21526K [0x0000000080000000, 0x0000000084300000, 0x00000000d5580000)
  object space 68608K, 31% used [0x0000000080000000,0x0000000081505b90,0x0000000084300000)
 Metaspace       used 44607K, committed 45760K, reserved 1114112K
  class space    used 4880K, committed 5440K, reserved 1048576K
GC Heap History (20 events):
Event: 5.562 GC heap before
{Heap before GC invocations=10 (full 1):
 PSYoungGen      total 25088K, used 24586K [0x00000000d5580000, 0x00000000d7380000, 0x0000000100000000)
  eden space 24064K, 100% used [0x00000000d5580000,0x00000000d6d00000,0x00000000d6d00000)
  from space 1024K, 51% used [0x00000000d7280000,0x00000000d7302ab8,0x00000000d7380000)
  to   space 2560K, 0% used [0x00000000d6e80000,0x00000000d6e80000,0x00000000d7100000)
 ParOldGen       total 68608K, used 13636K [0x0000000080000000, 0x0000000084300000, 0x00000000d5580000)
  object space 68608K, 19% used [0x0000000080000000,0x0000000080d51380,0x0000000084300000)
 Metaspace       used 26397K, committed 27200K, reserved 1114112K
  class space    used 2614K, committed 2944K, reserved 1048576K
}
Event: 5.564 GC heap after
{Heap after GC invocations=10 (full 1):
 PSYoungGen      total 26112K, used 2346K [0x00000000d5580000, 0x00000000d7300000, 0x0000000100000000)
  eden space 23552K, 0% used [0x00000000d5580000,0x00000000d5580000,0x00000000d6c80000)
  from space 2560K, 91% used [0x00000000d6e80000,0x00000000d70ca870,0x00000000d7100000)
  to   space 2048K, 0% used [0x00000000d7100000,0x00000000d7100000,0x00000000d7300000)
 ParOldGen       total 68608K, used 13636K [0x0000000080000000, 0x0000000084300000, 0x00000000d5580000)
  object space 68608K, 19% used [0x0000000080000000,0x0000000080d51380,0x0000000084300000)
 Metaspace       used 26397K, committed 27200K, reserved 1114112K
  class space    used 2614K, committed 2944K, reserved 1048576K
}
Event: 5.871 GC heap before
{Heap before GC invocations=11 (full 1):
 PSYoungGen      total 26112K, used 25898K [0x00000000d5580000, 0x00000000d7300000, 0x0000000100000000)
  eden space 23552K, 100% used [0x00000000d5580000,0x00000000d6c80000,0x00000000d6c80000)
  from space 2560K, 91% used [0x00000000d6e80000,0x00000000d70ca870,0x00000000d7100000)
  to   space 2048K, 0% used [0x00000000d7100000,0x00000000d7100000,0x00000000d7300000)
 ParOldGen       total 68608K, used 13636K [0x0000000080000000, 0x0000000084300000, 0x00000000d5580000)
  object space 68608K, 19% used [0x0000000080000000,0x0000000080d51380,0x0000000084300000)
 Metaspace       used 28749K, committed 29760K, reserved 1114112K
  class space    used 2824K, committed 3264K, reserved 1048576K
}
Event: 5.872 GC heap after
{Heap after GC invocations=11 (full 1):
 PSYoungGen      total 25088K, used 2019K [0x00000000d5580000, 0x00000000d7300000, 0x0000000100000000)
  eden space 23040K, 0% used [0x00000000d5580000,0x00000000d5580000,0x00000000d6c00000)
  from space 2048K, 98% used [0x00000000d7100000,0x00000000d72f8fa0,0x00000000d7300000)
  to   space 3584K, 0% used [0x00000000d6c00000,0x00000000d6c00000,0x00000000d6f80000)
 ParOldGen       total 68608K, used 14872K [0x0000000080000000, 0x0000000084300000, 0x00000000d5580000)
  object space 68608K, 21% used [0x0000000080000000,0x0000000080e863e0,0x0000000084300000)
 Metaspace       used 28749K, committed 29760K, reserved 1114112K
  class space    used 2824K, committed 3264K, reserved 1048576K
}
Event: 6.102 GC heap before
{Heap before GC invocations=12 (full 1):
 PSYoungGen      total 25088K, used 25059K [0x00000000d5580000, 0x00000000d7300000, 0x0000000100000000)
  eden space 23040K, 100% used [0x00000000d5580000,0x00000000d6c00000,0x00000000d6c00000)
  from space 2048K, 98% used [0x00000000d7100000,0x00000000d72f8fa0,0x00000000d7300000)
  to   space 3584K, 0% used [0x00000000d6c00000,0x00000000d6c00000,0x00000000d6f80000)
 ParOldGen       total 68608K, used 14872K [0x0000000080000000, 0x0000000084300000, 0x00000000d5580000)
  object space 68608K, 21% used [0x0000000080000000,0x0000000080e863e0,0x0000000084300000)
 Metaspace       used 31749K, committed 32832K, reserved 1114112K
  class space    used 3194K, committed 3712K, reserved 1048576K
}
Event: 6.105 GC heap after
{Heap after GC invocations=12 (full 1):
 PSYoungGen      total 24576K, used 1758K [0x00000000d5580000, 0x00000000d7180000, 0x0000000100000000)
  eden space 22528K, 0% used [0x00000000d5580000,0x00000000d5580000,0x00000000d6b80000)
  from space 2048K, 85% used [0x00000000d6c00000,0x00000000d6db7880,0x00000000d6e00000)
  to   space 2560K, 0% used [0x00000000d6f00000,0x00000000d6f00000,0x00000000d7180000)
 ParOldGen       total 68608K, used 16883K [0x0000000080000000, 0x0000000084300000, 0x00000000d5580000)
  object space 68608K, 24% used [0x0000000080000000,0x000000008107cf98,0x0000000084300000)
 Metaspace       used 31749K, committed 32832K, reserved 1114112K
  class space    used 3194K, committed 3712K, reserved 1048576K
}
Event: 6.338 GC heap before
{Heap before GC invocations=13 (full 1):
 PSYoungGen      total 24576K, used 24286K [0x00000000d5580000, 0x00000000d7180000, 0x0000000100000000)
  eden space 22528K, 100% used [0x00000000d5580000,0x00000000d6b80000,0x00000000d6b80000)
  from space 2048K, 85% used [0x00000000d6c00000,0x00000000d6db7880,0x00000000d6e00000)
  to   space 2560K, 0% used [0x00000000d6f00000,0x00000000d6f00000,0x00000000d7180000)
 ParOldGen       total 68608K, used 16883K [0x0000000080000000, 0x0000000084300000, 0x00000000d5580000)
  object space 68608K, 24% used [0x0000000080000000,0x000000008107cf98,0x0000000084300000)
 Metaspace       used 34402K, committed 35456K, reserved 1114112K
  class space    used 3554K, committed 4032K, reserved 1048576K
}
Event: 6.340 GC heap after
{Heap after GC invocations=13 (full 1):
 PSYoungGen      total 24576K, used 2304K [0x00000000d5580000, 0x00000000d7180000, 0x0000000100000000)
  eden space 22016K, 0% used [0x00000000d5580000,0x00000000d5580000,0x00000000d6b00000)
  from space 2560K, 90% used [0x00000000d6f00000,0x00000000d7140000,0x00000000d7180000)
  to   space 2560K, 0% used [0x00000000d6c80000,0x00000000d6c80000,0x00000000d6f00000)
 ParOldGen       total 68608K, used 18051K [0x0000000080000000, 0x0000000084300000, 0x00000000d5580000)
  object space 68608K, 26% used [0x0000000080000000,0x00000000811a0f40,0x0000000084300000)
 Metaspace       used 34402K, committed 35456K, reserved 1114112K
  class space    used 3554K, committed 4032K, reserved 1048576K
}
Event: 6.368 GC heap before
{Heap before GC invocations=14 (full 1):
 PSYoungGen      total 24576K, used 5260K [0x00000000d5580000, 0x00000000d7180000, 0x0000000100000000)
  eden space 22016K, 13% used [0x00000000d5580000,0x00000000d58631a0,0x00000000d6b00000)
  from space 2560K, 90% used [0x00000000d6f00000,0x00000000d7140000,0x00000000d7180000)
  to   space 2560K, 0% used [0x00000000d6c80000,0x00000000d6c80000,0x00000000d6f00000)
 ParOldGen       total 68608K, used 18051K [0x0000000080000000, 0x0000000084300000, 0x00000000d5580000)
  object space 68608K, 26% used [0x0000000080000000,0x00000000811a0f40,0x0000000084300000)
 Metaspace       used 34776K, committed 35840K, reserved 1114112K
  class space    used 3600K, committed 4096K, reserved 1048576K
}
Event: 6.371 GC heap after
{Heap after GC invocations=14 (full 1):
 PSYoungGen      total 22528K, used 348K [0x00000000d5580000, 0x00000000d6f80000, 0x0000000100000000)
  eden space 22016K, 0% used [0x00000000d5580000,0x00000000d5580000,0x00000000d6b00000)
  from space 512K, 68% used [0x00000000d6c80000,0x00000000d6cd7208,0x00000000d6d00000)
  to   space 1536K, 0% used [0x00000000d6e00000,0x00000000d6e00000,0x00000000d6f80000)
 ParOldGen       total 68608K, used 20122K [0x0000000080000000, 0x0000000084300000, 0x00000000d5580000)
  object space 68608K, 29% used [0x0000000080000000,0x00000000813a6860,0x0000000084300000)
 Metaspace       used 34776K, committed 35840K, reserved 1114112K
  class space    used 3600K, committed 4096K, reserved 1048576K
}
Event: 6.371 GC heap before
{Heap before GC invocations=15 (full 2):
 PSYoungGen      total 22528K, used 348K [0x00000000d5580000, 0x00000000d6f80000, 0x0000000100000000)
  eden space 22016K, 0% used [0x00000000d5580000,0x00000000d5580000,0x00000000d6b00000)
  from space 512K, 68% used [0x00000000d6c80000,0x00000000d6cd7208,0x00000000d6d00000)
  to   space 1536K, 0% used [0x00000000d6e00000,0x00000000d6e00000,0x00000000d6f80000)
 ParOldGen       total 68608K, used 20122K [0x0000000080000000, 0x0000000084300000, 0x00000000d5580000)
  object space 68608K, 29% used [0x0000000080000000,0x00000000813a6860,0x0000000084300000)
 Metaspace       used 34776K, committed 35840K, reserved 1114112K
  class space    used 3600K, committed 4096K, reserved 1048576K
}
Event: 6.407 GC heap after
{Heap after GC invocations=15 (full 2):
 PSYoungGen      total 22528K, used 0K [0x00000000d5580000, 0x00000000d6f80000, 0x0000000100000000)
  eden space 22016K, 0% used [0x00000000d5580000,0x00000000d5580000,0x00000000d6b00000)
  from space 512K, 0% used [0x00000000d6c80000,0x00000000d6c80000,0x00000000d6d00000)
  to   space 1536K, 0% used [0x00000000d6e00000,0x00000000d6e00000,0x00000000d6f80000)
 ParOldGen       total 68608K, used 19407K [0x0000000080000000, 0x0000000084300000, 0x00000000d5580000)
  object space 68608K, 28% used [0x0000000080000000,0x00000000812f3e80,0x0000000084300000)
 Metaspace       used 34776K, committed 35840K, reserved 1114112K
  class space    used 3600K, committed 4096K, reserved 1048576K
}
Event: 6.787 GC heap before
{Heap before GC invocations=16 (full 2):
 PSYoungGen      total 22528K, used 22016K [0x00000000d5580000, 0x00000000d6f80000, 0x0000000100000000)
  eden space 22016K, 100% used [0x00000000d5580000,0x00000000d6b00000,0x00000000d6b00000)
  from space 512K, 0% used [0x00000000d6c80000,0x00000000d6c80000,0x00000000d6d00000)
  to   space 1536K, 0% used [0x00000000d6e00000,0x00000000d6e00000,0x00000000d6f80000)
 ParOldGen       total 68608K, used 19407K [0x0000000080000000, 0x0000000084300000, 0x00000000d5580000)
  object space 68608K, 28% used [0x0000000080000000,0x00000000812f3e80,0x0000000084300000)
 Metaspace       used 36718K, committed 37888K, reserved 1114112K
  class space    used 3865K, committed 4416K, reserved 1048576K
}
Event: 6.789 GC heap after
{Heap after GC invocations=16 (full 2):
 PSYoungGen      total 23552K, used 1117K [0x00000000d5580000, 0x00000000d6f80000, 0x0000000100000000)
  eden space 22016K, 0% used [0x00000000d5580000,0x00000000d5580000,0x00000000d6b00000)
  from space 1536K, 72% used [0x00000000d6e00000,0x00000000d6f17690,0x00000000d6f80000)
  to   space 1536K, 0% used [0x00000000d6c80000,0x00000000d6c80000,0x00000000d6e00000)
 ParOldGen       total 68608K, used 19415K [0x0000000080000000, 0x0000000084300000, 0x00000000d5580000)
  object space 68608K, 28% used [0x0000000080000000,0x00000000812f5e80,0x0000000084300000)
 Metaspace       used 36718K, committed 37888K, reserved 1114112K
  class space    used 3865K, committed 4416K, reserved 1048576K
}
Event: 7.122 GC heap before
{Heap before GC invocations=17 (full 2):
 PSYoungGen      total 23552K, used 23133K [0x00000000d5580000, 0x00000000d6f80000, 0x0000000100000000)
  eden space 22016K, 100% used [0x00000000d5580000,0x00000000d6b00000,0x00000000d6b00000)
  from space 1536K, 72% used [0x00000000d6e00000,0x00000000d6f17690,0x00000000d6f80000)
  to   space 1536K, 0% used [0x00000000d6c80000,0x00000000d6c80000,0x00000000d6e00000)
 ParOldGen       total 68608K, used 19415K [0x0000000080000000, 0x0000000084300000, 0x00000000d5580000)
  object space 68608K, 28% used [0x0000000080000000,0x00000000812f5e80,0x0000000084300000)
 Metaspace       used 38108K, committed 39296K, reserved 1114112K
  class space    used 4045K, committed 4608K, reserved 1048576K
}
Event: 7.123 GC heap after
{Heap after GC invocations=17 (full 2):
 PSYoungGen      total 23040K, used 608K [0x00000000d5580000, 0x00000000d6e80000, 0x0000000100000000)
  eden space 22016K, 0% used [0x00000000d5580000,0x00000000d5580000,0x00000000d6b00000)
  from space 1024K, 59% used [0x00000000d6c80000,0x00000000d6d18000,0x00000000d6d80000)
  to   space 1024K, 0% used [0x00000000d6d80000,0x00000000d6d80000,0x00000000d6e80000)
 ParOldGen       total 68608K, used 20279K [0x0000000080000000, 0x0000000084300000, 0x00000000d5580000)
  object space 68608K, 29% used [0x0000000080000000,0x00000000813cde90,0x0000000084300000)
 Metaspace       used 38108K, committed 39296K, reserved 1114112K
  class space    used 4045K, committed 4608K, reserved 1048576K
}
Event: 7.552 GC heap before
{Heap before GC invocations=18 (full 2):
 PSYoungGen      total 23040K, used 22624K [0x00000000d5580000, 0x00000000d6e80000, 0x0000000100000000)
  eden space 22016K, 100% used [0x00000000d5580000,0x00000000d6b00000,0x00000000d6b00000)
  from space 1024K, 59% used [0x00000000d6c80000,0x00000000d6d18000,0x00000000d6d80000)
  to   space 1024K, 0% used [0x00000000d6d80000,0x00000000d6d80000,0x00000000d6e80000)
 ParOldGen       total 68608K, used 20279K [0x0000000080000000, 0x0000000084300000, 0x00000000d5580000)
  object space 68608K, 29% used [0x0000000080000000,0x00000000813cde90,0x0000000084300000)
 Metaspace       used 40595K, committed 41792K, reserved 1114112K
  class space    used 4365K, committed 4928K, reserved 1048576K
}
Event: 7.554 GC heap after
{Heap after GC invocations=18 (full 2):
 PSYoungGen      total 23040K, used 1024K [0x00000000d5580000, 0x00000000d6f00000, 0x0000000100000000)
  eden space 22016K, 0% used [0x00000000d5580000,0x00000000d5580000,0x00000000d6b00000)
  from space 1024K, 100% used [0x00000000d6d80000,0x00000000d6e80000,0x00000000d6e80000)
  to   space 2048K, 0% used [0x00000000d6b00000,0x00000000d6b00000,0x00000000d6d00000)
 ParOldGen       total 68608K, used 20703K [0x0000000080000000, 0x0000000084300000, 0x00000000d5580000)
  object space 68608K, 30% used [0x0000000080000000,0x0000000081437e90,0x0000000084300000)
 Metaspace       used 40595K, committed 41792K, reserved 1114112K
  class space    used 4365K, committed 4928K, reserved 1048576K
}
Event: 11.316 GC heap before
{Heap before GC invocations=19 (full 2):
 PSYoungGen      total 23040K, used 23039K [0x00000000d5580000, 0x00000000d6f00000, 0x0000000100000000)
  eden space 22016K, 99% used [0x00000000d5580000,0x00000000d6affff8,0x00000000d6b00000)
  from space 1024K, 100% used [0x00000000d6d80000,0x00000000d6e80000,0x00000000d6e80000)
  to   space 2048K, 0% used [0x00000000d6b00000,0x00000000d6b00000,0x00000000d6d00000)
 ParOldGen       total 68608K, used 20703K [0x0000000080000000, 0x0000000084300000, 0x00000000d5580000)
  object space 68608K, 30% used [0x0000000080000000,0x0000000081437e90,0x0000000084300000)
 Metaspace       used 43114K, committed 44288K, reserved 1114112K
  class space    used 4710K, committed 5248K, reserved 1048576K
}
Event: 11.318 GC heap after
{Heap after GC invocations=19 (full 2):
 PSYoungGen      total 23552K, used 1408K [0x00000000d5580000, 0x00000000d6e00000, 0x0000000100000000)
  eden space 22016K, 0% used [0x00000000d5580000,0x00000000d5580000,0x00000000d6b00000)
  from space 1536K, 91% used [0x00000000d6b00000,0x00000000d6c60000,0x00000000d6c80000)
  to   space 1536K, 0% used [0x00000000d6c80000,0x00000000d6c80000,0x00000000d6e00000)
 ParOldGen       total 68608K, used 21526K [0x0000000080000000, 0x0000000084300000, 0x00000000d5580000)
  object space 68608K, 31% used [0x0000000080000000,0x0000000081505b90,0x0000000084300000)
 Metaspace       used 43114K, committed 44288K, reserved 1114112K
  class space    used 4710K, committed 5248K, reserved 1048576K
}

