# JRE version: OpenJDK Runtime Environment Temurin-21.0.11+10 (21.0.11+10) (build 21.0.11+10-LTS)
# Java VM: OpenJDK 64-Bit Server VM Temurin-21.0.11+10 (21.0.11+10-LTS, mixed mode, sharing, tiered, compressed oops, compressed class ptrs, parallel gc, windows-amd64)
GC Precious Log:
 CardTable entry size: 512
 CPUs: 8 total, 8 available
 Memory: 12055M
 Large Page Support: Disabled
 NUMA Support: Disabled
 Compressed Oops: Enabled (32-bit)
 Alignments: Space 512K, Generation 512K, Heap 2M
 Heap Min Capacity: 100M
 Heap Initial Capacity: 100M
 Heap Max Capacity: 2G
 Pre-touch: Disabled
 Parallel Workers: 8
Heap:
 PSYoungGen      total 5632K, used 1656K [0x00000000d5580000, 0x00000000d6080000, 0x0000000100000000)
  eden space 5120K, 27% used [0x00000000d5580000,0x00000000d56e6130,0x00000000d5a80000)
  from space 512K, 43% used [0x00000000d6000000,0x00000000d6038000,0x00000000d6080000)
  to   space 512K, 0% used [0x00000000d5f80000,0x00000000d5f80000,0x00000000d6000000)
 ParOldGen       total 93696K, used 93553K [0x0000000080000000, 0x0000000085b80000, 0x00000000d5580000)
  object space 93696K, 99% used [0x0000000080000000,0x0000000085b5c620,0x0000000085b80000)
 Metaspace       used 74808K, committed 76480K, reserved 1179648K
  class space    used 7630K, committed 8384K, reserved 1048576K
GC Heap History (20 events):
Event: 52.537 GC heap before
{Heap before GC invocations=84 (full 3):
 PSYoungGen      total 12288K, used 12192K [0x00000000d5580000, 0x00000000d6300000, 0x0000000100000000)
  eden space 11776K, 100% used [0x00000000d5580000,0x00000000d6100000,0x00000000d6100000)
  from space 512K, 81% used [0x00000000d6280000,0x00000000d62e8000,0x00000000d6300000)
  to   space 512K, 0% used [0x00000000d6200000,0x00000000d6200000,0x00000000d6280000)
 ParOldGen       total 87040K, used 86776K [0x0000000080000000, 0x0000000085500000, 0x00000000d5580000)
  object space 87040K, 99% used [0x0000000080000000,0x00000000854be3e0,0x0000000085500000)
 Metaspace       used 74577K, committed 76288K, reserved 1179648K
  class space    used 7625K, committed 8384K, reserved 1048576K
}
Event: 52.538 GC heap after
{Heap after GC invocations=84 (full 3):
 PSYoungGen      total 12288K, used 512K [0x00000000d5580000, 0x00000000d6300000, 0x0000000100000000)
  eden space 11776K, 0% used [0x00000000d5580000,0x00000000d5580000,0x00000000d6100000)
  from space 512K, 100% used [0x00000000d6200000,0x00000000d6280000,0x00000000d6280000)
  to   space 512K, 0% used [0x00000000d6280000,0x00000000d6280000,0x00000000d6300000)
 ParOldGen       total 87040K, used 86816K [0x0000000080000000, 0x0000000085500000, 0x00000000d5580000)
  object space 87040K, 99% used [0x0000000080000000,0x00000000854c83e0,0x0000000085500000)
 Metaspace       used 74577K, committed 76288K, reserved 1179648K
  class space    used 7625K, committed 8384K, reserved 1048576K
}
Event: 53.610 GC heap before
{Heap before GC invocations=85 (full 3):
 PSYoungGen      total 12288K, used 12288K [0x00000000d5580000, 0x00000000d6300000, 0x0000000100000000)
  eden space 11776K, 100% used [0x00000000d5580000,0x00000000d6100000,0x00000000d6100000)
  from space 512K, 100% used [0x00000000d6200000,0x00000000d6280000,0x00000000d6280000)
  to   space 512K, 0% used [0x00000000d6280000,0x00000000d6280000,0x00000000d6300000)
 ParOldGen       total 87040K, used 86816K [0x0000000080000000, 0x0000000085500000, 0x00000000d5580000)
  object space 87040K, 99% used [0x0000000080000000,0x00000000854c83e0,0x0000000085500000)
 Metaspace       used 74662K, committed 76352K, reserved 1179648K
  class space    used 7628K, committed 8384K, reserved 1048576K
}
Event: 53.611 GC heap after
{Heap after GC invocations=85 (full 3):
 PSYoungGen      total 12288K, used 224K [0x00000000d5580000, 0x00000000d6300000, 0x0000000100000000)
  eden space 11776K, 0% used [0x00000000d5580000,0x00000000d5580000,0x00000000d6100000)
  from space 512K, 43% used [0x00000000d6280000,0x00000000d62b8000,0x00000000d6300000)
  to   space 512K, 0% used [0x00000000d6200000,0x00000000d6200000,0x00000000d6280000)
 ParOldGen       total 87040K, used 86848K [0x0000000080000000, 0x0000000085500000, 0x00000000d5580000)
  object space 87040K, 99% used [0x0000000080000000,0x00000000854d03e0,0x0000000085500000)
 Metaspace       used 74662K, committed 76352K, reserved 1179648K
  class space    used 7628K, committed 8384K, reserved 1048576K
}
Event: 54.209 GC heap before
{Heap before GC invocations=86 (full 3):
 PSYoungGen      total 12288K, used 12000K [0x00000000d5580000, 0x00000000d6300000, 0x0000000100000000)
  eden space 11776K, 100% used [0x00000000d5580000,0x00000000d6100000,0x00000000d6100000)
  from space 512K, 43% used [0x00000000d6280000,0x00000000d62b8000,0x00000000d6300000)
  to   space 512K, 0% used [0x00000000d6200000,0x00000000d6200000,0x00000000d6280000)
 ParOldGen       total 87040K, used 86848K [0x0000000080000000, 0x0000000085500000, 0x00000000d5580000)
  object space 87040K, 99% used [0x0000000080000000,0x00000000854d03e0,0x0000000085500000)
 Metaspace       used 74684K, committed 76416K, reserved 1179648K
  class space    used 7628K, committed 8384K, reserved 1048576K
}
Event: 54.210 GC heap after
{Heap after GC invocations=86 (full 3):
 PSYoungGen      total 12288K, used 512K [0x00000000d5580000, 0x00000000d6300000, 0x0000000100000000)
  eden space 11776K, 0% used [0x00000000d5580000,0x00000000d5580000,0x00000000d6100000)
  from space 512K, 100% used [0x00000000d6200000,0x00000000d6280000,0x00000000d6280000)
  to   space 512K, 0% used [0x00000000d6280000,0x00000000d6280000,0x00000000d6300000)
 ParOldGen       total 87040K, used 87024K [0x0000000080000000, 0x0000000085500000, 0x00000000d5580000)
  object space 87040K, 99% used [0x0000000080000000,0x00000000854fc3e0,0x0000000085500000)
 Metaspace       used 74684K, committed 76416K, reserved 1179648K
  class space    used 7628K, committed 8384K, reserved 1048576K
}
Event: 55.451 GC heap before
{Heap before GC invocations=87 (full 3):
 PSYoungGen      total 12288K, used 12287K [0x00000000d5580000, 0x00000000d6300000, 0x0000000100000000)
  eden space 11776K, 99% used [0x00000000d5580000,0x00000000d60fffc0,0x00000000d6100000)
  from space 512K, 100% used [0x00000000d6200000,0x00000000d6280000,0x00000000d6280000)
  to   space 512K, 0% used [0x00000000d6280000,0x00000000d6280000,0x00000000d6300000)
 ParOldGen       total 87040K, used 87024K [0x0000000080000000, 0x0000000085500000, 0x00000000d5580000)
  object space 87040K, 99% used [0x0000000080000000,0x00000000854fc3e0,0x0000000085500000)
 Metaspace       used 74714K, committed 76416K, reserved 1179648K
  class space    used 7629K, committed 8384K, reserved 1048576K
}
Event: 55.452 GC heap after
{Heap after GC invocations=87 (full 3):
 PSYoungGen      total 12288K, used 512K [0x00000000d5580000, 0x00000000d6400000, 0x0000000100000000)
  eden space 11776K, 0% used [0x00000000d5580000,0x00000000d5580000,0x00000000d6100000)
  from space 512K, 100% used [0x00000000d6280000,0x00000000d6300000,0x00000000d6300000)
  to   space 1536K, 0% used [0x00000000d6100000,0x00000000d6100000,0x00000000d6280000)
 ParOldGen       total 88064K, used 87638K [0x0000000080000000, 0x0000000085600000, 0x00000000d5580000)
  object space 88064K, 99% used [0x0000000080000000,0x0000000085595870,0x0000000085600000)
 Metaspace       used 74714K, committed 76416K, reserved 1179648K
  class space    used 7629K, committed 8384K, reserved 1048576K
}
Event: 56.733 GC heap before
{Heap before GC invocations=88 (full 3):
 PSYoungGen      total 12288K, used 12288K [0x00000000d5580000, 0x00000000d6400000, 0x0000000100000000)
  eden space 11776K, 100% used [0x00000000d5580000,0x00000000d6100000,0x00000000d6100000)
  from space 512K, 100% used [0x00000000d6280000,0x00000000d6300000,0x00000000d6300000)
  to   space 1536K, 0% used [0x00000000d6100000,0x00000000d6100000,0x00000000d6280000)
 ParOldGen       total 88064K, used 87638K [0x0000000080000000, 0x0000000085600000, 0x00000000d5580000)
  object space 88064K, 99% used [0x0000000080000000,0x0000000085595870,0x0000000085600000)
 Metaspace       used 74747K, committed 76416K, reserved 1179648K
  class space    used 7629K, committed 8384K, reserved 1048576K
}
Event: 56.734 GC heap after
{Heap after GC invocations=88 (full 3):
 PSYoungGen      total 13312K, used 1184K [0x00000000d5580000, 0x00000000d6400000, 0x0000000100000000)
  eden space 11776K, 0% used [0x00000000d5580000,0x00000000d5580000,0x00000000d6100000)
  from space 1536K, 77% used [0x00000000d6100000,0x00000000d6228000,0x00000000d6280000)
  to   space 1536K, 0% used [0x00000000d6280000,0x00000000d6280000,0x00000000d6400000)
 ParOldGen       total 88576K, used 88067K [0x0000000080000000, 0x0000000085680000, 0x00000000d5580000)
  object space 88576K, 99% used [0x0000000080000000,0x0000000085600d00,0x0000000085680000)
 Metaspace       used 74747K, committed 76416K, reserved 1179648K
  class space    used 7629K, committed 8384K, reserved 1048576K
}
Event: 57.360 GC heap before
{Heap before GC invocations=89 (full 3):
 PSYoungGen      total 13312K, used 12959K [0x00000000d5580000, 0x00000000d6400000, 0x0000000100000000)
  eden space 11776K, 99% used [0x00000000d5580000,0x00000000d60ffff8,0x00000000d6100000)
  from space 1536K, 77% used [0x00000000d6100000,0x00000000d6228000,0x00000000d6280000)
  to   space 1536K, 0% used [0x00000000d6280000,0x00000000d6280000,0x00000000d6400000)
 ParOldGen       total 88576K, used 88067K [0x0000000080000000, 0x0000000085680000, 0x00000000d5580000)
  object space 88576K, 99% used [0x0000000080000000,0x0000000085600d00,0x0000000085680000)
 Metaspace       used 74760K, committed 76480K, reserved 1179648K
  class space    used 7629K, committed 8384K, reserved 1048576K
}
Event: 57.363 GC heap after
{Heap after GC invocations=89 (full 3):
 PSYoungGen      total 6656K, used 1515K [0x00000000d5580000, 0x00000000d7100000, 0x0000000100000000)
  eden space 5120K, 0% used [0x00000000d5580000,0x00000000d5580000,0x00000000d5a80000)
  from space 1536K, 98% used [0x00000000d6280000,0x00000000d63fafe0,0x00000000d6400000)
  to   space 8192K, 0% used [0x00000000d5a80000,0x00000000d5a80000,0x00000000d6280000)
 ParOldGen       total 93696K, used 93289K [0x0000000080000000, 0x0000000085b80000, 0x00000000d5580000)
  object space 93696K, 99% used [0x0000000080000000,0x0000000085b1a620,0x0000000085b80000)
 Metaspace       used 74760K, committed 76480K, reserved 1179648K
  class space    used 7629K, committed 8384K, reserved 1048576K
}
Event: 57.410 GC heap before
{Heap before GC invocations=90 (full 3):
 PSYoungGen      total 6656K, used 6635K [0x00000000d5580000, 0x00000000d7100000, 0x0000000100000000)
  eden space 5120K, 100% used [0x00000000d5580000,0x00000000d5a80000,0x00000000d5a80000)
  from space 1536K, 98% used [0x00000000d6280000,0x00000000d63fafe0,0x00000000d6400000)
  to   space 8192K, 0% used [0x00000000d5a80000,0x00000000d5a80000,0x00000000d6280000)
 ParOldGen       total 93696K, used 93289K [0x0000000080000000, 0x0000000085b80000, 0x00000000d5580000)
  object space 93696K, 99% used [0x0000000080000000,0x0000000085b1a620,0x0000000085b80000)
 Metaspace       used 74761K, committed 76480K, reserved 1179648K
  class space    used 7629K, committed 8384K, reserved 1048576K
}
Event: 57.411 GC heap after
{Heap after GC invocations=90 (full 3):
 PSYoungGen      total 5632K, used 224K [0x00000000d5580000, 0x00000000d6300000, 0x0000000100000000)
  eden space 5120K, 0% used [0x00000000d5580000,0x00000000d5580000,0x00000000d5a80000)
  from space 512K, 43% used [0x00000000d5a80000,0x00000000d5ab8000,0x00000000d5b00000)
  to   space 3072K, 0% used [0x00000000d6000000,0x00000000d6000000,0x00000000d6300000)
 ParOldGen       total 93696K, used 93345K [0x0000000080000000, 0x0000000085b80000, 0x00000000d5580000)
  object space 93696K, 99% used [0x0000000080000000,0x0000000085b28620,0x0000000085b80000)
 Metaspace       used 74761K, committed 76480K, reserved 1179648K
  class space    used 7629K, committed 8384K, reserved 1048576K
}
Event: 57.757 GC heap before
{Heap before GC invocations=91 (full 3):
 PSYoungGen      total 5632K, used 5344K [0x00000000d5580000, 0x00000000d6300000, 0x0000000100000000)
  eden space 5120K, 100% used [0x00000000d5580000,0x00000000d5a80000,0x00000000d5a80000)
  from space 512K, 43% used [0x00000000d5a80000,0x00000000d5ab8000,0x00000000d5b00000)
  to   space 3072K, 0% used [0x00000000d6000000,0x00000000d6000000,0x00000000d6300000)
 ParOldGen       total 93696K, used 93345K [0x0000000080000000, 0x0000000085b80000, 0x00000000d5580000)
  object space 93696K, 99% used [0x0000000080000000,0x0000000085b28620,0x0000000085b80000)
 Metaspace       used 74773K, committed 76480K, reserved 1179648K
  class space    used 7630K, committed 8384K, reserved 1048576K
}
Event: 57.758 GC heap after
{Heap after GC invocations=91 (full 3):
 PSYoungGen      total 5632K, used 320K [0x00000000d5580000, 0x00000000d6080000, 0x0000000100000000)
  eden space 5120K, 0% used [0x00000000d5580000,0x00000000d5580000,0x00000000d5a80000)
  from space 512K, 62% used [0x00000000d6000000,0x00000000d6050000,0x00000000d6080000)
  to   space 1024K, 0% used [0x00000000d5e80000,0x00000000d5e80000,0x00000000d5f80000)
 ParOldGen       total 93696K, used 93425K [0x0000000080000000, 0x0000000085b80000, 0x00000000d5580000)
  object space 93696K, 99% used [0x0000000080000000,0x0000000085b3c620,0x0000000085b80000)
 Metaspace       used 74773K, committed 76480K, reserved 1179648K
  class space    used 7630K, committed 8384K, reserved 1048576K
}
Event: 58.391 GC heap before
{Heap before GC invocations=92 (full 3):
 PSYoungGen      total 5632K, used 5440K [0x00000000d5580000, 0x00000000d6080000, 0x0000000100000000)
  eden space 5120K, 100% used [0x00000000d5580000,0x00000000d5a80000,0x00000000d5a80000)
  from space 512K, 62% used [0x00000000d6000000,0x00000000d6050000,0x00000000d6080000)
  to   space 1024K, 0% used [0x00000000d5e80000,0x00000000d5e80000,0x00000000d5f80000)
 ParOldGen       total 93696K, used 93425K [0x0000000080000000, 0x0000000085b80000, 0x00000000d5580000)
  object space 93696K, 99% used [0x0000000080000000,0x0000000085b3c620,0x0000000085b80000)
 Metaspace       used 74778K, committed 76480K, reserved 1179648K
  class space    used 7630K, committed 8384K, reserved 1048576K
}
Event: 58.391 GC heap after
{Heap after GC invocations=92 (full 3):
 PSYoungGen      total 6144K, used 224K [0x00000000d5580000, 0x00000000d6080000, 0x0000000100000000)
  eden space 5120K, 0% used [0x00000000d5580000,0x00000000d5580000,0x00000000d5a80000)
  from space 1024K, 21% used [0x00000000d5e80000,0x00000000d5eb8000,0x00000000d5f80000)
  to   space 512K, 0% used [0x00000000d6000000,0x00000000d6000000,0x00000000d6080000)
 ParOldGen       total 93696K, used 93505K [0x0000000080000000, 0x0000000085b80000, 0x00000000d5580000)
  object space 93696K, 99% used [0x0000000080000000,0x0000000085b50620,0x0000000085b80000)
 Metaspace       used 74778K, committed 76480K, reserved 1179648K
  class space    used 7630K, committed 8384K, reserved 1048576K
}
Event: 64.861 GC heap before
{Heap before GC invocations=93 (full 3):
 PSYoungGen      total 6144K, used 5344K [0x00000000d5580000, 0x00000000d6080000, 0x0000000100000000)
  eden space 5120K, 100% used [0x00000000d5580000,0x00000000d5a80000,0x00000000d5a80000)
  from space 1024K, 21% used [0x00000000d5e80000,0x00000000d5eb8000,0x00000000d5f80000)
  to   space 512K, 0% used [0x00000000d6000000,0x00000000d6000000,0x00000000d6080000)
 ParOldGen       total 93696K, used 93505K [0x0000000080000000, 0x0000000085b80000, 0x00000000d5580000)
  object space 93696K, 99% used [0x0000000080000000,0x0000000085b50620,0x0000000085b80000)
 Metaspace       used 74802K, committed 76480K, reserved 1179648K
  class space    used 7630K, committed 8384K, reserved 1048576K
}
Event: 64.862 GC heap after
{Heap after GC invocations=93 (full 3):
 PSYoungGen      total 5632K, used 224K [0x00000000d5580000, 0x00000000d6080000, 0x0000000100000000)
  eden space 5120K, 0% used [0x00000000d5580000,0x00000000d5580000,0x00000000d5a80000)
  from space 512K, 43% used [0x00000000d6000000,0x00000000d6038000,0x00000000d6080000)
  to   space 512K, 0% used [0x00000000d5f80000,0x00000000d5f80000,0x00000000d6000000)
 ParOldGen       total 93696K, used 93553K [0x0000000080000000, 0x0000000085b80000, 0x00000000d5580000)
  object space 93696K, 99% used [0x0000000080000000,0x0000000085b5c620,0x0000000085b80000)
 Metaspace       used 74802K, committed 76480K, reserved 1179648K
  class space    used 7630K, committed 8384K, reserved 1048576K
}

